[0.546s] Invoking command in '/home/kirill/ROS/ex05/build/robot_bringup': CMAKE_PREFIX_PATH=${CMAKE_PREFIX_PATH}:/home/kirill/ros2_ws/install/mizkus:/opt/ros/humble /usr/bin/cmake --build /home/kirill/ROS/ex05/build/robot_bringup -- -j8 -l8
[0.602s] -- Found ament_cmake: 1.3.10 (/opt/ros/humble/share/ament_cmake/cmake)
[0.910s] -- Found ament_lint_auto: 0.12.11 (/opt/ros/humble/share/ament_lint_auto/cmake)
[1.071s] -- Configuring done
[1.085s] -- Generating done
[1.089s] -- Build files have been written to: /home/kirill/ROS/ex05/build/robot_bringup
[1.139s] Invoked command in '/home/kirill/ROS/ex05/build/robot_bringup' returned '0': CMAKE_PREFIX_PATH=${CMAKE_PREFIX_PATH}:/home/kirill/ros2_ws/install/mizkus:/opt/ros/humble /usr/bin/cmake --build /home/kirill/ROS/ex05/build/robot_bringup -- -j8 -l8
[1.208s] Invoking command in '/home/kirill/ROS/ex05/build/robot_bringup': CMAKE_PREFIX_PATH=${CMAKE_PREFIX_PATH}:/home/kirill/ros2_ws/install/mizkus:/opt/ros/humble /usr/bin/cmake --install /home/kirill/ROS/ex05/build/robot_bringup
[1.224s] -- Install configuration: ""
[1.224s] -- Up-to-date: /home/kirill/ROS/ex05/install/robot_bringup/share/robot_bringup/launch
[1.232s] -- Up-to-date: /home/kirill/ROS/ex05/install/robot_bringup/share/robot_bringup/launch/circle_movement.launch.py
[1.232s] -- Installing: /home/kirill/ROS/ex05/install/robot_bringup/share/robot_bringup/launch/diff_drive.launch.py
[1.233s] -- Up-to-date: /home/kirill/ROS/ex05/install/robot_bringup/share/robot_bringup/config
[1.234s] -- Up-to-date: /home/kirill/ROS/ex05/install/robot_bringup/share/robot_bringup/config/diff_drive.rviz
[1.234s] -- Up-to-date: /home/kirill/ROS/ex05/install/robot_bringup/share/robot_bringup/config/robot_bridge.yaml
[1.235s] -- Up-to-date: /home/kirill/ROS/ex05/install/robot_bringup/share/ament_index/resource_index/package_run_dependencies/robot_bringup
[1.236s] -- Installing: /home/kirill/ROS/ex05/install/robot_bringup/share/ament_index/resource_index/parent_prefix_path/robot_bringup
[1.236s] -- Installing: /home/kirill/ROS/ex05/install/robot_bringup/share/robot_bringup/environment/ament_prefix_path.sh
[1.237s] -- Installing: /home/kirill/ROS/ex05/install/robot_bringup/share/robot_bringup/environment/ament_prefix_path.dsv
[1.237s] -- Installing: /home/kirill/ROS/ex05/install/robot_bringup/share/robot_bringup/environment/path.sh
[1.239s] -- Installing: /home/kirill/ROS/ex05/install/robot_bringup/share/robot_bringup/environment/path.dsv
[1.239s] -- Up-to-date: /home/kirill/ROS/ex05/install/robot_bringup/share/robot_bringup/local_setup.bash
[1.239s] -- Up-to-date: /home/kirill/ROS/ex05/install/robot_bringup/share/robot_bringup/local_setup.sh
[1.239s] -- Up-to-date: /home/kirill/ROS/ex05/install/robot_bringup/share/robot_bringup/local_setup.zsh
[1.240s] -- Installing: /home/kirill/ROS/ex05/install/robot_bringup/share/robot_bringup/local_setup.dsv
[1.240s] -- Installing: /home/kirill/ROS/ex05/install/robot_bringup/share/robot_bringup/package.dsv
[1.241s] -- Up-to-date: /home/kirill/ROS/ex05/install/robot_bringup/share/ament_index/resource_index/packages/robot_bringup
[1.242s] -- Up-to-date: /home/kirill/ROS/ex05/install/robot_bringup/share/robot_bringup/cmake/robot_bringupConfig.cmake
[1.243s] -- Up-to-date: /home/kirill/ROS/ex05/install/robot_bringup/share/robot_bringup/cmake/robot_bringupConfig-version.cmake
[1.244s] -- Installing: /home/kirill/ROS/ex05/install/robot_bringup/share/robot_bringup/package.xml
[1.275s] Invoked command in '/home/kirill/ROS/ex05/build/robot_bringup' returned '0': CMAKE_PREFIX_PATH=${CMAKE_PREFIX_PATH}:/home/kirill/ros2_ws/install/mizkus:/opt/ros/humble /usr/bin/cmake --install /home/kirill/ROS/ex05/build/robot_bringup
