[0.216s] DEBUG:colcon:Command line arguments: ['/usr/bin/colcon', 'build', '--packages-select', 'robot_bringup', 'robot_description', 'movement_circle']
[0.217s] DEBUG:colcon:Parsed command line arguments: Namespace(log_base=None, log_level=None, verb_name='build', build_base='build', install_base='install', merge_install=False, symlink_install=False, test_result_base=None, continue_on_error=False, executor='parallel', parallel_workers=8, event_handlers=None, ignore_user_meta=False, metas=['./colcon.meta'], base_paths=['.'], packages_ignore=None, packages_ignore_regex=None, paths=None, packages_up_to=None, packages_up_to_regex=None, packages_above=None, packages_above_and_dependencies=None, packages_above_depth=None, packages_select_by_dep=None, packages_skip_by_dep=None, packages_skip_up_to=None, packages_select_build_failed=False, packages_skip_build_finished=False, packages_select_test_failures=False, packages_skip_test_passed=False, packages_select=['robot_bringup', 'robot_description', 'movement_circle'], packages_skip=None, packages_select_regex=None, packages_skip_regex=None, packages_start=None, packages_end=None, allow_overriding=[], cmake_args=None, cmake_target=None, cmake_target_skip_unavailable=False, cmake_clean_cache=False, cmake_clean_first=False, cmake_force_configure=False, ament_cmake_args=None, catkin_cmake_args=None, catkin_skip_building_tests=False, mixin_files=None, mixin=None, verb_parser=<colcon_mixin.mixin.mixin_argument.MixinArgumentDecorator object at 0x7b3188b3b220>, verb_extension=<colcon_core.verb.build.BuildVerb object at 0x7b3188b3ab30>, main=<bound method BuildVerb.main of <colcon_core.verb.build.BuildVerb object at 0x7b3188b3ab30>>, mixin_verb=('build',))
[0.530s] Level 1:colcon.colcon_core.package_discovery:discover_packages(colcon_meta) check parameters
[0.530s] Level 1:colcon.colcon_core.package_discovery:discover_packages(recursive) check parameters
[0.530s] Level 1:colcon.colcon_core.package_discovery:discover_packages(ignore) check parameters
[0.530s] Level 1:colcon.colcon_core.package_discovery:discover_packages(path) check parameters
[0.530s] Level 1:colcon.colcon_core.package_discovery:discover_packages(colcon_meta) discover
[0.530s] Level 1:colcon.colcon_core.package_discovery:discover_packages(recursive) discover
[0.530s] INFO:colcon.colcon_core.package_discovery:Crawling recursively for packages in '/home/kirill/ROS/ex05'
[0.531s] Level 1:colcon.colcon_core.package_identification:_identify(.) by extensions ['ignore', 'ignore_ament_install']
[0.531s] Level 1:colcon.colcon_core.package_identification:_identify(.) by extension 'ignore'
[0.531s] Level 1:colcon.colcon_core.package_identification:_identify(.) by extension 'ignore_ament_install'
[0.531s] Level 1:colcon.colcon_core.package_identification:_identify(.) by extensions ['colcon_pkg']
[0.531s] Level 1:colcon.colcon_core.package_identification:_identify(.) by extension 'colcon_pkg'
[0.531s] Level 1:colcon.colcon_core.package_identification:_identify(.) by extensions ['colcon_meta']
[0.531s] Level 1:colcon.colcon_core.package_identification:_identify(.) by extension 'colcon_meta'
[0.531s] Level 1:colcon.colcon_core.package_identification:_identify(.) by extensions ['ros']
[0.531s] Level 1:colcon.colcon_core.package_identification:_identify(.) by extension 'ros'
[0.549s] Level 1:colcon.colcon_core.package_identification:_identify(.) by extensions ['cmake', 'python']
[0.549s] Level 1:colcon.colcon_core.package_identification:_identify(.) by extension 'cmake'
[0.549s] Level 1:colcon.colcon_core.package_identification:_identify(.) by extension 'python'
[0.549s] Level 1:colcon.colcon_core.package_identification:_identify(.) by extensions ['python_setup_py']
[0.549s] Level 1:colcon.colcon_core.package_identification:_identify(.) by extension 'python_setup_py'
[0.550s] Level 1:colcon.colcon_core.package_identification:_identify(build) by extensions ['ignore', 'ignore_ament_install']
[0.550s] Level 1:colcon.colcon_core.package_identification:_identify(build) by extension 'ignore'
[0.550s] Level 1:colcon.colcon_core.package_identification:_identify(build) ignored
[0.550s] Level 1:colcon.colcon_core.package_identification:_identify(install) by extensions ['ignore', 'ignore_ament_install']
[0.550s] Level 1:colcon.colcon_core.package_identification:_identify(install) by extension 'ignore'
[0.550s] Level 1:colcon.colcon_core.package_identification:_identify(install) ignored
[0.550s] Level 1:colcon.colcon_core.package_identification:_identify(log) by extensions ['ignore', 'ignore_ament_install']
[0.551s] Level 1:colcon.colcon_core.package_identification:_identify(log) by extension 'ignore'
[0.551s] Level 1:colcon.colcon_core.package_identification:_identify(log) ignored
[0.551s] Level 1:colcon.colcon_core.package_identification:_identify(movement_circle) by extensions ['ignore', 'ignore_ament_install']
[0.551s] Level 1:colcon.colcon_core.package_identification:_identify(movement_circle) by extension 'ignore'
[0.551s] Level 1:colcon.colcon_core.package_identification:_identify(movement_circle) by extension 'ignore_ament_install'
[0.551s] Level 1:colcon.colcon_core.package_identification:_identify(movement_circle) by extensions ['colcon_pkg']
[0.551s] Level 1:colcon.colcon_core.package_identification:_identify(movement_circle) by extension 'colcon_pkg'
[0.551s] Level 1:colcon.colcon_core.package_identification:_identify(movement_circle) by extensions ['colcon_meta']
[0.551s] Level 1:colcon.colcon_core.package_identification:_identify(movement_circle) by extension 'colcon_meta'
[0.551s] Level 1:colcon.colcon_core.package_identification:_identify(movement_circle) by extensions ['ros']
[0.551s] Level 1:colcon.colcon_core.package_identification:_identify(movement_circle) by extension 'ros'
[0.555s] DEBUG:colcon.colcon_core.package_identification:Package 'movement_circle' with type 'ros.ament_python' and name 'movement_circle'
[0.556s] Level 1:colcon.colcon_core.package_identification:_identify(robot_bringup) by extensions ['ignore', 'ignore_ament_install']
[0.556s] Level 1:colcon.colcon_core.package_identification:_identify(robot_bringup) by extension 'ignore'
[0.556s] Level 1:colcon.colcon_core.package_identification:_identify(robot_bringup) by extension 'ignore_ament_install'
[0.556s] Level 1:colcon.colcon_core.package_identification:_identify(robot_bringup) by extensions ['colcon_pkg']
[0.556s] Level 1:colcon.colcon_core.package_identification:_identify(robot_bringup) by extension 'colcon_pkg'
[0.556s] Level 1:colcon.colcon_core.package_identification:_identify(robot_bringup) by extensions ['colcon_meta']
[0.556s] Level 1:colcon.colcon_core.package_identification:_identify(robot_bringup) by extension 'colcon_meta'
[0.556s] Level 1:colcon.colcon_core.package_identification:_identify(robot_bringup) by extensions ['ros']
[0.556s] Level 1:colcon.colcon_core.package_identification:_identify(robot_bringup) by extension 'ros'
[0.567s] DEBUG:colcon.colcon_core.package_identification:Package 'robot_bringup' with type 'ros.ament_cmake' and name 'robot_bringup'
[0.567s] Level 1:colcon.colcon_core.package_identification:_identify(robot_description) by extensions ['ignore', 'ignore_ament_install']
[0.567s] Level 1:colcon.colcon_core.package_identification:_identify(robot_description) by extension 'ignore'
[0.568s] Level 1:colcon.colcon_core.package_identification:_identify(robot_description) by extension 'ignore_ament_install'
[0.568s] Level 1:colcon.colcon_core.package_identification:_identify(robot_description) by extensions ['colcon_pkg']
[0.568s] Level 1:colcon.colcon_core.package_identification:_identify(robot_description) by extension 'colcon_pkg'
[0.568s] Level 1:colcon.colcon_core.package_identification:_identify(robot_description) by extensions ['colcon_meta']
[0.568s] Level 1:colcon.colcon_core.package_identification:_identify(robot_description) by extension 'colcon_meta'
[0.568s] Level 1:colcon.colcon_core.package_identification:_identify(robot_description) by extensions ['ros']
[0.568s] Level 1:colcon.colcon_core.package_identification:_identify(robot_description) by extension 'ros'
[0.569s] DEBUG:colcon.colcon_core.package_identification:Package 'robot_description' with type 'ros.ament_cmake' and name 'robot_description'
[0.569s] Level 1:colcon.colcon_core.package_discovery:discover_packages(recursive) using defaults
[0.569s] Level 1:colcon.colcon_core.package_discovery:discover_packages(ignore) discover
[0.569s] Level 1:colcon.colcon_core.package_discovery:discover_packages(ignore) using defaults
[0.569s] Level 1:colcon.colcon_core.package_discovery:discover_packages(path) discover
[0.569s] Level 1:colcon.colcon_core.package_discovery:discover_packages(path) using defaults
[0.624s] Level 1:colcon.colcon_core.package_discovery:discover_packages(prefix_path) check parameters
[0.624s] Level 1:colcon.colcon_core.package_discovery:discover_packages(prefix_path) discover
[0.626s] WARNING:colcon.colcon_core.prefix_path.colcon:The path '/home/kirill/ROS/ex04/install' in the environment variable COLCON_PREFIX_PATH doesn't exist
[0.626s] WARNING:colcon.colcon_ros.prefix_path.ament:The path '/home/kirill/ROS/ex04/install/robot_description' in the environment variable AMENT_PREFIX_PATH doesn't exist
[0.626s] WARNING:colcon.colcon_ros.prefix_path.ament:The path '/home/kirill/ROS/ex04/install/robot_bringup' in the environment variable AMENT_PREFIX_PATH doesn't exist
[0.626s] WARNING:colcon.colcon_ros.prefix_path.ament:The path '/home/kirill/ROS/ex04/install/movement_circle' in the environment variable AMENT_PREFIX_PATH doesn't exist
[0.627s] WARNING:colcon.colcon_ros.prefix_path.catkin:The path '/home/kirill/ROS/ex04/install/robot_description' in the environment variable CMAKE_PREFIX_PATH doesn't exist
[0.627s] WARNING:colcon.colcon_ros.prefix_path.catkin:The path '/home/kirill/ROS/ex04/install/robot_bringup' in the environment variable CMAKE_PREFIX_PATH doesn't exist
[0.628s] DEBUG:colcon.colcon_installed_package_information.package_discovery:Found 3 installed packages in /home/kirill/ROS/ex03/install
[0.629s] DEBUG:colcon.colcon_installed_package_information.package_discovery:Found 2 installed packages in /home/kirill/ros2_ws/install
[0.633s] DEBUG:colcon.colcon_installed_package_information.package_discovery:Found 296 installed packages in /opt/ros/humble
[0.636s] Level 1:colcon.colcon_core.package_discovery:discover_packages(prefix_path) using defaults
[0.709s] Level 5:colcon.colcon_core.verb:set package 'movement_circle' build argument 'cmake_args' from command line to 'None'
[0.709s] Level 5:colcon.colcon_core.verb:set package 'movement_circle' build argument 'cmake_target' from command line to 'None'
[0.709s] Level 5:colcon.colcon_core.verb:set package 'movement_circle' build argument 'cmake_target_skip_unavailable' from command line to 'False'
[0.709s] Level 5:colcon.colcon_core.verb:set package 'movement_circle' build argument 'cmake_clean_cache' from command line to 'False'
[0.709s] Level 5:colcon.colcon_core.verb:set package 'movement_circle' build argument 'cmake_clean_first' from command line to 'False'
[0.709s] Level 5:colcon.colcon_core.verb:set package 'movement_circle' build argument 'cmake_force_configure' from command line to 'False'
[0.709s] Level 5:colcon.colcon_core.verb:set package 'movement_circle' build argument 'ament_cmake_args' from command line to 'None'
[0.709s] Level 5:colcon.colcon_core.verb:set package 'movement_circle' build argument 'catkin_cmake_args' from command line to 'None'
[0.709s] Level 5:colcon.colcon_core.verb:set package 'movement_circle' build argument 'catkin_skip_building_tests' from command line to 'False'
[0.709s] DEBUG:colcon.colcon_core.verb:Building package 'movement_circle' with the following arguments: {'ament_cmake_args': None, 'build_base': '/home/kirill/ROS/ex05/build/movement_circle', 'catkin_cmake_args': None, 'catkin_skip_building_tests': False, 'cmake_args': None, 'cmake_clean_cache': False, 'cmake_clean_first': False, 'cmake_force_configure': False, 'cmake_target': None, 'cmake_target_skip_unavailable': False, 'install_base': '/home/kirill/ROS/ex05/install/movement_circle', 'merge_install': False, 'path': '/home/kirill/ROS/ex05/movement_circle', 'symlink_install': False, 'test_result_base': None}
[0.710s] Level 5:colcon.colcon_core.verb:set package 'robot_bringup' build argument 'cmake_args' from command line to 'None'
[0.710s] Level 5:colcon.colcon_core.verb:set package 'robot_bringup' build argument 'cmake_target' from command line to 'None'
[0.710s] Level 5:colcon.colcon_core.verb:set package 'robot_bringup' build argument 'cmake_target_skip_unavailable' from command line to 'False'
[0.710s] Level 5:colcon.colcon_core.verb:set package 'robot_bringup' build argument 'cmake_clean_cache' from command line to 'False'
[0.710s] Level 5:colcon.colcon_core.verb:set package 'robot_bringup' build argument 'cmake_clean_first' from command line to 'False'
[0.710s] Level 5:colcon.colcon_core.verb:set package 'robot_bringup' build argument 'cmake_force_configure' from command line to 'False'
[0.710s] Level 5:colcon.colcon_core.verb:set package 'robot_bringup' build argument 'ament_cmake_args' from command line to 'None'
[0.710s] Level 5:colcon.colcon_core.verb:set package 'robot_bringup' build argument 'catkin_cmake_args' from command line to 'None'
[0.710s] Level 5:colcon.colcon_core.verb:set package 'robot_bringup' build argument 'catkin_skip_building_tests' from command line to 'False'
[0.710s] DEBUG:colcon.colcon_core.verb:Building package 'robot_bringup' with the following arguments: {'ament_cmake_args': None, 'build_base': '/home/kirill/ROS/ex05/build/robot_bringup', 'catkin_cmake_args': None, 'catkin_skip_building_tests': False, 'cmake_args': None, 'cmake_clean_cache': False, 'cmake_clean_first': False, 'cmake_force_configure': False, 'cmake_target': None, 'cmake_target_skip_unavailable': False, 'install_base': '/home/kirill/ROS/ex05/install/robot_bringup', 'merge_install': False, 'path': '/home/kirill/ROS/ex05/robot_bringup', 'symlink_install': False, 'test_result_base': None}
[0.711s] Level 5:colcon.colcon_core.verb:set package 'robot_description' build argument 'cmake_args' from command line to 'None'
[0.711s] Level 5:colcon.colcon_core.verb:set package 'robot_description' build argument 'cmake_target' from command line to 'None'
[0.711s] Level 5:colcon.colcon_core.verb:set package 'robot_description' build argument 'cmake_target_skip_unavailable' from command line to 'False'
[0.711s] Level 5:colcon.colcon_core.verb:set package 'robot_description' build argument 'cmake_clean_cache' from command line to 'False'
[0.711s] Level 5:colcon.colcon_core.verb:set package 'robot_description' build argument 'cmake_clean_first' from command line to 'False'
[0.711s] Level 5:colcon.colcon_core.verb:set package 'robot_description' build argument 'cmake_force_configure' from command line to 'False'
[0.711s] Level 5:colcon.colcon_core.verb:set package 'robot_description' build argument 'ament_cmake_args' from command line to 'None'
[0.711s] Level 5:colcon.colcon_core.verb:set package 'robot_description' build argument 'catkin_cmake_args' from command line to 'None'
[0.711s] Level 5:colcon.colcon_core.verb:set package 'robot_description' build argument 'catkin_skip_building_tests' from command line to 'False'
[0.711s] DEBUG:colcon.colcon_core.verb:Building package 'robot_description' with the following arguments: {'ament_cmake_args': None, 'build_base': '/home/kirill/ROS/ex05/build/robot_description', 'catkin_cmake_args': None, 'catkin_skip_building_tests': False, 'cmake_args': None, 'cmake_clean_cache': False, 'cmake_clean_first': False, 'cmake_force_configure': False, 'cmake_target': None, 'cmake_target_skip_unavailable': False, 'install_base': '/home/kirill/ROS/ex05/install/robot_description', 'merge_install': False, 'path': '/home/kirill/ROS/ex05/robot_description', 'symlink_install': False, 'test_result_base': None}
[0.711s] INFO:colcon.colcon_core.executor:Executing jobs using 'parallel' executor
[0.713s] DEBUG:colcon.colcon_parallel_executor.executor.parallel:run_until_complete
[0.713s] INFO:colcon.colcon_ros.task.ament_python.build:Building ROS package in '/home/kirill/ROS/ex05/movement_circle' with build type 'ament_python'
[0.714s] Level 1:colcon.colcon_core.shell:create_environment_hook('movement_circle', 'ament_prefix_path')
[0.717s] INFO:colcon.colcon_core.plugin_system:Skipping extension 'colcon_core.shell.bat': Not used on non-Windows systems
[0.718s] INFO:colcon.colcon_core.shell:Creating environment hook '/home/kirill/ROS/ex05/install/movement_circle/share/movement_circle/hook/ament_prefix_path.ps1'
[0.719s] INFO:colcon.colcon_core.shell:Creating environment descriptor '/home/kirill/ROS/ex05/install/movement_circle/share/movement_circle/hook/ament_prefix_path.dsv'
[0.720s] INFO:colcon.colcon_core.shell:Creating environment hook '/home/kirill/ROS/ex05/install/movement_circle/share/movement_circle/hook/ament_prefix_path.sh'
[0.722s] INFO:colcon.colcon_core.shell:Skip shell extension 'powershell' for command environment: Not usable outside of PowerShell
[0.722s] DEBUG:colcon.colcon_core.shell:Skip shell extension 'dsv' for command environment
[0.729s] INFO:colcon.colcon_ros.task.ament_cmake.build:Building ROS package in '/home/kirill/ROS/ex05/robot_bringup' with build type 'ament_cmake'
[0.730s] INFO:colcon.colcon_cmake.task.cmake.build:Building CMake package in '/home/kirill/ROS/ex05/robot_bringup'
[0.730s] INFO:colcon.colcon_core.shell:Skip shell extension 'powershell' for command environment: Not usable outside of PowerShell
[0.730s] DEBUG:colcon.colcon_core.shell:Skip shell extension 'dsv' for command environment
[0.739s] INFO:colcon.colcon_ros.task.ament_cmake.build:Building ROS package in '/home/kirill/ROS/ex05/robot_description' with build type 'ament_cmake'
[0.739s] INFO:colcon.colcon_cmake.task.cmake.build:Building CMake package in '/home/kirill/ROS/ex05/robot_description'
[0.740s] INFO:colcon.colcon_core.shell:Skip shell extension 'powershell' for command environment: Not usable outside of PowerShell
[0.740s] DEBUG:colcon.colcon_core.shell:Skip shell extension 'dsv' for command environment
[1.263s] INFO:colcon.colcon_core.task.python.build:Building Python package in '/home/kirill/ROS/ex05/movement_circle'
[1.263s] INFO:colcon.colcon_core.shell:Skip shell extension 'powershell' for command environment: Not usable outside of PowerShell
[1.264s] DEBUG:colcon.colcon_core.shell:Skip shell extension 'dsv' for command environment
[1.280s] DEBUG:colcon.colcon_core.event_handler.log_command:Invoking command in '/home/kirill/ROS/ex05/build/robot_bringup': CMAKE_PREFIX_PATH=${CMAKE_PREFIX_PATH}:/home/kirill/ROS/ex04/install/movement_circle:/home/kirill/ros2_ws/install/mizkus:/opt/ros/humble /usr/bin/cmake --build /home/kirill/ROS/ex05/build/robot_bringup -- -j8 -l8
[1.288s] DEBUG:colcon.colcon_core.event_handler.log_command:Invoking command in '/home/kirill/ROS/ex05/build/robot_description': CMAKE_PREFIX_PATH=${CMAKE_PREFIX_PATH}:/home/kirill/ROS/ex04/install/movement_circle:/home/kirill/ros2_ws/install/mizkus:/opt/ros/humble /usr/bin/cmake --build /home/kirill/ROS/ex05/build/robot_description -- -j8 -l8
[1.373s] DEBUG:colcon.colcon_core.event_handler.log_command:Invoked command in '/home/kirill/ROS/ex05/build/robot_bringup' returned '0': CMAKE_PREFIX_PATH=${CMAKE_PREFIX_PATH}:/home/kirill/ROS/ex04/install/movement_circle:/home/kirill/ros2_ws/install/mizkus:/opt/ros/humble /usr/bin/cmake --build /home/kirill/ROS/ex05/build/robot_bringup -- -j8 -l8
[1.377s] DEBUG:colcon.colcon_core.event_handler.log_command:Invoked command in '/home/kirill/ROS/ex05/build/robot_description' returned '0': CMAKE_PREFIX_PATH=${CMAKE_PREFIX_PATH}:/home/kirill/ROS/ex04/install/movement_circle:/home/kirill/ros2_ws/install/mizkus:/opt/ros/humble /usr/bin/cmake --build /home/kirill/ROS/ex05/build/robot_description -- -j8 -l8
[1.442s] DEBUG:colcon.colcon_core.event_handler.log_command:Invoking command in '/home/kirill/ROS/ex05/build/robot_description': CMAKE_PREFIX_PATH=${CMAKE_PREFIX_PATH}:/home/kirill/ROS/ex04/install/movement_circle:/home/kirill/ros2_ws/install/mizkus:/opt/ros/humble /usr/bin/cmake --install /home/kirill/ROS/ex05/build/robot_description
[1.447s] DEBUG:colcon.colcon_core.event_handler.log_command:Invoking command in '/home/kirill/ROS/ex05/build/robot_bringup': CMAKE_PREFIX_PATH=${CMAKE_PREFIX_PATH}:/home/kirill/ROS/ex04/install/movement_circle:/home/kirill/ros2_ws/install/mizkus:/opt/ros/humble /usr/bin/cmake --install /home/kirill/ROS/ex05/build/robot_bringup
[1.474s] Level 1:colcon.colcon_core.environment:create_environment_scripts_only(robot_bringup)
[1.476s] DEBUG:colcon.colcon_core.event_handler.log_command:Invoked command in '/home/kirill/ROS/ex05/build/robot_bringup' returned '0': CMAKE_PREFIX_PATH=${CMAKE_PREFIX_PATH}:/home/kirill/ROS/ex04/install/movement_circle:/home/kirill/ros2_ws/install/mizkus:/opt/ros/humble /usr/bin/cmake --install /home/kirill/ROS/ex05/build/robot_bringup
[1.480s] Level 1:colcon.colcon_core.environment:checking '/home/kirill/ROS/ex05/install/robot_bringup' for CMake module files
[1.481s] Level 1:colcon.colcon_core.environment:checking '/home/kirill/ROS/ex05/install/robot_bringup' for CMake config files
[1.481s] Level 1:colcon.colcon_core.shell:create_environment_hook('robot_bringup', 'cmake_prefix_path')
[1.482s] INFO:colcon.colcon_core.shell:Creating environment hook '/home/kirill/ROS/ex05/install/robot_bringup/share/robot_bringup/hook/cmake_prefix_path.ps1'
[1.483s] INFO:colcon.colcon_core.shell:Creating environment descriptor '/home/kirill/ROS/ex05/install/robot_bringup/share/robot_bringup/hook/cmake_prefix_path.dsv'
[1.483s] INFO:colcon.colcon_core.shell:Creating environment hook '/home/kirill/ROS/ex05/install/robot_bringup/share/robot_bringup/hook/cmake_prefix_path.sh'
[1.484s] Level 1:colcon.colcon_core.environment:checking '/home/kirill/ROS/ex05/install/robot_bringup/bin'
[1.484s] Level 1:colcon.colcon_core.environment:checking '/home/kirill/ROS/ex05/install/robot_bringup/lib/pkgconfig/robot_bringup.pc'
[1.485s] Level 1:colcon.colcon_core.environment:checking '/home/kirill/ROS/ex05/install/robot_bringup/lib/python3.10/site-packages'
[1.485s] Level 1:colcon.colcon_core.environment:checking '/home/kirill/ROS/ex05/install/robot_bringup/bin'
[1.486s] INFO:colcon.colcon_core.shell:Creating package script '/home/kirill/ROS/ex05/install/robot_bringup/share/robot_bringup/package.ps1'
[1.489s] INFO:colcon.colcon_core.shell:Creating package descriptor '/home/kirill/ROS/ex05/install/robot_bringup/share/robot_bringup/package.dsv'
[1.490s] INFO:colcon.colcon_core.shell:Creating package script '/home/kirill/ROS/ex05/install/robot_bringup/share/robot_bringup/package.sh'
[1.493s] INFO:colcon.colcon_core.shell:Creating package script '/home/kirill/ROS/ex05/install/robot_bringup/share/robot_bringup/package.bash'
[1.495s] INFO:colcon.colcon_core.shell:Creating package script '/home/kirill/ROS/ex05/install/robot_bringup/share/robot_bringup/package.zsh'
[1.498s] Level 1:colcon.colcon_core.environment:create_file_with_runtime_dependencies(/home/kirill/ROS/ex05/install/robot_bringup/share/colcon-core/packages/robot_bringup)
[1.502s] Level 1:colcon.colcon_core.environment:create_environment_scripts_only(robot_description)
[1.503s] Level 1:colcon.colcon_core.environment:checking '/home/kirill/ROS/ex05/install/robot_description' for CMake module files
[1.504s] DEBUG:colcon.colcon_core.event_handler.log_command:Invoked command in '/home/kirill/ROS/ex05/build/robot_description' returned '0': CMAKE_PREFIX_PATH=${CMAKE_PREFIX_PATH}:/home/kirill/ROS/ex04/install/movement_circle:/home/kirill/ros2_ws/install/mizkus:/opt/ros/humble /usr/bin/cmake --install /home/kirill/ROS/ex05/build/robot_description
[1.506s] Level 1:colcon.colcon_core.environment:checking '/home/kirill/ROS/ex05/install/robot_description' for CMake config files
[1.506s] Level 1:colcon.colcon_core.shell:create_environment_hook('robot_description', 'cmake_prefix_path')
[1.507s] INFO:colcon.colcon_core.shell:Creating environment hook '/home/kirill/ROS/ex05/install/robot_description/share/robot_description/hook/cmake_prefix_path.ps1'
[1.509s] INFO:colcon.colcon_core.shell:Creating environment descriptor '/home/kirill/ROS/ex05/install/robot_description/share/robot_description/hook/cmake_prefix_path.dsv'
[1.510s] INFO:colcon.colcon_core.shell:Creating environment hook '/home/kirill/ROS/ex05/install/robot_description/share/robot_description/hook/cmake_prefix_path.sh'
[1.512s] Level 1:colcon.colcon_core.environment:checking '/home/kirill/ROS/ex05/install/robot_description/bin'
[1.512s] Level 1:colcon.colcon_core.environment:checking '/home/kirill/ROS/ex05/install/robot_description/lib/pkgconfig/robot_description.pc'
[1.513s] Level 1:colcon.colcon_core.environment:checking '/home/kirill/ROS/ex05/install/robot_description/lib/python3.10/site-packages'
[1.514s] Level 1:colcon.colcon_core.environment:checking '/home/kirill/ROS/ex05/install/robot_description/bin'
[1.515s] INFO:colcon.colcon_core.shell:Creating package script '/home/kirill/ROS/ex05/install/robot_description/share/robot_description/package.ps1'
[1.517s] INFO:colcon.colcon_core.shell:Creating package descriptor '/home/kirill/ROS/ex05/install/robot_description/share/robot_description/package.dsv'
[1.518s] INFO:colcon.colcon_core.shell:Creating package script '/home/kirill/ROS/ex05/install/robot_description/share/robot_description/package.sh'
[1.520s] INFO:colcon.colcon_core.shell:Creating package script '/home/kirill/ROS/ex05/install/robot_description/share/robot_description/package.bash'
[1.521s] INFO:colcon.colcon_core.shell:Creating package script '/home/kirill/ROS/ex05/install/robot_description/share/robot_description/package.zsh'
[1.523s] Level 1:colcon.colcon_core.environment:create_file_with_runtime_dependencies(/home/kirill/ROS/ex05/install/robot_description/share/colcon-core/packages/robot_description)
[1.548s] Level 1:colcon.colcon_core.environment:create_environment_scripts_only(robot_bringup)
[1.549s] Level 1:colcon.colcon_core.environment:checking '/home/kirill/ROS/ex05/install/robot_bringup' for CMake module files
[1.550s] Level 1:colcon.colcon_core.environment:checking '/home/kirill/ROS/ex05/install/robot_bringup' for CMake config files
[1.550s] Level 1:colcon.colcon_core.shell:create_environment_hook('robot_bringup', 'cmake_prefix_path')
[1.551s] INFO:colcon.colcon_core.shell:Creating environment hook '/home/kirill/ROS/ex05/install/robot_bringup/share/robot_bringup/hook/cmake_prefix_path.ps1'
[1.552s] INFO:colcon.colcon_core.shell:Creating environment descriptor '/home/kirill/ROS/ex05/install/robot_bringup/share/robot_bringup/hook/cmake_prefix_path.dsv'
[1.552s] INFO:colcon.colcon_core.shell:Creating environment hook '/home/kirill/ROS/ex05/install/robot_bringup/share/robot_bringup/hook/cmake_prefix_path.sh'
[1.554s] Level 1:colcon.colcon_core.environment:checking '/home/kirill/ROS/ex05/install/robot_bringup/bin'
[1.554s] Level 1:colcon.colcon_core.environment:checking '/home/kirill/ROS/ex05/install/robot_bringup/lib/pkgconfig/robot_bringup.pc'
[1.554s] Level 1:colcon.colcon_core.environment:checking '/home/kirill/ROS/ex05/install/robot_bringup/lib/python3.10/site-packages'
[1.554s] Level 1:colcon.colcon_core.environment:checking '/home/kirill/ROS/ex05/install/robot_bringup/bin'
[1.555s] INFO:colcon.colcon_core.shell:Creating package script '/home/kirill/ROS/ex05/install/robot_bringup/share/robot_bringup/package.ps1'
[1.556s] INFO:colcon.colcon_core.shell:Creating package descriptor '/home/kirill/ROS/ex05/install/robot_bringup/share/robot_bringup/package.dsv'
[1.557s] INFO:colcon.colcon_core.shell:Creating package script '/home/kirill/ROS/ex05/install/robot_bringup/share/robot_bringup/package.sh'
[1.558s] INFO:colcon.colcon_core.shell:Creating package script '/home/kirill/ROS/ex05/install/robot_bringup/share/robot_bringup/package.bash'
[1.559s] INFO:colcon.colcon_core.shell:Creating package script '/home/kirill/ROS/ex05/install/robot_bringup/share/robot_bringup/package.zsh'
[1.559s] Level 1:colcon.colcon_core.environment:create_file_with_runtime_dependencies(/home/kirill/ROS/ex05/install/robot_bringup/share/colcon-core/packages/robot_bringup)
[1.571s] Level 1:colcon.colcon_core.environment:create_environment_scripts_only(robot_description)
[1.571s] Level 1:colcon.colcon_core.environment:checking '/home/kirill/ROS/ex05/install/robot_description' for CMake module files
[1.572s] Level 1:colcon.colcon_core.environment:checking '/home/kirill/ROS/ex05/install/robot_description' for CMake config files
[1.573s] Level 1:colcon.colcon_core.shell:create_environment_hook('robot_description', 'cmake_prefix_path')
[1.573s] INFO:colcon.colcon_core.shell:Creating environment hook '/home/kirill/ROS/ex05/install/robot_description/share/robot_description/hook/cmake_prefix_path.ps1'
[1.574s] INFO:colcon.colcon_core.shell:Creating environment descriptor '/home/kirill/ROS/ex05/install/robot_description/share/robot_description/hook/cmake_prefix_path.dsv'
[1.575s] INFO:colcon.colcon_core.shell:Creating environment hook '/home/kirill/ROS/ex05/install/robot_description/share/robot_description/hook/cmake_prefix_path.sh'
[1.576s] Level 1:colcon.colcon_core.environment:checking '/home/kirill/ROS/ex05/install/robot_description/bin'
[1.576s] Level 1:colcon.colcon_core.environment:checking '/home/kirill/ROS/ex05/install/robot_description/lib/pkgconfig/robot_description.pc'
[1.577s] Level 1:colcon.colcon_core.environment:checking '/home/kirill/ROS/ex05/install/robot_description/lib/python3.10/site-packages'
[1.577s] Level 1:colcon.colcon_core.environment:checking '/home/kirill/ROS/ex05/install/robot_description/bin'
[1.578s] INFO:colcon.colcon_core.shell:Creating package script '/home/kirill/ROS/ex05/install/robot_description/share/robot_description/package.ps1'
[1.579s] INFO:colcon.colcon_core.shell:Creating package descriptor '/home/kirill/ROS/ex05/install/robot_description/share/robot_description/package.dsv'
[1.579s] INFO:colcon.colcon_core.shell:Creating package script '/home/kirill/ROS/ex05/install/robot_description/share/robot_description/package.sh'
[1.581s] INFO:colcon.colcon_core.shell:Creating package script '/home/kirill/ROS/ex05/install/robot_description/share/robot_description/package.bash'
[1.582s] INFO:colcon.colcon_core.shell:Creating package script '/home/kirill/ROS/ex05/install/robot_description/share/robot_description/package.zsh'
[1.583s] Level 1:colcon.colcon_core.environment:create_file_with_runtime_dependencies(/home/kirill/ROS/ex05/install/robot_description/share/colcon-core/packages/robot_description)
[1.973s] DEBUG:colcon.colcon_core.event_handler.log_command:Invoking command in '/home/kirill/ROS/ex05/movement_circle': PYTHONPATH=/home/kirill/ROS/ex05/build/movement_circle/prefix_override:/usr/lib/python3/dist-packages/colcon_core/task/python/colcon_distutils_commands:/home/kirill/ROS/ex05/install/movement_circle/lib/python3.10/site-packages:${PYTHONPATH} /usr/bin/python3 -W ignore:setup.py install is deprecated setup.py egg_info --egg-base ../build/movement_circle build --build-base /home/kirill/ROS/ex05/build/movement_circle/build install --record /home/kirill/ROS/ex05/build/movement_circle/install.log --single-version-externally-managed install_data
[2.508s] Level 1:colcon.colcon_core.environment:checking '/home/kirill/ROS/ex05/install/movement_circle' for CMake module files
[2.510s] DEBUG:colcon.colcon_core.event_handler.log_command:Invoked command in '/home/kirill/ROS/ex05/movement_circle' returned '0': PYTHONPATH=/home/kirill/ROS/ex05/build/movement_circle/prefix_override:/usr/lib/python3/dist-packages/colcon_core/task/python/colcon_distutils_commands:/home/kirill/ROS/ex05/install/movement_circle/lib/python3.10/site-packages:${PYTHONPATH} /usr/bin/python3 -W ignore:setup.py install is deprecated setup.py egg_info --egg-base ../build/movement_circle build --build-base /home/kirill/ROS/ex05/build/movement_circle/build install --record /home/kirill/ROS/ex05/build/movement_circle/install.log --single-version-externally-managed install_data
[2.511s] Level 1:colcon.colcon_core.environment:checking '/home/kirill/ROS/ex05/install/movement_circle' for CMake config files
[2.513s] Level 1:colcon.colcon_core.environment:checking '/home/kirill/ROS/ex05/install/movement_circle/lib'
[2.513s] Level 1:colcon.colcon_core.environment:checking '/home/kirill/ROS/ex05/install/movement_circle/bin'
[2.513s] Level 1:colcon.colcon_core.environment:checking '/home/kirill/ROS/ex05/install/movement_circle/lib/pkgconfig/movement_circle.pc'
[2.514s] Level 1:colcon.colcon_core.environment:checking '/home/kirill/ROS/ex05/install/movement_circle/lib/python3.10/site-packages'
[2.514s] Level 1:colcon.colcon_core.shell:create_environment_hook('movement_circle', 'pythonpath')
[2.515s] INFO:colcon.colcon_core.shell:Creating environment hook '/home/kirill/ROS/ex05/install/movement_circle/share/movement_circle/hook/pythonpath.ps1'
[2.517s] INFO:colcon.colcon_core.shell:Creating environment descriptor '/home/kirill/ROS/ex05/install/movement_circle/share/movement_circle/hook/pythonpath.dsv'
[2.518s] INFO:colcon.colcon_core.shell:Creating environment hook '/home/kirill/ROS/ex05/install/movement_circle/share/movement_circle/hook/pythonpath.sh'
[2.520s] Level 1:colcon.colcon_core.environment:checking '/home/kirill/ROS/ex05/install/movement_circle/bin'
[2.520s] Level 1:colcon.colcon_core.environment:create_environment_scripts_only(movement_circle)
[2.522s] INFO:colcon.colcon_core.shell:Creating package script '/home/kirill/ROS/ex05/install/movement_circle/share/movement_circle/package.ps1'
[2.523s] INFO:colcon.colcon_core.shell:Creating package descriptor '/home/kirill/ROS/ex05/install/movement_circle/share/movement_circle/package.dsv'
[2.525s] INFO:colcon.colcon_core.shell:Creating package script '/home/kirill/ROS/ex05/install/movement_circle/share/movement_circle/package.sh'
[2.526s] INFO:colcon.colcon_core.shell:Creating package script '/home/kirill/ROS/ex05/install/movement_circle/share/movement_circle/package.bash'
[2.527s] INFO:colcon.colcon_core.shell:Creating package script '/home/kirill/ROS/ex05/install/movement_circle/share/movement_circle/package.zsh'
[2.529s] Level 1:colcon.colcon_core.environment:create_file_with_runtime_dependencies(/home/kirill/ROS/ex05/install/movement_circle/share/colcon-core/packages/movement_circle)
[2.529s] DEBUG:colcon.colcon_parallel_executor.executor.parallel:closing loop
[2.530s] DEBUG:colcon.colcon_parallel_executor.executor.parallel:loop closed
[2.530s] DEBUG:colcon.colcon_parallel_executor.executor.parallel:run_until_complete finished with '0'
[2.531s] DEBUG:colcon.colcon_core.event_reactor:joining thread
[2.547s] INFO:colcon.colcon_core.plugin_system:Skipping extension 'colcon_notification.desktop_notification.terminal_notifier': Not used on non-Darwin systems
[2.548s] INFO:colcon.colcon_core.plugin_system:Skipping extension 'colcon_notification.desktop_notification.win32': Not used on non-Windows systems
[2.548s] INFO:colcon.colcon_notification.desktop_notification:Sending desktop notification using 'notify2'
[2.581s] DEBUG:colcon.colcon_core.event_reactor:joined thread
[2.582s] INFO:colcon.colcon_core.shell:Creating prefix script '/home/kirill/ROS/ex05/install/local_setup.ps1'
[2.585s] INFO:colcon.colcon_core.shell:Creating prefix util module '/home/kirill/ROS/ex05/install/_local_setup_util_ps1.py'
[2.589s] INFO:colcon.colcon_core.shell:Creating prefix chain script '/home/kirill/ROS/ex05/install/setup.ps1'
[2.594s] INFO:colcon.colcon_core.shell:Creating prefix script '/home/kirill/ROS/ex05/install/local_setup.sh'
[2.596s] INFO:colcon.colcon_core.shell:Creating prefix util module '/home/kirill/ROS/ex05/install/_local_setup_util_sh.py'
[2.598s] INFO:colcon.colcon_core.shell:Creating prefix chain script '/home/kirill/ROS/ex05/install/setup.sh'
[2.602s] INFO:colcon.colcon_core.shell:Creating prefix script '/home/kirill/ROS/ex05/install/local_setup.bash'
[2.603s] INFO:colcon.colcon_core.shell:Creating prefix chain script '/home/kirill/ROS/ex05/install/setup.bash'
[2.607s] INFO:colcon.colcon_core.shell:Creating prefix script '/home/kirill/ROS/ex05/install/local_setup.zsh'
[2.608s] INFO:colcon.colcon_core.shell:Creating prefix chain script '/home/kirill/ROS/ex05/install/setup.zsh'
