[0.522s] Invoking command in '/home/kirill/ROS/ex05/build/robot_description': CMAKE_PREFIX_PATH=${CMAKE_PREFIX_PATH}:/home/kirill/ROS/ex04/install/movement_circle:/home/kirill/ros2_ws/install/mizkus:/opt/ros/humble /usr/bin/cmake /home/kirill/ROS/ex05/robot_description -DCMAKE_INSTALL_PREFIX=/home/kirill/ROS/ex05/install/robot_description
[0.635s] -- The C compiler identification is GNU 11.4.0
[0.778s] -- The CXX compiler identification is GNU 11.4.0
[0.795s] -- Detecting C compiler ABI info
[0.939s] -- Detecting C compiler ABI info - done
[0.960s] -- Check for working C compiler: /usr/bin/cc - skipped
[0.961s] -- Detecting C compile features
[0.962s] -- Detecting C compile features - done
[0.969s] -- Detecting CXX compiler ABI info
[1.162s] -- Detecting CXX compiler ABI info - done
[1.183s] -- Check for working CXX compiler: /usr/bin/c++ - skipped
[1.188s] -- Detecting CXX compile features
[1.188s] -- Detecting CXX compile features - done
[1.195s] -- Found ament_cmake: 1.3.10 (/opt/ros/humble/share/ament_cmake/cmake)
[1.606s] -- Found Python3: /usr/bin/python3 (found version "3.10.12") found components: Interpreter 
[1.848s] -- Found ament_lint_auto: 0.12.11 (/opt/ros/humble/share/ament_lint_auto/cmake)
[2.038s] -- Configuring done
[2.046s] -- Generating done
[2.053s] -- Build files have been written to: /home/kirill/ROS/ex05/build/robot_description
[2.064s] Invoked command in '/home/kirill/ROS/ex05/build/robot_description' returned '0': CMAKE_PREFIX_PATH=${CMAKE_PREFIX_PATH}:/home/kirill/ROS/ex04/install/movement_circle:/home/kirill/ros2_ws/install/mizkus:/opt/ros/humble /usr/bin/cmake /home/kirill/ROS/ex05/robot_description -DCMAKE_INSTALL_PREFIX=/home/kirill/ROS/ex05/install/robot_description
[2.066s] Invoking command in '/home/kirill/ROS/ex05/build/robot_description': CMAKE_PREFIX_PATH=${CMAKE_PREFIX_PATH}:/home/kirill/ROS/ex04/install/movement_circle:/home/kirill/ros2_ws/install/mizkus:/opt/ros/humble /usr/bin/cmake --build /home/kirill/ROS/ex05/build/robot_description -- -j8 -l8
[2.146s] Invoked command in '/home/kirill/ROS/ex05/build/robot_description' returned '0': CMAKE_PREFIX_PATH=${CMAKE_PREFIX_PATH}:/home/kirill/ROS/ex04/install/movement_circle:/home/kirill/ros2_ws/install/mizkus:/opt/ros/humble /usr/bin/cmake --build /home/kirill/ROS/ex05/build/robot_description -- -j8 -l8
[2.212s] Invoking command in '/home/kirill/ROS/ex05/build/robot_description': CMAKE_PREFIX_PATH=${CMAKE_PREFIX_PATH}:/home/kirill/ROS/ex04/install/movement_circle:/home/kirill/ros2_ws/install/mizkus:/opt/ros/humble /usr/bin/cmake --install /home/kirill/ROS/ex05/build/robot_description
[2.226s] -- Install configuration: ""
[2.226s] -- Installing: /home/kirill/ROS/ex05/install/robot_description/share/robot_description//urdf
[2.227s] -- Installing: /home/kirill/ROS/ex05/install/robot_description/share/robot_description//urdf/gazebo.urdf.xacro
[2.227s] -- Installing: /home/kirill/ROS/ex05/install/robot_description/share/robot_description//urdf/robot.urdf.xacro
[2.228s] -- Installing: /home/kirill/ROS/ex05/install/robot_description/share/ament_index/resource_index/package_run_dependencies/robot_description
[2.228s] -- Installing: /home/kirill/ROS/ex05/install/robot_description/share/ament_index/resource_index/parent_prefix_path/robot_description
[2.229s] -- Installing: /home/kirill/ROS/ex05/install/robot_description/share/robot_description/environment/ament_prefix_path.sh
[2.230s] -- Installing: /home/kirill/ROS/ex05/install/robot_description/share/robot_description/environment/ament_prefix_path.dsv
[2.230s] -- Installing: /home/kirill/ROS/ex05/install/robot_description/share/robot_description/environment/path.sh
[2.231s] -- Installing: /home/kirill/ROS/ex05/install/robot_description/share/robot_description/environment/path.dsv
[2.232s] -- Installing: /home/kirill/ROS/ex05/install/robot_description/share/robot_description/local_setup.bash
[2.233s] -- Installing: /home/kirill/ROS/ex05/install/robot_description/share/robot_description/local_setup.sh
[2.234s] -- Installing: /home/kirill/ROS/ex05/install/robot_description/share/robot_description/local_setup.zsh
[2.234s] -- Installing: /home/kirill/ROS/ex05/install/robot_description/share/robot_description/local_setup.dsv
[2.235s] -- Installing: /home/kirill/ROS/ex05/install/robot_description/share/robot_description/package.dsv
[2.236s] -- Installing: /home/kirill/ROS/ex05/install/robot_description/share/ament_index/resource_index/packages/robot_description
[2.236s] -- Installing: /home/kirill/ROS/ex05/install/robot_description/share/robot_description/cmake/robot_descriptionConfig.cmake
[2.237s] -- Installing: /home/kirill/ROS/ex05/install/robot_description/share/robot_description/cmake/robot_descriptionConfig-version.cmake
[2.237s] -- Installing: /home/kirill/ROS/ex05/install/robot_description/share/robot_description/package.xml
[2.242s] Invoked command in '/home/kirill/ROS/ex05/build/robot_description' returned '0': CMAKE_PREFIX_PATH=${CMAKE_PREFIX_PATH}:/home/kirill/ROS/ex04/install/movement_circle:/home/kirill/ros2_ws/install/mizkus:/opt/ros/humble /usr/bin/cmake --install /home/kirill/ROS/ex05/build/robot_description
