[0.940s] Invoking command in '/home/kirill/ROS/ex05/movement_circle': PYTHONPATH=/home/kirill/ROS/ex05/build/movement_circle/prefix_override:/usr/lib/python3/dist-packages/colcon_core/task/python/colcon_distutils_commands:/home/kirill/ROS/ex05/install/movement_circle/lib/python3.10/site-packages:${PYTHONPATH} /usr/bin/python3 -W ignore:setup.py install is deprecated setup.py egg_info --egg-base ../build/movement_circle build --build-base /home/kirill/ROS/ex05/build/movement_circle/build install --record /home/kirill/ROS/ex05/build/movement_circle/install.log --single-version-externally-managed install_data
[1.219s] running egg_info
[1.220s] writing ../build/movement_circle/movement_circle.egg-info/PKG-INFO
[1.221s] writing dependency_links to ../build/movement_circle/movement_circle.egg-info/dependency_links.txt
[1.221s] writing entry points to ../build/movement_circle/movement_circle.egg-info/entry_points.txt
[1.221s] writing requirements to ../build/movement_circle/movement_circle.egg-info/requires.txt
[1.221s] writing top-level names to ../build/movement_circle/movement_circle.egg-info/top_level.txt
[1.224s] reading manifest file '../build/movement_circle/movement_circle.egg-info/SOURCES.txt'
[1.225s] writing manifest file '../build/movement_circle/movement_circle.egg-info/SOURCES.txt'
[1.225s] running build
[1.225s] running build_py
[1.225s] copying movement_circle/circle_movement.py -> /home/kirill/ROS/ex05/build/movement_circle/build/lib/movement_circle
[1.226s] running install
[1.226s] running install_lib
[1.227s] copying /home/kirill/ROS/ex05/build/movement_circle/build/lib/movement_circle/circle_movement.py -> /home/kirill/ROS/ex05/install/movement_circle/lib/python3.10/site-packages/movement_circle
[1.228s] byte-compiling /home/kirill/ROS/ex05/install/movement_circle/lib/python3.10/site-packages/movement_circle/circle_movement.py to circle_movement.cpython-310.pyc
[1.228s] running install_data
[1.229s]   File "/home/kirill/ROS/ex05/install/movement_circle/lib/python3.10/site-packages/movement_circle/circle_movement.py", line 1
[1.229s]     ros_gz_simimport math
[1.229s]                      ^^^^
[1.229s] SyntaxError: invalid syntax
[1.230s] 
[1.230s] running install_egg_info
[1.231s] removing '/home/kirill/ROS/ex05/install/movement_circle/lib/python3.10/site-packages/movement_circle-0.0.0-py3.10.egg-info' (and everything under it)
[1.231s] Copying ../build/movement_circle/movement_circle.egg-info to /home/kirill/ROS/ex05/install/movement_circle/lib/python3.10/site-packages/movement_circle-0.0.0-py3.10.egg-info
[1.233s] running install_scripts
[1.256s] Installing move script to /home/kirill/ROS/ex05/install/movement_circle/lib/movement_circle
[1.257s] writing list of installed files to '/home/kirill/ROS/ex05/build/movement_circle/install.log'
[1.290s] Invoked command in '/home/kirill/ROS/ex05/movement_circle' returned '0': PYTHONPATH=/home/kirill/ROS/ex05/build/movement_circle/prefix_override:/usr/lib/python3/dist-packages/colcon_core/task/python/colcon_distutils_commands:/home/kirill/ROS/ex05/install/movement_circle/lib/python3.10/site-packages:${PYTHONPATH} /usr/bin/python3 -W ignore:setup.py install is deprecated setup.py egg_info --egg-base ../build/movement_circle build --build-base /home/kirill/ROS/ex05/build/movement_circle/build install --record /home/kirill/ROS/ex05/build/movement_circle/install.log --single-version-externally-managed install_data
