[0.360s] Invoking command in '/home/kirill/ROS/ex05/build/robot_bringup': CMAKE_PREFIX_PATH=${CMAKE_PREFIX_PATH}:/home/kirill/ros2_ws/install/mizkus:/opt/ros/humble /usr/bin/cmake --build /home/kirill/ROS/ex05/build/robot_bringup -- -j8 -l8
[0.426s] Invoked command in '/home/kirill/ROS/ex05/build/robot_bringup' returned '0': CMAKE_PREFIX_PATH=${CMAKE_PREFIX_PATH}:/home/kirill/ros2_ws/install/mizkus:/opt/ros/humble /usr/bin/cmake --build /home/kirill/ROS/ex05/build/robot_bringup -- -j8 -l8
[0.484s] Invoking command in '/home/kirill/ROS/ex05/build/robot_bringup': CMAKE_PREFIX_PATH=${CMAKE_PREFIX_PATH}:/home/kirill/ros2_ws/install/mizkus:/opt/ros/humble /usr/bin/cmake --install /home/kirill/ROS/ex05/build/robot_bringup
[0.496s] -- Install configuration: ""
[0.496s] -- Up-to-date: /home/kirill/ROS/ex05/install/robot_bringup/share/robot_bringup/launch
[0.496s] -- Up-to-date: /home/kirill/ROS/ex05/install/robot_bringup/share/robot_bringup/launch/circle_movement.launch.py
[0.496s] -- Up-to-date: /home/kirill/ROS/ex05/install/robot_bringup/share/robot_bringup/launch/diff_drive.launch.py
[0.497s] -- Up-to-date: /home/kirill/ROS/ex05/install/robot_bringup/share/robot_bringup/config
[0.497s] -- Up-to-date: /home/kirill/ROS/ex05/install/robot_bringup/share/robot_bringup/config/diff_drive.rviz
[0.497s] -- Up-to-date: /home/kirill/ROS/ex05/install/robot_bringup/share/robot_bringup/config/robot_bridge.yaml
[0.498s] -- Up-to-date: /home/kirill/ROS/ex05/install/robot_bringup/share/ament_index/resource_index/package_run_dependencies/robot_bringup
[0.498s] -- Up-to-date: /home/kirill/ROS/ex05/install/robot_bringup/share/ament_index/resource_index/parent_prefix_path/robot_bringup
[0.498s] -- Up-to-date: /home/kirill/ROS/ex05/install/robot_bringup/share/robot_bringup/environment/ament_prefix_path.sh
[0.498s] -- Up-to-date: /home/kirill/ROS/ex05/install/robot_bringup/share/robot_bringup/environment/ament_prefix_path.dsv
[0.498s] -- Up-to-date: /home/kirill/ROS/ex05/install/robot_bringup/share/robot_bringup/environment/path.sh
[0.500s] -- Up-to-date: /home/kirill/ROS/ex05/install/robot_bringup/share/robot_bringup/environment/path.dsv
[0.501s] -- Up-to-date: /home/kirill/ROS/ex05/install/robot_bringup/share/robot_bringup/local_setup.bash
[0.501s] -- Up-to-date: /home/kirill/ROS/ex05/install/robot_bringup/share/robot_bringup/local_setup.sh
[0.501s] -- Up-to-date: /home/kirill/ROS/ex05/install/robot_bringup/share/robot_bringup/local_setup.zsh
[0.501s] -- Up-to-date: /home/kirill/ROS/ex05/install/robot_bringup/share/robot_bringup/local_setup.dsv
[0.502s] -- Installing: /home/kirill/ROS/ex05/install/robot_bringup/share/robot_bringup/package.dsv
[0.502s] -- Up-to-date: /home/kirill/ROS/ex05/install/robot_bringup/share/ament_index/resource_index/packages/robot_bringup
[0.502s] -- Up-to-date: /home/kirill/ROS/ex05/install/robot_bringup/share/robot_bringup/cmake/robot_bringupConfig.cmake
[0.502s] -- Up-to-date: /home/kirill/ROS/ex05/install/robot_bringup/share/robot_bringup/cmake/robot_bringupConfig-version.cmake
[0.502s] -- Up-to-date: /home/kirill/ROS/ex05/install/robot_bringup/share/robot_bringup/package.xml
[0.524s] Invoked command in '/home/kirill/ROS/ex05/build/robot_bringup' returned '0': CMAKE_PREFIX_PATH=${CMAKE_PREFIX_PATH}:/home/kirill/ros2_ws/install/mizkus:/opt/ros/humble /usr/bin/cmake --install /home/kirill/ROS/ex05/build/robot_bringup
