[0.194s] DEBUG:colcon:Command line arguments: ['/usr/bin/colcon', 'build', '--packages-select', 'robot_bringup', 'robot_description', 'movement_circle']
[0.194s] DEBUG:colcon:Parsed command line arguments: Namespace(log_base=None, log_level=None, verb_name='build', build_base='build', install_base='install', merge_install=False, symlink_install=False, test_result_base=None, continue_on_error=False, executor='parallel', parallel_workers=8, event_handlers=None, ignore_user_meta=False, metas=['./colcon.meta'], base_paths=['.'], packages_ignore=None, packages_ignore_regex=None, paths=None, packages_up_to=None, packages_up_to_regex=None, packages_above=None, packages_above_and_dependencies=None, packages_above_depth=None, packages_select_by_dep=None, packages_skip_by_dep=None, packages_skip_up_to=None, packages_select_build_failed=False, packages_skip_build_finished=False, packages_select_test_failures=False, packages_skip_test_passed=False, packages_select=['robot_bringup', 'robot_description', 'movement_circle'], packages_skip=None, packages_select_regex=None, packages_skip_regex=None, packages_start=None, packages_end=None, allow_overriding=[], cmake_args=None, cmake_target=None, cmake_target_skip_unavailable=False, cmake_clean_cache=False, cmake_clean_first=False, cmake_force_configure=False, ament_cmake_args=None, catkin_cmake_args=None, catkin_skip_building_tests=False, mixin_files=None, mixin=None, verb_parser=<colcon_mixin.mixin.mixin_argument.MixinArgumentDecorator object at 0x71aa5e93ace0>, verb_extension=<colcon_core.verb.build.BuildVerb object at 0x71aa5e93a5f0>, main=<bound method BuildVerb.main of <colcon_core.verb.build.BuildVerb object at 0x71aa5e93a5f0>>, mixin_verb=('build',))
[0.506s] Level 1:colcon.colcon_core.package_discovery:discover_packages(colcon_meta) check parameters
[0.506s] Level 1:colcon.colcon_core.package_discovery:discover_packages(recursive) check parameters
[0.506s] Level 1:colcon.colcon_core.package_discovery:discover_packages(ignore) check parameters
[0.506s] Level 1:colcon.colcon_core.package_discovery:discover_packages(path) check parameters
[0.506s] Level 1:colcon.colcon_core.package_discovery:discover_packages(colcon_meta) discover
[0.506s] Level 1:colcon.colcon_core.package_discovery:discover_packages(recursive) discover
[0.506s] INFO:colcon.colcon_core.package_discovery:Crawling recursively for packages in '/home/kirill/ROS/ex05'
[0.506s] Level 1:colcon.colcon_core.package_identification:_identify(.) by extensions ['ignore', 'ignore_ament_install']
[0.507s] Level 1:colcon.colcon_core.package_identification:_identify(.) by extension 'ignore'
[0.507s] Level 1:colcon.colcon_core.package_identification:_identify(.) by extension 'ignore_ament_install'
[0.507s] Level 1:colcon.colcon_core.package_identification:_identify(.) by extensions ['colcon_pkg']
[0.507s] Level 1:colcon.colcon_core.package_identification:_identify(.) by extension 'colcon_pkg'
[0.507s] Level 1:colcon.colcon_core.package_identification:_identify(.) by extensions ['colcon_meta']
[0.507s] Level 1:colcon.colcon_core.package_identification:_identify(.) by extension 'colcon_meta'
[0.507s] Level 1:colcon.colcon_core.package_identification:_identify(.) by extensions ['ros']
[0.507s] Level 1:colcon.colcon_core.package_identification:_identify(.) by extension 'ros'
[0.529s] Level 1:colcon.colcon_core.package_identification:_identify(.) by extensions ['cmake', 'python']
[0.529s] Level 1:colcon.colcon_core.package_identification:_identify(.) by extension 'cmake'
[0.529s] Level 1:colcon.colcon_core.package_identification:_identify(.) by extension 'python'
[0.529s] Level 1:colcon.colcon_core.package_identification:_identify(.) by extensions ['python_setup_py']
[0.529s] Level 1:colcon.colcon_core.package_identification:_identify(.) by extension 'python_setup_py'
[0.529s] Level 1:colcon.colcon_core.package_identification:_identify(build) by extensions ['ignore', 'ignore_ament_install']
[0.530s] Level 1:colcon.colcon_core.package_identification:_identify(build) by extension 'ignore'
[0.530s] Level 1:colcon.colcon_core.package_identification:_identify(build) ignored
[0.530s] Level 1:colcon.colcon_core.package_identification:_identify(install) by extensions ['ignore', 'ignore_ament_install']
[0.530s] Level 1:colcon.colcon_core.package_identification:_identify(install) by extension 'ignore'
[0.530s] Level 1:colcon.colcon_core.package_identification:_identify(install) ignored
[0.531s] Level 1:colcon.colcon_core.package_identification:_identify(log) by extensions ['ignore', 'ignore_ament_install']
[0.531s] Level 1:colcon.colcon_core.package_identification:_identify(log) by extension 'ignore'
[0.531s] Level 1:colcon.colcon_core.package_identification:_identify(log) ignored
[0.532s] Level 1:colcon.colcon_core.package_identification:_identify(movement_circle) by extensions ['ignore', 'ignore_ament_install']
[0.532s] Level 1:colcon.colcon_core.package_identification:_identify(movement_circle) by extension 'ignore'
[0.532s] Level 1:colcon.colcon_core.package_identification:_identify(movement_circle) by extension 'ignore_ament_install'
[0.532s] Level 1:colcon.colcon_core.package_identification:_identify(movement_circle) by extensions ['colcon_pkg']
[0.532s] Level 1:colcon.colcon_core.package_identification:_identify(movement_circle) by extension 'colcon_pkg'
[0.532s] Level 1:colcon.colcon_core.package_identification:_identify(movement_circle) by extensions ['colcon_meta']
[0.532s] Level 1:colcon.colcon_core.package_identification:_identify(movement_circle) by extension 'colcon_meta'
[0.532s] Level 1:colcon.colcon_core.package_identification:_identify(movement_circle) by extensions ['ros']
[0.532s] Level 1:colcon.colcon_core.package_identification:_identify(movement_circle) by extension 'ros'
[0.537s] DEBUG:colcon.colcon_core.package_identification:Package 'movement_circle' with type 'ros.ament_python' and name 'movement_circle'
[0.538s] Level 1:colcon.colcon_core.package_identification:_identify(robot_bringup) by extensions ['ignore', 'ignore_ament_install']
[0.538s] Level 1:colcon.colcon_core.package_identification:_identify(robot_bringup) by extension 'ignore'
[0.538s] Level 1:colcon.colcon_core.package_identification:_identify(robot_bringup) by extension 'ignore_ament_install'
[0.538s] Level 1:colcon.colcon_core.package_identification:_identify(robot_bringup) by extensions ['colcon_pkg']
[0.538s] Level 1:colcon.colcon_core.package_identification:_identify(robot_bringup) by extension 'colcon_pkg'
[0.538s] Level 1:colcon.colcon_core.package_identification:_identify(robot_bringup) by extensions ['colcon_meta']
[0.538s] Level 1:colcon.colcon_core.package_identification:_identify(robot_bringup) by extension 'colcon_meta'
[0.538s] Level 1:colcon.colcon_core.package_identification:_identify(robot_bringup) by extensions ['ros']
[0.538s] Level 1:colcon.colcon_core.package_identification:_identify(robot_bringup) by extension 'ros'
[0.540s] DEBUG:colcon.colcon_core.package_identification:Package 'robot_bringup' with type 'ros.ament_cmake' and name 'robot_bringup'
[0.540s] Level 1:colcon.colcon_core.package_identification:_identify(robot_description) by extensions ['ignore', 'ignore_ament_install']
[0.540s] Level 1:colcon.colcon_core.package_identification:_identify(robot_description) by extension 'ignore'
[0.541s] Level 1:colcon.colcon_core.package_identification:_identify(robot_description) by extension 'ignore_ament_install'
[0.541s] Level 1:colcon.colcon_core.package_identification:_identify(robot_description) by extensions ['colcon_pkg']
[0.541s] Level 1:colcon.colcon_core.package_identification:_identify(robot_description) by extension 'colcon_pkg'
[0.541s] Level 1:colcon.colcon_core.package_identification:_identify(robot_description) by extensions ['colcon_meta']
[0.541s] Level 1:colcon.colcon_core.package_identification:_identify(robot_description) by extension 'colcon_meta'
[0.541s] Level 1:colcon.colcon_core.package_identification:_identify(robot_description) by extensions ['ros']
[0.541s] Level 1:colcon.colcon_core.package_identification:_identify(robot_description) by extension 'ros'
[0.542s] DEBUG:colcon.colcon_core.package_identification:Package 'robot_description' with type 'ros.ament_cmake' and name 'robot_description'
[0.542s] Level 1:colcon.colcon_core.package_discovery:discover_packages(recursive) using defaults
[0.542s] Level 1:colcon.colcon_core.package_discovery:discover_packages(ignore) discover
[0.542s] Level 1:colcon.colcon_core.package_discovery:discover_packages(ignore) using defaults
[0.542s] Level 1:colcon.colcon_core.package_discovery:discover_packages(path) discover
[0.542s] Level 1:colcon.colcon_core.package_discovery:discover_packages(path) using defaults
[0.608s] Level 1:colcon.colcon_core.package_discovery:discover_packages(prefix_path) check parameters
[0.608s] Level 1:colcon.colcon_core.package_discovery:discover_packages(prefix_path) discover
[0.611s] DEBUG:colcon.colcon_installed_package_information.package_discovery:Found 2 installed packages in /home/kirill/ros2_ws/install
[0.615s] DEBUG:colcon.colcon_installed_package_information.package_discovery:Found 296 installed packages in /opt/ros/humble
[0.618s] Level 1:colcon.colcon_core.package_discovery:discover_packages(prefix_path) using defaults
[0.732s] Level 5:colcon.colcon_core.verb:set package 'movement_circle' build argument 'cmake_args' from command line to 'None'
[0.732s] Level 5:colcon.colcon_core.verb:set package 'movement_circle' build argument 'cmake_target' from command line to 'None'
[0.732s] Level 5:colcon.colcon_core.verb:set package 'movement_circle' build argument 'cmake_target_skip_unavailable' from command line to 'False'
[0.732s] Level 5:colcon.colcon_core.verb:set package 'movement_circle' build argument 'cmake_clean_cache' from command line to 'False'
[0.732s] Level 5:colcon.colcon_core.verb:set package 'movement_circle' build argument 'cmake_clean_first' from command line to 'False'
[0.732s] Level 5:colcon.colcon_core.verb:set package 'movement_circle' build argument 'cmake_force_configure' from command line to 'False'
[0.732s] Level 5:colcon.colcon_core.verb:set package 'movement_circle' build argument 'ament_cmake_args' from command line to 'None'
[0.732s] Level 5:colcon.colcon_core.verb:set package 'movement_circle' build argument 'catkin_cmake_args' from command line to 'None'
[0.732s] Level 5:colcon.colcon_core.verb:set package 'movement_circle' build argument 'catkin_skip_building_tests' from command line to 'False'
[0.733s] DEBUG:colcon.colcon_core.verb:Building package 'movement_circle' with the following arguments: {'ament_cmake_args': None, 'build_base': '/home/kirill/ROS/ex05/build/movement_circle', 'catkin_cmake_args': None, 'catkin_skip_building_tests': False, 'cmake_args': None, 'cmake_clean_cache': False, 'cmake_clean_first': False, 'cmake_force_configure': False, 'cmake_target': None, 'cmake_target_skip_unavailable': False, 'install_base': '/home/kirill/ROS/ex05/install/movement_circle', 'merge_install': False, 'path': '/home/kirill/ROS/ex05/movement_circle', 'symlink_install': False, 'test_result_base': None}
[0.734s] Level 5:colcon.colcon_core.verb:set package 'robot_bringup' build argument 'cmake_args' from command line to 'None'
[0.734s] Level 5:colcon.colcon_core.verb:set package 'robot_bringup' build argument 'cmake_target' from command line to 'None'
[0.734s] Level 5:colcon.colcon_core.verb:set package 'robot_bringup' build argument 'cmake_target_skip_unavailable' from command line to 'False'
[0.734s] Level 5:colcon.colcon_core.verb:set package 'robot_bringup' build argument 'cmake_clean_cache' from command line to 'False'
[0.734s] Level 5:colcon.colcon_core.verb:set package 'robot_bringup' build argument 'cmake_clean_first' from command line to 'False'
[0.734s] Level 5:colcon.colcon_core.verb:set package 'robot_bringup' build argument 'cmake_force_configure' from command line to 'False'
[0.734s] Level 5:colcon.colcon_core.verb:set package 'robot_bringup' build argument 'ament_cmake_args' from command line to 'None'
[0.734s] Level 5:colcon.colcon_core.verb:set package 'robot_bringup' build argument 'catkin_cmake_args' from command line to 'None'
[0.734s] Level 5:colcon.colcon_core.verb:set package 'robot_bringup' build argument 'catkin_skip_building_tests' from command line to 'False'
[0.734s] DEBUG:colcon.colcon_core.verb:Building package 'robot_bringup' with the following arguments: {'ament_cmake_args': None, 'build_base': '/home/kirill/ROS/ex05/build/robot_bringup', 'catkin_cmake_args': None, 'catkin_skip_building_tests': False, 'cmake_args': None, 'cmake_clean_cache': False, 'cmake_clean_first': False, 'cmake_force_configure': False, 'cmake_target': None, 'cmake_target_skip_unavailable': False, 'install_base': '/home/kirill/ROS/ex05/install/robot_bringup', 'merge_install': False, 'path': '/home/kirill/ROS/ex05/robot_bringup', 'symlink_install': False, 'test_result_base': None}
[0.735s] Level 5:colcon.colcon_core.verb:set package 'robot_description' build argument 'cmake_args' from command line to 'None'
[0.735s] Level 5:colcon.colcon_core.verb:set package 'robot_description' build argument 'cmake_target' from command line to 'None'
[0.735s] Level 5:colcon.colcon_core.verb:set package 'robot_description' build argument 'cmake_target_skip_unavailable' from command line to 'False'
[0.735s] Level 5:colcon.colcon_core.verb:set package 'robot_description' build argument 'cmake_clean_cache' from command line to 'False'
[0.735s] Level 5:colcon.colcon_core.verb:set package 'robot_description' build argument 'cmake_clean_first' from command line to 'False'
[0.735s] Level 5:colcon.colcon_core.verb:set package 'robot_description' build argument 'cmake_force_configure' from command line to 'False'
[0.735s] Level 5:colcon.colcon_core.verb:set package 'robot_description' build argument 'ament_cmake_args' from command line to 'None'
[0.735s] Level 5:colcon.colcon_core.verb:set package 'robot_description' build argument 'catkin_cmake_args' from command line to 'None'
[0.735s] Level 5:colcon.colcon_core.verb:set package 'robot_description' build argument 'catkin_skip_building_tests' from command line to 'False'
[0.735s] DEBUG:colcon.colcon_core.verb:Building package 'robot_description' with the following arguments: {'ament_cmake_args': None, 'build_base': '/home/kirill/ROS/ex05/build/robot_description', 'catkin_cmake_args': None, 'catkin_skip_building_tests': False, 'cmake_args': None, 'cmake_clean_cache': False, 'cmake_clean_first': False, 'cmake_force_configure': False, 'cmake_target': None, 'cmake_target_skip_unavailable': False, 'install_base': '/home/kirill/ROS/ex05/install/robot_description', 'merge_install': False, 'path': '/home/kirill/ROS/ex05/robot_description', 'symlink_install': False, 'test_result_base': None}
[0.736s] INFO:colcon.colcon_core.executor:Executing jobs using 'parallel' executor
[0.737s] DEBUG:colcon.colcon_parallel_executor.executor.parallel:run_until_complete
[0.738s] INFO:colcon.colcon_ros.task.ament_python.build:Building ROS package in '/home/kirill/ROS/ex05/movement_circle' with build type 'ament_python'
[0.738s] Level 1:colcon.colcon_core.shell:create_environment_hook('movement_circle', 'ament_prefix_path')
[0.742s] INFO:colcon.colcon_core.plugin_system:Skipping extension 'colcon_core.shell.bat': Not used on non-Windows systems
[0.742s] INFO:colcon.colcon_core.shell:Creating environment hook '/home/kirill/ROS/ex05/install/movement_circle/share/movement_circle/hook/ament_prefix_path.ps1'
[0.743s] INFO:colcon.colcon_core.shell:Creating environment descriptor '/home/kirill/ROS/ex05/install/movement_circle/share/movement_circle/hook/ament_prefix_path.dsv'
[0.744s] INFO:colcon.colcon_core.shell:Creating environment hook '/home/kirill/ROS/ex05/install/movement_circle/share/movement_circle/hook/ament_prefix_path.sh'
[0.746s] INFO:colcon.colcon_core.shell:Skip shell extension 'powershell' for command environment: Not usable outside of PowerShell
[0.746s] DEBUG:colcon.colcon_core.shell:Skip shell extension 'dsv' for command environment
[0.753s] INFO:colcon.colcon_ros.task.ament_cmake.build:Building ROS package in '/home/kirill/ROS/ex05/robot_bringup' with build type 'ament_cmake'
[0.753s] INFO:colcon.colcon_cmake.task.cmake.build:Building CMake package in '/home/kirill/ROS/ex05/robot_bringup'
[0.754s] INFO:colcon.colcon_core.shell:Skip shell extension 'powershell' for command environment: Not usable outside of PowerShell
[0.754s] DEBUG:colcon.colcon_core.shell:Skip shell extension 'dsv' for command environment
[0.759s] INFO:colcon.colcon_ros.task.ament_cmake.build:Building ROS package in '/home/kirill/ROS/ex05/robot_description' with build type 'ament_cmake'
[0.759s] INFO:colcon.colcon_cmake.task.cmake.build:Building CMake package in '/home/kirill/ROS/ex05/robot_description'
[0.759s] INFO:colcon.colcon_core.shell:Skip shell extension 'powershell' for command environment: Not usable outside of PowerShell
[0.760s] DEBUG:colcon.colcon_core.shell:Skip shell extension 'dsv' for command environment
[1.284s] INFO:colcon.colcon_core.task.python.build:Building Python package in '/home/kirill/ROS/ex05/movement_circle'
[1.284s] INFO:colcon.colcon_core.shell:Skip shell extension 'powershell' for command environment: Not usable outside of PowerShell
[1.284s] DEBUG:colcon.colcon_core.shell:Skip shell extension 'dsv' for command environment
[1.300s] DEBUG:colcon.colcon_core.event_handler.log_command:Invoking command in '/home/kirill/ROS/ex05/build/robot_bringup': CMAKE_PREFIX_PATH=${CMAKE_PREFIX_PATH}:/home/kirill/ros2_ws/install/mizkus:/opt/ros/humble /usr/bin/cmake --build /home/kirill/ROS/ex05/build/robot_bringup -- -j8 -l8
[1.313s] DEBUG:colcon.colcon_core.event_handler.log_command:Invoking command in '/home/kirill/ROS/ex05/build/robot_description': CMAKE_PREFIX_PATH=${CMAKE_PREFIX_PATH}:/home/kirill/ros2_ws/install/mizkus:/opt/ros/humble /usr/bin/cmake --build /home/kirill/ROS/ex05/build/robot_description -- -j8 -l8
[1.893s] DEBUG:colcon.colcon_core.event_handler.log_command:Invoked command in '/home/kirill/ROS/ex05/build/robot_bringup' returned '0': CMAKE_PREFIX_PATH=${CMAKE_PREFIX_PATH}:/home/kirill/ros2_ws/install/mizkus:/opt/ros/humble /usr/bin/cmake --build /home/kirill/ROS/ex05/build/robot_bringup -- -j8 -l8
[1.909s] DEBUG:colcon.colcon_core.event_handler.log_command:Invoked command in '/home/kirill/ROS/ex05/build/robot_description' returned '0': CMAKE_PREFIX_PATH=${CMAKE_PREFIX_PATH}:/home/kirill/ros2_ws/install/mizkus:/opt/ros/humble /usr/bin/cmake --build /home/kirill/ROS/ex05/build/robot_description -- -j8 -l8
[1.962s] DEBUG:colcon.colcon_core.event_handler.log_command:Invoking command in '/home/kirill/ROS/ex05/build/robot_bringup': CMAKE_PREFIX_PATH=${CMAKE_PREFIX_PATH}:/home/kirill/ros2_ws/install/mizkus:/opt/ros/humble /usr/bin/cmake --install /home/kirill/ROS/ex05/build/robot_bringup
[1.967s] DEBUG:colcon.colcon_core.event_handler.log_command:Invoking command in '/home/kirill/ROS/ex05/build/robot_description': CMAKE_PREFIX_PATH=${CMAKE_PREFIX_PATH}:/home/kirill/ros2_ws/install/mizkus:/opt/ros/humble /usr/bin/cmake --install /home/kirill/ROS/ex05/build/robot_description
[1.996s] Level 1:colcon.colcon_core.environment:create_environment_scripts_only(robot_description)
[1.999s] DEBUG:colcon.colcon_core.event_handler.log_command:Invoked command in '/home/kirill/ROS/ex05/build/robot_description' returned '0': CMAKE_PREFIX_PATH=${CMAKE_PREFIX_PATH}:/home/kirill/ros2_ws/install/mizkus:/opt/ros/humble /usr/bin/cmake --install /home/kirill/ROS/ex05/build/robot_description
[2.006s] Level 1:colcon.colcon_core.environment:checking '/home/kirill/ROS/ex05/install/robot_description' for CMake module files
[2.008s] Level 1:colcon.colcon_core.environment:checking '/home/kirill/ROS/ex05/install/robot_description' for CMake config files
[2.010s] Level 1:colcon.colcon_core.shell:create_environment_hook('robot_description', 'cmake_prefix_path')
[2.011s] INFO:colcon.colcon_core.shell:Creating environment hook '/home/kirill/ROS/ex05/install/robot_description/share/robot_description/hook/cmake_prefix_path.ps1'
[2.012s] INFO:colcon.colcon_core.shell:Creating environment descriptor '/home/kirill/ROS/ex05/install/robot_description/share/robot_description/hook/cmake_prefix_path.dsv'
[2.014s] INFO:colcon.colcon_core.shell:Creating environment hook '/home/kirill/ROS/ex05/install/robot_description/share/robot_description/hook/cmake_prefix_path.sh'
[2.015s] Level 1:colcon.colcon_core.environment:checking '/home/kirill/ROS/ex05/install/robot_description/bin'
[2.015s] Level 1:colcon.colcon_core.environment:checking '/home/kirill/ROS/ex05/install/robot_description/lib/pkgconfig/robot_description.pc'
[2.016s] Level 1:colcon.colcon_core.environment:checking '/home/kirill/ROS/ex05/install/robot_description/lib/python3.10/site-packages'
[2.016s] Level 1:colcon.colcon_core.environment:checking '/home/kirill/ROS/ex05/install/robot_description/bin'
[2.017s] INFO:colcon.colcon_core.shell:Creating package script '/home/kirill/ROS/ex05/install/robot_description/share/robot_description/package.ps1'
[2.018s] INFO:colcon.colcon_core.shell:Creating package descriptor '/home/kirill/ROS/ex05/install/robot_description/share/robot_description/package.dsv'
[2.019s] INFO:colcon.colcon_core.shell:Creating package script '/home/kirill/ROS/ex05/install/robot_description/share/robot_description/package.sh'
[2.021s] INFO:colcon.colcon_core.shell:Creating package script '/home/kirill/ROS/ex05/install/robot_description/share/robot_description/package.bash'
[2.022s] INFO:colcon.colcon_core.shell:Creating package script '/home/kirill/ROS/ex05/install/robot_description/share/robot_description/package.zsh'
[2.024s] Level 1:colcon.colcon_core.environment:create_file_with_runtime_dependencies(/home/kirill/ROS/ex05/install/robot_description/share/colcon-core/packages/robot_description)
[2.028s] Level 1:colcon.colcon_core.environment:create_environment_scripts_only(robot_bringup)
[2.030s] DEBUG:colcon.colcon_core.event_handler.log_command:Invoked command in '/home/kirill/ROS/ex05/build/robot_bringup' returned '0': CMAKE_PREFIX_PATH=${CMAKE_PREFIX_PATH}:/home/kirill/ros2_ws/install/mizkus:/opt/ros/humble /usr/bin/cmake --install /home/kirill/ROS/ex05/build/robot_bringup
[2.030s] Level 1:colcon.colcon_core.environment:checking '/home/kirill/ROS/ex05/install/robot_bringup' for CMake module files
[2.033s] Level 1:colcon.colcon_core.environment:checking '/home/kirill/ROS/ex05/install/robot_bringup' for CMake config files
[2.034s] Level 1:colcon.colcon_core.shell:create_environment_hook('robot_bringup', 'cmake_prefix_path')
[2.035s] INFO:colcon.colcon_core.shell:Creating environment hook '/home/kirill/ROS/ex05/install/robot_bringup/share/robot_bringup/hook/cmake_prefix_path.ps1'
[2.036s] INFO:colcon.colcon_core.shell:Creating environment descriptor '/home/kirill/ROS/ex05/install/robot_bringup/share/robot_bringup/hook/cmake_prefix_path.dsv'
[2.038s] INFO:colcon.colcon_core.shell:Creating environment hook '/home/kirill/ROS/ex05/install/robot_bringup/share/robot_bringup/hook/cmake_prefix_path.sh'
[2.039s] Level 1:colcon.colcon_core.environment:checking '/home/kirill/ROS/ex05/install/robot_bringup/bin'
[2.040s] Level 1:colcon.colcon_core.environment:checking '/home/kirill/ROS/ex05/install/robot_bringup/lib/pkgconfig/robot_bringup.pc'
[2.040s] Level 1:colcon.colcon_core.environment:checking '/home/kirill/ROS/ex05/install/robot_bringup/lib/python3.10/site-packages'
[2.041s] Level 1:colcon.colcon_core.environment:checking '/home/kirill/ROS/ex05/install/robot_bringup/bin'
[2.042s] INFO:colcon.colcon_core.shell:Creating package script '/home/kirill/ROS/ex05/install/robot_bringup/share/robot_bringup/package.ps1'
[2.044s] INFO:colcon.colcon_core.shell:Creating package descriptor '/home/kirill/ROS/ex05/install/robot_bringup/share/robot_bringup/package.dsv'
[2.046s] INFO:colcon.colcon_core.shell:Creating package script '/home/kirill/ROS/ex05/install/robot_bringup/share/robot_bringup/package.sh'
[2.047s] INFO:colcon.colcon_core.shell:Creating package script '/home/kirill/ROS/ex05/install/robot_bringup/share/robot_bringup/package.bash'
[2.048s] INFO:colcon.colcon_core.shell:Creating package script '/home/kirill/ROS/ex05/install/robot_bringup/share/robot_bringup/package.zsh'
[2.048s] Level 1:colcon.colcon_core.environment:create_file_with_runtime_dependencies(/home/kirill/ROS/ex05/install/robot_bringup/share/colcon-core/packages/robot_bringup)
[2.055s] DEBUG:colcon.colcon_core.event_handler.log_command:Invoking command in '/home/kirill/ROS/ex05/movement_circle': PYTHONPATH=/home/kirill/ROS/ex05/build/movement_circle/prefix_override:/usr/lib/python3/dist-packages/colcon_core/task/python/colcon_distutils_commands:/home/kirill/ROS/ex05/install/movement_circle/lib/python3.10/site-packages:${PYTHONPATH} /usr/bin/python3 -W ignore:setup.py install is deprecated setup.py egg_info --egg-base ../build/movement_circle build --build-base /home/kirill/ROS/ex05/build/movement_circle/build install --record /home/kirill/ROS/ex05/build/movement_circle/install.log --single-version-externally-managed install_data
[2.072s] Level 1:colcon.colcon_core.environment:create_environment_scripts_only(robot_description)
[2.073s] Level 1:colcon.colcon_core.environment:checking '/home/kirill/ROS/ex05/install/robot_description' for CMake module files
[2.074s] Level 1:colcon.colcon_core.environment:checking '/home/kirill/ROS/ex05/install/robot_description' for CMake config files
[2.074s] Level 1:colcon.colcon_core.shell:create_environment_hook('robot_description', 'cmake_prefix_path')
[2.075s] INFO:colcon.colcon_core.shell:Creating environment hook '/home/kirill/ROS/ex05/install/robot_description/share/robot_description/hook/cmake_prefix_path.ps1'
[2.076s] INFO:colcon.colcon_core.shell:Creating environment descriptor '/home/kirill/ROS/ex05/install/robot_description/share/robot_description/hook/cmake_prefix_path.dsv'
[2.077s] INFO:colcon.colcon_core.shell:Creating environment hook '/home/kirill/ROS/ex05/install/robot_description/share/robot_description/hook/cmake_prefix_path.sh'
[2.078s] Level 1:colcon.colcon_core.environment:checking '/home/kirill/ROS/ex05/install/robot_description/bin'
[2.078s] Level 1:colcon.colcon_core.environment:checking '/home/kirill/ROS/ex05/install/robot_description/lib/pkgconfig/robot_description.pc'
[2.079s] Level 1:colcon.colcon_core.environment:checking '/home/kirill/ROS/ex05/install/robot_description/lib/python3.10/site-packages'
[2.079s] Level 1:colcon.colcon_core.environment:checking '/home/kirill/ROS/ex05/install/robot_description/bin'
[2.080s] INFO:colcon.colcon_core.shell:Creating package script '/home/kirill/ROS/ex05/install/robot_description/share/robot_description/package.ps1'
[2.081s] INFO:colcon.colcon_core.shell:Creating package descriptor '/home/kirill/ROS/ex05/install/robot_description/share/robot_description/package.dsv'
[2.082s] INFO:colcon.colcon_core.shell:Creating package script '/home/kirill/ROS/ex05/install/robot_description/share/robot_description/package.sh'
[2.083s] INFO:colcon.colcon_core.shell:Creating package script '/home/kirill/ROS/ex05/install/robot_description/share/robot_description/package.bash'
[2.084s] INFO:colcon.colcon_core.shell:Creating package script '/home/kirill/ROS/ex05/install/robot_description/share/robot_description/package.zsh'
[2.085s] Level 1:colcon.colcon_core.environment:create_file_with_runtime_dependencies(/home/kirill/ROS/ex05/install/robot_description/share/colcon-core/packages/robot_description)
[2.093s] Level 1:colcon.colcon_core.environment:create_environment_scripts_only(robot_bringup)
[2.094s] Level 1:colcon.colcon_core.environment:checking '/home/kirill/ROS/ex05/install/robot_bringup' for CMake module files
[2.095s] Level 1:colcon.colcon_core.environment:checking '/home/kirill/ROS/ex05/install/robot_bringup' for CMake config files
[2.095s] Level 1:colcon.colcon_core.shell:create_environment_hook('robot_bringup', 'cmake_prefix_path')
[2.096s] INFO:colcon.colcon_core.shell:Creating environment hook '/home/kirill/ROS/ex05/install/robot_bringup/share/robot_bringup/hook/cmake_prefix_path.ps1'
[2.097s] INFO:colcon.colcon_core.shell:Creating environment descriptor '/home/kirill/ROS/ex05/install/robot_bringup/share/robot_bringup/hook/cmake_prefix_path.dsv'
[2.097s] INFO:colcon.colcon_core.shell:Creating environment hook '/home/kirill/ROS/ex05/install/robot_bringup/share/robot_bringup/hook/cmake_prefix_path.sh'
[2.098s] Level 1:colcon.colcon_core.environment:checking '/home/kirill/ROS/ex05/install/robot_bringup/bin'
[2.098s] Level 1:colcon.colcon_core.environment:checking '/home/kirill/ROS/ex05/install/robot_bringup/lib/pkgconfig/robot_bringup.pc'
[2.099s] Level 1:colcon.colcon_core.environment:checking '/home/kirill/ROS/ex05/install/robot_bringup/lib/python3.10/site-packages'
[2.099s] Level 1:colcon.colcon_core.environment:checking '/home/kirill/ROS/ex05/install/robot_bringup/bin'
[2.100s] INFO:colcon.colcon_core.shell:Creating package script '/home/kirill/ROS/ex05/install/robot_bringup/share/robot_bringup/package.ps1'
[2.101s] INFO:colcon.colcon_core.shell:Creating package descriptor '/home/kirill/ROS/ex05/install/robot_bringup/share/robot_bringup/package.dsv'
[2.103s] INFO:colcon.colcon_core.shell:Creating package script '/home/kirill/ROS/ex05/install/robot_bringup/share/robot_bringup/package.sh'
[2.104s] INFO:colcon.colcon_core.shell:Creating package script '/home/kirill/ROS/ex05/install/robot_bringup/share/robot_bringup/package.bash'
[2.105s] INFO:colcon.colcon_core.shell:Creating package script '/home/kirill/ROS/ex05/install/robot_bringup/share/robot_bringup/package.zsh'
[2.105s] Level 1:colcon.colcon_core.environment:create_file_with_runtime_dependencies(/home/kirill/ROS/ex05/install/robot_bringup/share/colcon-core/packages/robot_bringup)
[2.608s] Level 1:colcon.colcon_core.environment:checking '/home/kirill/ROS/ex05/install/movement_circle' for CMake module files
[2.610s] DEBUG:colcon.colcon_core.event_handler.log_command:Invoked command in '/home/kirill/ROS/ex05/movement_circle' returned '0': PYTHONPATH=/home/kirill/ROS/ex05/build/movement_circle/prefix_override:/usr/lib/python3/dist-packages/colcon_core/task/python/colcon_distutils_commands:/home/kirill/ROS/ex05/install/movement_circle/lib/python3.10/site-packages:${PYTHONPATH} /usr/bin/python3 -W ignore:setup.py install is deprecated setup.py egg_info --egg-base ../build/movement_circle build --build-base /home/kirill/ROS/ex05/build/movement_circle/build install --record /home/kirill/ROS/ex05/build/movement_circle/install.log --single-version-externally-managed install_data
[2.611s] Level 1:colcon.colcon_core.environment:checking '/home/kirill/ROS/ex05/install/movement_circle' for CMake config files
[2.614s] Level 1:colcon.colcon_core.environment:checking '/home/kirill/ROS/ex05/install/movement_circle/lib'
[2.614s] Level 1:colcon.colcon_core.environment:checking '/home/kirill/ROS/ex05/install/movement_circle/bin'
[2.614s] Level 1:colcon.colcon_core.environment:checking '/home/kirill/ROS/ex05/install/movement_circle/lib/pkgconfig/movement_circle.pc'
[2.615s] Level 1:colcon.colcon_core.environment:checking '/home/kirill/ROS/ex05/install/movement_circle/lib/python3.10/site-packages'
[2.615s] Level 1:colcon.colcon_core.shell:create_environment_hook('movement_circle', 'pythonpath')
[2.616s] INFO:colcon.colcon_core.shell:Creating environment hook '/home/kirill/ROS/ex05/install/movement_circle/share/movement_circle/hook/pythonpath.ps1'
[2.618s] INFO:colcon.colcon_core.shell:Creating environment descriptor '/home/kirill/ROS/ex05/install/movement_circle/share/movement_circle/hook/pythonpath.dsv'
[2.619s] INFO:colcon.colcon_core.shell:Creating environment hook '/home/kirill/ROS/ex05/install/movement_circle/share/movement_circle/hook/pythonpath.sh'
[2.620s] Level 1:colcon.colcon_core.environment:checking '/home/kirill/ROS/ex05/install/movement_circle/bin'
[2.620s] Level 1:colcon.colcon_core.environment:create_environment_scripts_only(movement_circle)
[2.621s] INFO:colcon.colcon_core.shell:Creating package script '/home/kirill/ROS/ex05/install/movement_circle/share/movement_circle/package.ps1'
[2.623s] INFO:colcon.colcon_core.shell:Creating package descriptor '/home/kirill/ROS/ex05/install/movement_circle/share/movement_circle/package.dsv'
[2.624s] INFO:colcon.colcon_core.shell:Creating package script '/home/kirill/ROS/ex05/install/movement_circle/share/movement_circle/package.sh'
[2.625s] INFO:colcon.colcon_core.shell:Creating package script '/home/kirill/ROS/ex05/install/movement_circle/share/movement_circle/package.bash'
[2.626s] INFO:colcon.colcon_core.shell:Creating package script '/home/kirill/ROS/ex05/install/movement_circle/share/movement_circle/package.zsh'
[2.627s] Level 1:colcon.colcon_core.environment:create_file_with_runtime_dependencies(/home/kirill/ROS/ex05/install/movement_circle/share/colcon-core/packages/movement_circle)
[2.628s] DEBUG:colcon.colcon_parallel_executor.executor.parallel:closing loop
[2.629s] DEBUG:colcon.colcon_parallel_executor.executor.parallel:loop closed
[2.629s] DEBUG:colcon.colcon_parallel_executor.executor.parallel:run_until_complete finished with '0'
[2.629s] DEBUG:colcon.colcon_core.event_reactor:joining thread
[2.644s] INFO:colcon.colcon_core.plugin_system:Skipping extension 'colcon_notification.desktop_notification.terminal_notifier': Not used on non-Darwin systems
[2.644s] INFO:colcon.colcon_core.plugin_system:Skipping extension 'colcon_notification.desktop_notification.win32': Not used on non-Windows systems
[2.644s] INFO:colcon.colcon_notification.desktop_notification:Sending desktop notification using 'notify2'
[2.680s] DEBUG:colcon.colcon_core.event_reactor:joined thread
[2.681s] INFO:colcon.colcon_core.shell:Creating prefix script '/home/kirill/ROS/ex05/install/local_setup.ps1'
[2.683s] INFO:colcon.colcon_core.shell:Creating prefix util module '/home/kirill/ROS/ex05/install/_local_setup_util_ps1.py'
[2.687s] INFO:colcon.colcon_core.shell:Creating prefix chain script '/home/kirill/ROS/ex05/install/setup.ps1'
[2.689s] INFO:colcon.colcon_core.shell:Creating prefix script '/home/kirill/ROS/ex05/install/local_setup.sh'
[2.690s] INFO:colcon.colcon_core.shell:Creating prefix util module '/home/kirill/ROS/ex05/install/_local_setup_util_sh.py'
[2.691s] INFO:colcon.colcon_core.shell:Creating prefix chain script '/home/kirill/ROS/ex05/install/setup.sh'
[2.693s] INFO:colcon.colcon_core.shell:Creating prefix script '/home/kirill/ROS/ex05/install/local_setup.bash'
[2.694s] INFO:colcon.colcon_core.shell:Creating prefix chain script '/home/kirill/ROS/ex05/install/setup.bash'
[2.696s] INFO:colcon.colcon_core.shell:Creating prefix script '/home/kirill/ROS/ex05/install/local_setup.zsh'
[2.697s] INFO:colcon.colcon_core.shell:Creating prefix chain script '/home/kirill/ROS/ex05/install/setup.zsh'
