[0.187s] DEBUG:colcon:Command line arguments: ['/usr/bin/colcon', 'build', '--packages-select', 'robot_bringup', 'robot_description', 'movement_circle']
[0.187s] DEBUG:colcon:Parsed command line arguments: Namespace(log_base=None, log_level=None, verb_name='build', build_base='build', install_base='install', merge_install=False, symlink_install=False, test_result_base=None, continue_on_error=False, executor='parallel', parallel_workers=8, event_handlers=None, ignore_user_meta=False, metas=['./colcon.meta'], base_paths=['.'], packages_ignore=None, packages_ignore_regex=None, paths=None, packages_up_to=None, packages_up_to_regex=None, packages_above=None, packages_above_and_dependencies=None, packages_above_depth=None, packages_select_by_dep=None, packages_skip_by_dep=None, packages_skip_up_to=None, packages_select_build_failed=False, packages_skip_build_finished=False, packages_select_test_failures=False, packages_skip_test_passed=False, packages_select=['robot_bringup', 'robot_description', 'movement_circle'], packages_skip=None, packages_select_regex=None, packages_skip_regex=None, packages_start=None, packages_end=None, allow_overriding=[], cmake_args=None, cmake_target=None, cmake_target_skip_unavailable=False, cmake_clean_cache=False, cmake_clean_first=False, cmake_force_configure=False, ament_cmake_args=None, catkin_cmake_args=None, catkin_skip_building_tests=False, mixin_files=None, mixin=None, verb_parser=<colcon_mixin.mixin.mixin_argument.MixinArgumentDecorator object at 0x701bbd153220>, verb_extension=<colcon_core.verb.build.BuildVerb object at 0x701bbd152b30>, main=<bound method BuildVerb.main of <colcon_core.verb.build.BuildVerb object at 0x701bbd152b30>>, mixin_verb=('build',))
[0.502s] Level 1:colcon.colcon_core.package_discovery:discover_packages(colcon_meta) check parameters
[0.502s] Level 1:colcon.colcon_core.package_discovery:discover_packages(recursive) check parameters
[0.502s] Level 1:colcon.colcon_core.package_discovery:discover_packages(ignore) check parameters
[0.502s] Level 1:colcon.colcon_core.package_discovery:discover_packages(path) check parameters
[0.502s] Level 1:colcon.colcon_core.package_discovery:discover_packages(colcon_meta) discover
[0.502s] Level 1:colcon.colcon_core.package_discovery:discover_packages(recursive) discover
[0.502s] INFO:colcon.colcon_core.package_discovery:Crawling recursively for packages in '/home/kirill/ROS/ex05'
[0.502s] Level 1:colcon.colcon_core.package_identification:_identify(.) by extensions ['ignore', 'ignore_ament_install']
[0.503s] Level 1:colcon.colcon_core.package_identification:_identify(.) by extension 'ignore'
[0.503s] Level 1:colcon.colcon_core.package_identification:_identify(.) by extension 'ignore_ament_install'
[0.503s] Level 1:colcon.colcon_core.package_identification:_identify(.) by extensions ['colcon_pkg']
[0.503s] Level 1:colcon.colcon_core.package_identification:_identify(.) by extension 'colcon_pkg'
[0.503s] Level 1:colcon.colcon_core.package_identification:_identify(.) by extensions ['colcon_meta']
[0.503s] Level 1:colcon.colcon_core.package_identification:_identify(.) by extension 'colcon_meta'
[0.503s] Level 1:colcon.colcon_core.package_identification:_identify(.) by extensions ['ros']
[0.503s] Level 1:colcon.colcon_core.package_identification:_identify(.) by extension 'ros'
[0.521s] Level 1:colcon.colcon_core.package_identification:_identify(.) by extensions ['cmake', 'python']
[0.521s] Level 1:colcon.colcon_core.package_identification:_identify(.) by extension 'cmake'
[0.521s] Level 1:colcon.colcon_core.package_identification:_identify(.) by extension 'python'
[0.521s] Level 1:colcon.colcon_core.package_identification:_identify(.) by extensions ['python_setup_py']
[0.521s] Level 1:colcon.colcon_core.package_identification:_identify(.) by extension 'python_setup_py'
[0.521s] Level 1:colcon.colcon_core.package_identification:_identify(build) by extensions ['ignore', 'ignore_ament_install']
[0.522s] Level 1:colcon.colcon_core.package_identification:_identify(build) by extension 'ignore'
[0.522s] Level 1:colcon.colcon_core.package_identification:_identify(build) ignored
[0.522s] Level 1:colcon.colcon_core.package_identification:_identify(install) by extensions ['ignore', 'ignore_ament_install']
[0.522s] Level 1:colcon.colcon_core.package_identification:_identify(install) by extension 'ignore'
[0.522s] Level 1:colcon.colcon_core.package_identification:_identify(install) ignored
[0.522s] Level 1:colcon.colcon_core.package_identification:_identify(log) by extensions ['ignore', 'ignore_ament_install']
[0.522s] Level 1:colcon.colcon_core.package_identification:_identify(log) by extension 'ignore'
[0.523s] Level 1:colcon.colcon_core.package_identification:_identify(log) ignored
[0.523s] Level 1:colcon.colcon_core.package_identification:_identify(movement_circle) by extensions ['ignore', 'ignore_ament_install']
[0.523s] Level 1:colcon.colcon_core.package_identification:_identify(movement_circle) by extension 'ignore'
[0.523s] Level 1:colcon.colcon_core.package_identification:_identify(movement_circle) by extension 'ignore_ament_install'
[0.523s] Level 1:colcon.colcon_core.package_identification:_identify(movement_circle) by extensions ['colcon_pkg']
[0.523s] Level 1:colcon.colcon_core.package_identification:_identify(movement_circle) by extension 'colcon_pkg'
[0.523s] Level 1:colcon.colcon_core.package_identification:_identify(movement_circle) by extensions ['colcon_meta']
[0.523s] Level 1:colcon.colcon_core.package_identification:_identify(movement_circle) by extension 'colcon_meta'
[0.523s] Level 1:colcon.colcon_core.package_identification:_identify(movement_circle) by extensions ['ros']
[0.523s] Level 1:colcon.colcon_core.package_identification:_identify(movement_circle) by extension 'ros'
[0.527s] DEBUG:colcon.colcon_core.package_identification:Package 'movement_circle' with type 'ros.ament_python' and name 'movement_circle'
[0.528s] Level 1:colcon.colcon_core.package_identification:_identify(robot_bringup) by extensions ['ignore', 'ignore_ament_install']
[0.528s] Level 1:colcon.colcon_core.package_identification:_identify(robot_bringup) by extension 'ignore'
[0.528s] Level 1:colcon.colcon_core.package_identification:_identify(robot_bringup) by extension 'ignore_ament_install'
[0.528s] Level 1:colcon.colcon_core.package_identification:_identify(robot_bringup) by extensions ['colcon_pkg']
[0.528s] Level 1:colcon.colcon_core.package_identification:_identify(robot_bringup) by extension 'colcon_pkg'
[0.528s] Level 1:colcon.colcon_core.package_identification:_identify(robot_bringup) by extensions ['colcon_meta']
[0.528s] Level 1:colcon.colcon_core.package_identification:_identify(robot_bringup) by extension 'colcon_meta'
[0.528s] Level 1:colcon.colcon_core.package_identification:_identify(robot_bringup) by extensions ['ros']
[0.528s] Level 1:colcon.colcon_core.package_identification:_identify(robot_bringup) by extension 'ros'
[0.529s] DEBUG:colcon.colcon_core.package_identification:Package 'robot_bringup' with type 'ros.ament_cmake' and name 'robot_bringup'
[0.529s] Level 1:colcon.colcon_core.package_identification:_identify(robot_description) by extensions ['ignore', 'ignore_ament_install']
[0.529s] Level 1:colcon.colcon_core.package_identification:_identify(robot_description) by extension 'ignore'
[0.529s] Level 1:colcon.colcon_core.package_identification:_identify(robot_description) by extension 'ignore_ament_install'
[0.530s] Level 1:colcon.colcon_core.package_identification:_identify(robot_description) by extensions ['colcon_pkg']
[0.530s] Level 1:colcon.colcon_core.package_identification:_identify(robot_description) by extension 'colcon_pkg'
[0.530s] Level 1:colcon.colcon_core.package_identification:_identify(robot_description) by extensions ['colcon_meta']
[0.530s] Level 1:colcon.colcon_core.package_identification:_identify(robot_description) by extension 'colcon_meta'
[0.530s] Level 1:colcon.colcon_core.package_identification:_identify(robot_description) by extensions ['ros']
[0.530s] Level 1:colcon.colcon_core.package_identification:_identify(robot_description) by extension 'ros'
[0.531s] DEBUG:colcon.colcon_core.package_identification:Package 'robot_description' with type 'ros.ament_cmake' and name 'robot_description'
[0.531s] Level 1:colcon.colcon_core.package_discovery:discover_packages(recursive) using defaults
[0.531s] Level 1:colcon.colcon_core.package_discovery:discover_packages(ignore) discover
[0.531s] Level 1:colcon.colcon_core.package_discovery:discover_packages(ignore) using defaults
[0.531s] Level 1:colcon.colcon_core.package_discovery:discover_packages(path) discover
[0.531s] Level 1:colcon.colcon_core.package_discovery:discover_packages(path) using defaults
[0.583s] Level 1:colcon.colcon_core.package_discovery:discover_packages(prefix_path) check parameters
[0.583s] Level 1:colcon.colcon_core.package_discovery:discover_packages(prefix_path) discover
[0.585s] WARNING:colcon.colcon_core.prefix_path.colcon:The path '/home/kirill/ROS/ex04/install' in the environment variable COLCON_PREFIX_PATH doesn't exist
[0.585s] WARNING:colcon.colcon_ros.prefix_path.ament:The path '/home/kirill/ROS/ex04/install/robot_description' in the environment variable AMENT_PREFIX_PATH doesn't exist
[0.585s] WARNING:colcon.colcon_ros.prefix_path.ament:The path '/home/kirill/ROS/ex04/install/robot_bringup' in the environment variable AMENT_PREFIX_PATH doesn't exist
[0.585s] WARNING:colcon.colcon_ros.prefix_path.ament:The path '/home/kirill/ROS/ex04/install/movement_circle' in the environment variable AMENT_PREFIX_PATH doesn't exist
[0.586s] WARNING:colcon.colcon_ros.prefix_path.catkin:The path '/home/kirill/ROS/ex04/install/robot_description' in the environment variable CMAKE_PREFIX_PATH doesn't exist
[0.586s] WARNING:colcon.colcon_ros.prefix_path.catkin:The path '/home/kirill/ROS/ex04/install/robot_bringup' in the environment variable CMAKE_PREFIX_PATH doesn't exist
[0.587s] DEBUG:colcon.colcon_installed_package_information.package_discovery:Found 3 installed packages in /home/kirill/ROS/ex03/install
[0.588s] DEBUG:colcon.colcon_installed_package_information.package_discovery:Found 2 installed packages in /home/kirill/ros2_ws/install
[0.591s] DEBUG:colcon.colcon_installed_package_information.package_discovery:Found 296 installed packages in /opt/ros/humble
[0.595s] Level 1:colcon.colcon_core.package_discovery:discover_packages(prefix_path) using defaults
[0.671s] Level 5:colcon.colcon_core.verb:set package 'movement_circle' build argument 'cmake_args' from command line to 'None'
[0.671s] Level 5:colcon.colcon_core.verb:set package 'movement_circle' build argument 'cmake_target' from command line to 'None'
[0.671s] Level 5:colcon.colcon_core.verb:set package 'movement_circle' build argument 'cmake_target_skip_unavailable' from command line to 'False'
[0.671s] Level 5:colcon.colcon_core.verb:set package 'movement_circle' build argument 'cmake_clean_cache' from command line to 'False'
[0.671s] Level 5:colcon.colcon_core.verb:set package 'movement_circle' build argument 'cmake_clean_first' from command line to 'False'
[0.671s] Level 5:colcon.colcon_core.verb:set package 'movement_circle' build argument 'cmake_force_configure' from command line to 'False'
[0.671s] Level 5:colcon.colcon_core.verb:set package 'movement_circle' build argument 'ament_cmake_args' from command line to 'None'
[0.671s] Level 5:colcon.colcon_core.verb:set package 'movement_circle' build argument 'catkin_cmake_args' from command line to 'None'
[0.671s] Level 5:colcon.colcon_core.verb:set package 'movement_circle' build argument 'catkin_skip_building_tests' from command line to 'False'
[0.671s] DEBUG:colcon.colcon_core.verb:Building package 'movement_circle' with the following arguments: {'ament_cmake_args': None, 'build_base': '/home/kirill/ROS/ex05/build/movement_circle', 'catkin_cmake_args': None, 'catkin_skip_building_tests': False, 'cmake_args': None, 'cmake_clean_cache': False, 'cmake_clean_first': False, 'cmake_force_configure': False, 'cmake_target': None, 'cmake_target_skip_unavailable': False, 'install_base': '/home/kirill/ROS/ex05/install/movement_circle', 'merge_install': False, 'path': '/home/kirill/ROS/ex05/movement_circle', 'symlink_install': False, 'test_result_base': None}
[0.672s] Level 5:colcon.colcon_core.verb:set package 'robot_bringup' build argument 'cmake_args' from command line to 'None'
[0.672s] Level 5:colcon.colcon_core.verb:set package 'robot_bringup' build argument 'cmake_target' from command line to 'None'
[0.672s] Level 5:colcon.colcon_core.verb:set package 'robot_bringup' build argument 'cmake_target_skip_unavailable' from command line to 'False'
[0.672s] Level 5:colcon.colcon_core.verb:set package 'robot_bringup' build argument 'cmake_clean_cache' from command line to 'False'
[0.672s] Level 5:colcon.colcon_core.verb:set package 'robot_bringup' build argument 'cmake_clean_first' from command line to 'False'
[0.672s] Level 5:colcon.colcon_core.verb:set package 'robot_bringup' build argument 'cmake_force_configure' from command line to 'False'
[0.672s] Level 5:colcon.colcon_core.verb:set package 'robot_bringup' build argument 'ament_cmake_args' from command line to 'None'
[0.672s] Level 5:colcon.colcon_core.verb:set package 'robot_bringup' build argument 'catkin_cmake_args' from command line to 'None'
[0.672s] Level 5:colcon.colcon_core.verb:set package 'robot_bringup' build argument 'catkin_skip_building_tests' from command line to 'False'
[0.672s] DEBUG:colcon.colcon_core.verb:Building package 'robot_bringup' with the following arguments: {'ament_cmake_args': None, 'build_base': '/home/kirill/ROS/ex05/build/robot_bringup', 'catkin_cmake_args': None, 'catkin_skip_building_tests': False, 'cmake_args': None, 'cmake_clean_cache': False, 'cmake_clean_first': False, 'cmake_force_configure': False, 'cmake_target': None, 'cmake_target_skip_unavailable': False, 'install_base': '/home/kirill/ROS/ex05/install/robot_bringup', 'merge_install': False, 'path': '/home/kirill/ROS/ex05/robot_bringup', 'symlink_install': False, 'test_result_base': None}
[0.673s] Level 5:colcon.colcon_core.verb:set package 'robot_description' build argument 'cmake_args' from command line to 'None'
[0.673s] Level 5:colcon.colcon_core.verb:set package 'robot_description' build argument 'cmake_target' from command line to 'None'
[0.673s] Level 5:colcon.colcon_core.verb:set package 'robot_description' build argument 'cmake_target_skip_unavailable' from command line to 'False'
[0.673s] Level 5:colcon.colcon_core.verb:set package 'robot_description' build argument 'cmake_clean_cache' from command line to 'False'
[0.673s] Level 5:colcon.colcon_core.verb:set package 'robot_description' build argument 'cmake_clean_first' from command line to 'False'
[0.673s] Level 5:colcon.colcon_core.verb:set package 'robot_description' build argument 'cmake_force_configure' from command line to 'False'
[0.673s] Level 5:colcon.colcon_core.verb:set package 'robot_description' build argument 'ament_cmake_args' from command line to 'None'
[0.673s] Level 5:colcon.colcon_core.verb:set package 'robot_description' build argument 'catkin_cmake_args' from command line to 'None'
[0.673s] Level 5:colcon.colcon_core.verb:set package 'robot_description' build argument 'catkin_skip_building_tests' from command line to 'False'
[0.673s] DEBUG:colcon.colcon_core.verb:Building package 'robot_description' with the following arguments: {'ament_cmake_args': None, 'build_base': '/home/kirill/ROS/ex05/build/robot_description', 'catkin_cmake_args': None, 'catkin_skip_building_tests': False, 'cmake_args': None, 'cmake_clean_cache': False, 'cmake_clean_first': False, 'cmake_force_configure': False, 'cmake_target': None, 'cmake_target_skip_unavailable': False, 'install_base': '/home/kirill/ROS/ex05/install/robot_description', 'merge_install': False, 'path': '/home/kirill/ROS/ex05/robot_description', 'symlink_install': False, 'test_result_base': None}
[0.673s] INFO:colcon.colcon_core.executor:Executing jobs using 'parallel' executor
[0.675s] DEBUG:colcon.colcon_parallel_executor.executor.parallel:run_until_complete
[0.675s] INFO:colcon.colcon_ros.task.ament_python.build:Building ROS package in '/home/kirill/ROS/ex05/movement_circle' with build type 'ament_python'
[0.675s] Level 1:colcon.colcon_core.shell:create_environment_hook('movement_circle', 'ament_prefix_path')
[0.679s] INFO:colcon.colcon_core.plugin_system:Skipping extension 'colcon_core.shell.bat': Not used on non-Windows systems
[0.680s] INFO:colcon.colcon_core.shell:Creating environment hook '/home/kirill/ROS/ex05/install/movement_circle/share/movement_circle/hook/ament_prefix_path.ps1'
[0.681s] INFO:colcon.colcon_core.shell:Creating environment descriptor '/home/kirill/ROS/ex05/install/movement_circle/share/movement_circle/hook/ament_prefix_path.dsv'
[0.682s] INFO:colcon.colcon_core.shell:Creating environment hook '/home/kirill/ROS/ex05/install/movement_circle/share/movement_circle/hook/ament_prefix_path.sh'
[0.683s] INFO:colcon.colcon_core.shell:Skip shell extension 'powershell' for command environment: Not usable outside of PowerShell
[0.683s] DEBUG:colcon.colcon_core.shell:Skip shell extension 'dsv' for command environment
[0.694s] INFO:colcon.colcon_ros.task.ament_cmake.build:Building ROS package in '/home/kirill/ROS/ex05/robot_bringup' with build type 'ament_cmake'
[0.695s] INFO:colcon.colcon_cmake.task.cmake.build:Building CMake package in '/home/kirill/ROS/ex05/robot_bringup'
[0.695s] INFO:colcon.colcon_core.shell:Skip shell extension 'powershell' for command environment: Not usable outside of PowerShell
[0.695s] DEBUG:colcon.colcon_core.shell:Skip shell extension 'dsv' for command environment
[0.706s] INFO:colcon.colcon_ros.task.ament_cmake.build:Building ROS package in '/home/kirill/ROS/ex05/robot_description' with build type 'ament_cmake'
[0.706s] INFO:colcon.colcon_cmake.task.cmake.build:Building CMake package in '/home/kirill/ROS/ex05/robot_description'
[0.707s] INFO:colcon.colcon_core.shell:Skip shell extension 'powershell' for command environment: Not usable outside of PowerShell
[0.707s] DEBUG:colcon.colcon_core.shell:Skip shell extension 'dsv' for command environment
[1.215s] INFO:colcon.colcon_core.task.python.build:Building Python package in '/home/kirill/ROS/ex05/movement_circle'
[1.216s] INFO:colcon.colcon_core.shell:Skip shell extension 'powershell' for command environment: Not usable outside of PowerShell
[1.216s] DEBUG:colcon.colcon_core.shell:Skip shell extension 'dsv' for command environment
[1.229s] DEBUG:colcon.colcon_core.event_handler.log_command:Invoking command in '/home/kirill/ROS/ex05/build/robot_bringup': CMAKE_PREFIX_PATH=${CMAKE_PREFIX_PATH}:/home/kirill/ROS/ex04/install/movement_circle:/home/kirill/ros2_ws/install/mizkus:/opt/ros/humble /usr/bin/cmake --build /home/kirill/ROS/ex05/build/robot_bringup -- -j8 -l8
[1.244s] DEBUG:colcon.colcon_core.event_handler.log_command:Invoking command in '/home/kirill/ROS/ex05/build/robot_description': CMAKE_PREFIX_PATH=${CMAKE_PREFIX_PATH}:/home/kirill/ROS/ex04/install/movement_circle:/home/kirill/ros2_ws/install/mizkus:/opt/ros/humble /usr/bin/cmake --build /home/kirill/ROS/ex05/build/robot_description -- -j8 -l8
[1.309s] DEBUG:colcon.colcon_core.event_handler.log_command:Invoked command in '/home/kirill/ROS/ex05/build/robot_bringup' returned '0': CMAKE_PREFIX_PATH=${CMAKE_PREFIX_PATH}:/home/kirill/ROS/ex04/install/movement_circle:/home/kirill/ros2_ws/install/mizkus:/opt/ros/humble /usr/bin/cmake --build /home/kirill/ROS/ex05/build/robot_bringup -- -j8 -l8
[1.321s] DEBUG:colcon.colcon_core.event_handler.log_command:Invoked command in '/home/kirill/ROS/ex05/build/robot_description' returned '0': CMAKE_PREFIX_PATH=${CMAKE_PREFIX_PATH}:/home/kirill/ROS/ex04/install/movement_circle:/home/kirill/ros2_ws/install/mizkus:/opt/ros/humble /usr/bin/cmake --build /home/kirill/ROS/ex05/build/robot_description -- -j8 -l8
[1.374s] DEBUG:colcon.colcon_core.event_handler.log_command:Invoking command in '/home/kirill/ROS/ex05/build/robot_bringup': CMAKE_PREFIX_PATH=${CMAKE_PREFIX_PATH}:/home/kirill/ROS/ex04/install/movement_circle:/home/kirill/ros2_ws/install/mizkus:/opt/ros/humble /usr/bin/cmake --install /home/kirill/ROS/ex05/build/robot_bringup
[1.383s] DEBUG:colcon.colcon_core.event_handler.log_command:Invoking command in '/home/kirill/ROS/ex05/build/robot_description': CMAKE_PREFIX_PATH=${CMAKE_PREFIX_PATH}:/home/kirill/ROS/ex04/install/movement_circle:/home/kirill/ros2_ws/install/mizkus:/opt/ros/humble /usr/bin/cmake --install /home/kirill/ROS/ex05/build/robot_description
[1.395s] Level 1:colcon.colcon_core.environment:create_environment_scripts_only(robot_bringup)
[1.396s] DEBUG:colcon.colcon_core.event_handler.log_command:Invoked command in '/home/kirill/ROS/ex05/build/robot_bringup' returned '0': CMAKE_PREFIX_PATH=${CMAKE_PREFIX_PATH}:/home/kirill/ROS/ex04/install/movement_circle:/home/kirill/ros2_ws/install/mizkus:/opt/ros/humble /usr/bin/cmake --install /home/kirill/ROS/ex05/build/robot_bringup
[1.406s] Level 1:colcon.colcon_core.environment:checking '/home/kirill/ROS/ex05/install/robot_bringup' for CMake module files
[1.407s] Level 1:colcon.colcon_core.environment:checking '/home/kirill/ROS/ex05/install/robot_bringup' for CMake config files
[1.408s] Level 1:colcon.colcon_core.shell:create_environment_hook('robot_bringup', 'cmake_prefix_path')
[1.408s] INFO:colcon.colcon_core.shell:Creating environment hook '/home/kirill/ROS/ex05/install/robot_bringup/share/robot_bringup/hook/cmake_prefix_path.ps1'
[1.409s] INFO:colcon.colcon_core.shell:Creating environment descriptor '/home/kirill/ROS/ex05/install/robot_bringup/share/robot_bringup/hook/cmake_prefix_path.dsv'
[1.410s] INFO:colcon.colcon_core.shell:Creating environment hook '/home/kirill/ROS/ex05/install/robot_bringup/share/robot_bringup/hook/cmake_prefix_path.sh'
[1.412s] Level 1:colcon.colcon_core.environment:checking '/home/kirill/ROS/ex05/install/robot_bringup/bin'
[1.412s] Level 1:colcon.colcon_core.environment:checking '/home/kirill/ROS/ex05/install/robot_bringup/lib/pkgconfig/robot_bringup.pc'
[1.412s] Level 1:colcon.colcon_core.environment:checking '/home/kirill/ROS/ex05/install/robot_bringup/lib/python3.10/site-packages'
[1.413s] Level 1:colcon.colcon_core.environment:checking '/home/kirill/ROS/ex05/install/robot_bringup/bin'
[1.414s] INFO:colcon.colcon_core.shell:Creating package script '/home/kirill/ROS/ex05/install/robot_bringup/share/robot_bringup/package.ps1'
[1.415s] INFO:colcon.colcon_core.shell:Creating package descriptor '/home/kirill/ROS/ex05/install/robot_bringup/share/robot_bringup/package.dsv'
[1.416s] INFO:colcon.colcon_core.shell:Creating package script '/home/kirill/ROS/ex05/install/robot_bringup/share/robot_bringup/package.sh'
[1.418s] INFO:colcon.colcon_core.shell:Creating package script '/home/kirill/ROS/ex05/install/robot_bringup/share/robot_bringup/package.bash'
[1.419s] INFO:colcon.colcon_core.shell:Creating package script '/home/kirill/ROS/ex05/install/robot_bringup/share/robot_bringup/package.zsh'
[1.420s] Level 1:colcon.colcon_core.environment:create_file_with_runtime_dependencies(/home/kirill/ROS/ex05/install/robot_bringup/share/colcon-core/packages/robot_bringup)
[1.423s] Level 1:colcon.colcon_core.environment:create_environment_scripts_only(robot_description)
[1.424s] Level 1:colcon.colcon_core.environment:checking '/home/kirill/ROS/ex05/install/robot_description' for CMake module files
[1.425s] DEBUG:colcon.colcon_core.event_handler.log_command:Invoked command in '/home/kirill/ROS/ex05/build/robot_description' returned '0': CMAKE_PREFIX_PATH=${CMAKE_PREFIX_PATH}:/home/kirill/ROS/ex04/install/movement_circle:/home/kirill/ros2_ws/install/mizkus:/opt/ros/humble /usr/bin/cmake --install /home/kirill/ROS/ex05/build/robot_description
[1.425s] Level 1:colcon.colcon_core.environment:checking '/home/kirill/ROS/ex05/install/robot_description' for CMake config files
[1.426s] Level 1:colcon.colcon_core.shell:create_environment_hook('robot_description', 'cmake_prefix_path')
[1.426s] INFO:colcon.colcon_core.shell:Creating environment hook '/home/kirill/ROS/ex05/install/robot_description/share/robot_description/hook/cmake_prefix_path.ps1'
[1.427s] INFO:colcon.colcon_core.shell:Creating environment descriptor '/home/kirill/ROS/ex05/install/robot_description/share/robot_description/hook/cmake_prefix_path.dsv'
[1.428s] INFO:colcon.colcon_core.shell:Creating environment hook '/home/kirill/ROS/ex05/install/robot_description/share/robot_description/hook/cmake_prefix_path.sh'
[1.429s] Level 1:colcon.colcon_core.environment:checking '/home/kirill/ROS/ex05/install/robot_description/bin'
[1.429s] Level 1:colcon.colcon_core.environment:checking '/home/kirill/ROS/ex05/install/robot_description/lib/pkgconfig/robot_description.pc'
[1.430s] Level 1:colcon.colcon_core.environment:checking '/home/kirill/ROS/ex05/install/robot_description/lib/python3.10/site-packages'
[1.430s] Level 1:colcon.colcon_core.environment:checking '/home/kirill/ROS/ex05/install/robot_description/bin'
[1.431s] INFO:colcon.colcon_core.shell:Creating package script '/home/kirill/ROS/ex05/install/robot_description/share/robot_description/package.ps1'
[1.432s] INFO:colcon.colcon_core.shell:Creating package descriptor '/home/kirill/ROS/ex05/install/robot_description/share/robot_description/package.dsv'
[1.432s] INFO:colcon.colcon_core.shell:Creating package script '/home/kirill/ROS/ex05/install/robot_description/share/robot_description/package.sh'
[1.433s] INFO:colcon.colcon_core.shell:Creating package script '/home/kirill/ROS/ex05/install/robot_description/share/robot_description/package.bash'
[1.434s] INFO:colcon.colcon_core.shell:Creating package script '/home/kirill/ROS/ex05/install/robot_description/share/robot_description/package.zsh'
[1.435s] Level 1:colcon.colcon_core.environment:create_file_with_runtime_dependencies(/home/kirill/ROS/ex05/install/robot_description/share/colcon-core/packages/robot_description)
[1.467s] Level 1:colcon.colcon_core.environment:create_environment_scripts_only(robot_bringup)
[1.468s] Level 1:colcon.colcon_core.environment:checking '/home/kirill/ROS/ex05/install/robot_bringup' for CMake module files
[1.469s] Level 1:colcon.colcon_core.environment:checking '/home/kirill/ROS/ex05/install/robot_bringup' for CMake config files
[1.469s] Level 1:colcon.colcon_core.shell:create_environment_hook('robot_bringup', 'cmake_prefix_path')
[1.470s] INFO:colcon.colcon_core.shell:Creating environment hook '/home/kirill/ROS/ex05/install/robot_bringup/share/robot_bringup/hook/cmake_prefix_path.ps1'
[1.471s] INFO:colcon.colcon_core.shell:Creating environment descriptor '/home/kirill/ROS/ex05/install/robot_bringup/share/robot_bringup/hook/cmake_prefix_path.dsv'
[1.472s] INFO:colcon.colcon_core.shell:Creating environment hook '/home/kirill/ROS/ex05/install/robot_bringup/share/robot_bringup/hook/cmake_prefix_path.sh'
[1.473s] Level 1:colcon.colcon_core.environment:checking '/home/kirill/ROS/ex05/install/robot_bringup/bin'
[1.473s] Level 1:colcon.colcon_core.environment:checking '/home/kirill/ROS/ex05/install/robot_bringup/lib/pkgconfig/robot_bringup.pc'
[1.473s] Level 1:colcon.colcon_core.environment:checking '/home/kirill/ROS/ex05/install/robot_bringup/lib/python3.10/site-packages'
[1.474s] Level 1:colcon.colcon_core.environment:checking '/home/kirill/ROS/ex05/install/robot_bringup/bin'
[1.474s] INFO:colcon.colcon_core.shell:Creating package script '/home/kirill/ROS/ex05/install/robot_bringup/share/robot_bringup/package.ps1'
[1.476s] INFO:colcon.colcon_core.shell:Creating package descriptor '/home/kirill/ROS/ex05/install/robot_bringup/share/robot_bringup/package.dsv'
[1.477s] INFO:colcon.colcon_core.shell:Creating package script '/home/kirill/ROS/ex05/install/robot_bringup/share/robot_bringup/package.sh'
[1.478s] INFO:colcon.colcon_core.shell:Creating package script '/home/kirill/ROS/ex05/install/robot_bringup/share/robot_bringup/package.bash'
[1.479s] INFO:colcon.colcon_core.shell:Creating package script '/home/kirill/ROS/ex05/install/robot_bringup/share/robot_bringup/package.zsh'
[1.480s] Level 1:colcon.colcon_core.environment:create_file_with_runtime_dependencies(/home/kirill/ROS/ex05/install/robot_bringup/share/colcon-core/packages/robot_bringup)
[1.487s] Level 1:colcon.colcon_core.environment:create_environment_scripts_only(robot_description)
[1.488s] Level 1:colcon.colcon_core.environment:checking '/home/kirill/ROS/ex05/install/robot_description' for CMake module files
[1.489s] Level 1:colcon.colcon_core.environment:checking '/home/kirill/ROS/ex05/install/robot_description' for CMake config files
[1.490s] Level 1:colcon.colcon_core.shell:create_environment_hook('robot_description', 'cmake_prefix_path')
[1.491s] INFO:colcon.colcon_core.shell:Creating environment hook '/home/kirill/ROS/ex05/install/robot_description/share/robot_description/hook/cmake_prefix_path.ps1'
[1.492s] INFO:colcon.colcon_core.shell:Creating environment descriptor '/home/kirill/ROS/ex05/install/robot_description/share/robot_description/hook/cmake_prefix_path.dsv'
[1.493s] INFO:colcon.colcon_core.shell:Creating environment hook '/home/kirill/ROS/ex05/install/robot_description/share/robot_description/hook/cmake_prefix_path.sh'
[1.495s] Level 1:colcon.colcon_core.environment:checking '/home/kirill/ROS/ex05/install/robot_description/bin'
[1.496s] Level 1:colcon.colcon_core.environment:checking '/home/kirill/ROS/ex05/install/robot_description/lib/pkgconfig/robot_description.pc'
[1.496s] Level 1:colcon.colcon_core.environment:checking '/home/kirill/ROS/ex05/install/robot_description/lib/python3.10/site-packages'
[1.497s] Level 1:colcon.colcon_core.environment:checking '/home/kirill/ROS/ex05/install/robot_description/bin'
[1.498s] INFO:colcon.colcon_core.shell:Creating package script '/home/kirill/ROS/ex05/install/robot_description/share/robot_description/package.ps1'
[1.500s] INFO:colcon.colcon_core.shell:Creating package descriptor '/home/kirill/ROS/ex05/install/robot_description/share/robot_description/package.dsv'
[1.501s] INFO:colcon.colcon_core.shell:Creating package script '/home/kirill/ROS/ex05/install/robot_description/share/robot_description/package.sh'
[1.503s] INFO:colcon.colcon_core.shell:Creating package script '/home/kirill/ROS/ex05/install/robot_description/share/robot_description/package.bash'
[1.504s] INFO:colcon.colcon_core.shell:Creating package script '/home/kirill/ROS/ex05/install/robot_description/share/robot_description/package.zsh'
[1.505s] Level 1:colcon.colcon_core.environment:create_file_with_runtime_dependencies(/home/kirill/ROS/ex05/install/robot_description/share/colcon-core/packages/robot_description)
[1.866s] DEBUG:colcon.colcon_core.event_handler.log_command:Invoking command in '/home/kirill/ROS/ex05/movement_circle': PYTHONPATH=/home/kirill/ROS/ex05/build/movement_circle/prefix_override:/usr/lib/python3/dist-packages/colcon_core/task/python/colcon_distutils_commands:/home/kirill/ROS/ex05/install/movement_circle/lib/python3.10/site-packages:${PYTHONPATH} /usr/bin/python3 -W ignore:setup.py install is deprecated setup.py egg_info --egg-base ../build/movement_circle build --build-base /home/kirill/ROS/ex05/build/movement_circle/build install --record /home/kirill/ROS/ex05/build/movement_circle/install.log --single-version-externally-managed install_data
[2.420s] Level 1:colcon.colcon_core.environment:checking '/home/kirill/ROS/ex05/install/movement_circle' for CMake module files
[2.422s] DEBUG:colcon.colcon_core.event_handler.log_command:Invoked command in '/home/kirill/ROS/ex05/movement_circle' returned '0': PYTHONPATH=/home/kirill/ROS/ex05/build/movement_circle/prefix_override:/usr/lib/python3/dist-packages/colcon_core/task/python/colcon_distutils_commands:/home/kirill/ROS/ex05/install/movement_circle/lib/python3.10/site-packages:${PYTHONPATH} /usr/bin/python3 -W ignore:setup.py install is deprecated setup.py egg_info --egg-base ../build/movement_circle build --build-base /home/kirill/ROS/ex05/build/movement_circle/build install --record /home/kirill/ROS/ex05/build/movement_circle/install.log --single-version-externally-managed install_data
[2.423s] Level 1:colcon.colcon_core.environment:checking '/home/kirill/ROS/ex05/install/movement_circle' for CMake config files
[2.425s] Level 1:colcon.colcon_core.environment:checking '/home/kirill/ROS/ex05/install/movement_circle/lib'
[2.426s] Level 1:colcon.colcon_core.environment:checking '/home/kirill/ROS/ex05/install/movement_circle/bin'
[2.426s] Level 1:colcon.colcon_core.environment:checking '/home/kirill/ROS/ex05/install/movement_circle/lib/pkgconfig/movement_circle.pc'
[2.426s] Level 1:colcon.colcon_core.environment:checking '/home/kirill/ROS/ex05/install/movement_circle/lib/python3.10/site-packages'
[2.427s] Level 1:colcon.colcon_core.shell:create_environment_hook('movement_circle', 'pythonpath')
[2.427s] INFO:colcon.colcon_core.shell:Creating environment hook '/home/kirill/ROS/ex05/install/movement_circle/share/movement_circle/hook/pythonpath.ps1'
[2.429s] INFO:colcon.colcon_core.shell:Creating environment descriptor '/home/kirill/ROS/ex05/install/movement_circle/share/movement_circle/hook/pythonpath.dsv'
[2.430s] INFO:colcon.colcon_core.shell:Creating environment hook '/home/kirill/ROS/ex05/install/movement_circle/share/movement_circle/hook/pythonpath.sh'
[2.432s] Level 1:colcon.colcon_core.environment:checking '/home/kirill/ROS/ex05/install/movement_circle/bin'
[2.432s] Level 1:colcon.colcon_core.environment:create_environment_scripts_only(movement_circle)
[2.433s] INFO:colcon.colcon_core.shell:Creating package script '/home/kirill/ROS/ex05/install/movement_circle/share/movement_circle/package.ps1'
[2.435s] INFO:colcon.colcon_core.shell:Creating package descriptor '/home/kirill/ROS/ex05/install/movement_circle/share/movement_circle/package.dsv'
[2.436s] INFO:colcon.colcon_core.shell:Creating package script '/home/kirill/ROS/ex05/install/movement_circle/share/movement_circle/package.sh'
[2.437s] INFO:colcon.colcon_core.shell:Creating package script '/home/kirill/ROS/ex05/install/movement_circle/share/movement_circle/package.bash'
[2.439s] INFO:colcon.colcon_core.shell:Creating package script '/home/kirill/ROS/ex05/install/movement_circle/share/movement_circle/package.zsh'
[2.440s] Level 1:colcon.colcon_core.environment:create_file_with_runtime_dependencies(/home/kirill/ROS/ex05/install/movement_circle/share/colcon-core/packages/movement_circle)
[2.441s] DEBUG:colcon.colcon_parallel_executor.executor.parallel:closing loop
[2.441s] DEBUG:colcon.colcon_parallel_executor.executor.parallel:loop closed
[2.442s] DEBUG:colcon.colcon_parallel_executor.executor.parallel:run_until_complete finished with '0'
[2.442s] DEBUG:colcon.colcon_core.event_reactor:joining thread
[2.457s] INFO:colcon.colcon_core.plugin_system:Skipping extension 'colcon_notification.desktop_notification.terminal_notifier': Not used on non-Darwin systems
[2.457s] INFO:colcon.colcon_core.plugin_system:Skipping extension 'colcon_notification.desktop_notification.win32': Not used on non-Windows systems
[2.457s] INFO:colcon.colcon_notification.desktop_notification:Sending desktop notification using 'notify2'
[2.485s] DEBUG:colcon.colcon_core.event_reactor:joined thread
[2.486s] INFO:colcon.colcon_core.shell:Creating prefix script '/home/kirill/ROS/ex05/install/local_setup.ps1'
[2.489s] INFO:colcon.colcon_core.shell:Creating prefix util module '/home/kirill/ROS/ex05/install/_local_setup_util_ps1.py'
[2.493s] INFO:colcon.colcon_core.shell:Creating prefix chain script '/home/kirill/ROS/ex05/install/setup.ps1'
[2.497s] INFO:colcon.colcon_core.shell:Creating prefix script '/home/kirill/ROS/ex05/install/local_setup.sh'
[2.499s] INFO:colcon.colcon_core.shell:Creating prefix util module '/home/kirill/ROS/ex05/install/_local_setup_util_sh.py'
[2.501s] INFO:colcon.colcon_core.shell:Creating prefix chain script '/home/kirill/ROS/ex05/install/setup.sh'
[2.506s] INFO:colcon.colcon_core.shell:Creating prefix script '/home/kirill/ROS/ex05/install/local_setup.bash'
[2.508s] INFO:colcon.colcon_core.shell:Creating prefix chain script '/home/kirill/ROS/ex05/install/setup.bash'
[2.512s] INFO:colcon.colcon_core.shell:Creating prefix script '/home/kirill/ROS/ex05/install/local_setup.zsh'
[2.513s] INFO:colcon.colcon_core.shell:Creating prefix chain script '/home/kirill/ROS/ex05/install/setup.zsh'
