running egg_info
creating ../build/movement_circle/movement_circle.egg-info
writing ../build/movement_circle/movement_circle.egg-info/PKG-INFO
writing dependency_links to ../build/movement_circle/movement_circle.egg-info/dependency_links.txt
writing entry points to ../build/movement_circle/movement_circle.egg-info/entry_points.txt
writing requirements to ../build/movement_circle/movement_circle.egg-info/requires.txt
writing top-level names to ../build/movement_circle/movement_circle.egg-info/top_level.txt
writing manifest file '../build/movement_circle/movement_circle.egg-info/SOURCES.txt'
reading manifest file '../build/movement_circle/movement_circle.egg-info/SOURCES.txt'
writing manifest file '../build/movement_circle/movement_circle.egg-info/SOURCES.txt'
running build
running build_py
creating /home/kirill/ROS/ex05/build/movement_circle/build
creating /home/kirill/ROS/ex05/build/movement_circle/build/lib
creating /home/kirill/ROS/ex05/build/movement_circle/build/lib/movement_circle
copying movement_circle/__init__.py -> /home/kirill/ROS/ex05/build/movement_circle/build/lib/movement_circle
copying movement_circle/circle_movement.py -> /home/kirill/ROS/ex05/build/movement_circle/build/lib/movement_circle
running install
running install_lib
creating /home/kirill/ROS/ex05/install/movement_circle/lib/python3.10/site-packages/movement_circle
copying /home/kirill/ROS/ex05/build/movement_circle/build/lib/movement_circle/__init__.py -> /home/kirill/ROS/ex05/install/movement_circle/lib/python3.10/site-packages/movement_circle
copying /home/kirill/ROS/ex05/build/movement_circle/build/lib/movement_circle/circle_movement.py -> /home/kirill/ROS/ex05/install/movement_circle/lib/python3.10/site-packages/movement_circle
byte-compiling /home/kirill/ROS/ex05/install/movement_circle/lib/python3.10/site-packages/movement_circle/__init__.py to __init__.cpython-310.pyc
byte-compiling /home/kirill/ROS/ex05/install/movement_circle/lib/python3.10/site-packages/movement_circle/circle_movement.py to circle_movement.cpython-310.pyc
running install_data
creating /home/kirill/ROS/ex05/install/movement_circle/share/ament_index
creating /home/kirill/ROS/ex05/install/movement_circle/share/ament_index/resource_index
creating /home/kirill/ROS/ex05/install/movement_circle/share/ament_index/resource_index/packages
copying resource/movement_circle -> /home/kirill/ROS/ex05/install/movement_circle/share/ament_index/resource_index/packages
copying package.xml -> /home/kirill/ROS/ex05/install/movement_circle/share/movement_circle
running install_egg_info
Copying ../build/movement_circle/movement_circle.egg-info to /home/kirill/ROS/ex05/install/movement_circle/lib/python3.10/site-packages/movement_circle-0.0.0-py3.10.egg-info
running install_scripts
Installing move script to /home/kirill/ROS/ex05/install/movement_circle/lib/movement_circle
writing list of installed files to '/home/kirill/ROS/ex05/build/movement_circle/install.log'
