[0.844s] Invoking command in '/home/kirill/ROS/ex05/movement_circle': PYTHONPATH=/home/kirill/ROS/ex05/build/movement_circle/prefix_override:/usr/lib/python3/dist-packages/colcon_core/task/python/colcon_distutils_commands:/home/kirill/ROS/ex05/install/movement_circle/lib/python3.10/site-packages:${PYTHONPATH} /usr/bin/python3 -W ignore:setup.py install is deprecated setup.py egg_info --egg-base ../build/movement_circle build --build-base /home/kirill/ROS/ex05/build/movement_circle/build install --record /home/kirill/ROS/ex05/build/movement_circle/install.log --single-version-externally-managed install_data
[1.148s] running egg_info
[1.149s] writing ../build/movement_circle/movement_circle.egg-info/PKG-INFO
[1.149s] writing dependency_links to ../build/movement_circle/movement_circle.egg-info/dependency_links.txt
[1.149s] writing entry points to ../build/movement_circle/movement_circle.egg-info/entry_points.txt
[1.150s] writing requirements to ../build/movement_circle/movement_circle.egg-info/requires.txt
[1.150s] writing top-level names to ../build/movement_circle/movement_circle.egg-info/top_level.txt
[1.152s] reading manifest file '../build/movement_circle/movement_circle.egg-info/SOURCES.txt'
[1.154s] writing manifest file '../build/movement_circle/movement_circle.egg-info/SOURCES.txt'
[1.154s] running build
[1.154s] running build_py
[1.154s] copying movement_circle/circle_movement.py -> /home/kirill/ROS/ex05/build/movement_circle/build/lib/movement_circle
[1.154s] running install
[1.155s] running install_lib
[1.156s] copying /home/kirill/ROS/ex05/build/movement_circle/build/lib/movement_circle/circle_movement.py -> /home/kirill/ROS/ex05/install/movement_circle/lib/python3.10/site-packages/movement_circle
[1.157s] byte-compiling /home/kirill/ROS/ex05/install/movement_circle/lib/python3.10/site-packages/movement_circle/circle_movement.py to circle_movement.cpython-310.pyc
[1.157s] running install_data
[1.158s] running install_egg_info
[1.160s] removing '/home/kirill/ROS/ex05/install/movement_circle/lib/python3.10/site-packages/movement_circle-0.0.0-py3.10.egg-info' (and everything under it)
[1.161s] Copying ../build/movement_circle/movement_circle.egg-info to /home/kirill/ROS/ex05/install/movement_circle/lib/python3.10/site-packages/movement_circle-0.0.0-py3.10.egg-info
[1.162s] running install_scripts
[1.188s] Installing move script to /home/kirill/ROS/ex05/install/movement_circle/lib/movement_circle
[1.188s] writing list of installed files to '/home/kirill/ROS/ex05/build/movement_circle/install.log'
[1.225s] Invoked command in '/home/kirill/ROS/ex05/movement_circle' returned '0': PYTHONPATH=/home/kirill/ROS/ex05/build/movement_circle/prefix_override:/usr/lib/python3/dist-packages/colcon_core/task/python/colcon_distutils_commands:/home/kirill/ROS/ex05/install/movement_circle/lib/python3.10/site-packages:${PYTHONPATH} /usr/bin/python3 -W ignore:setup.py install is deprecated setup.py egg_info --egg-base ../build/movement_circle build --build-base /home/kirill/ROS/ex05/build/movement_circle/build install --record /home/kirill/ROS/ex05/build/movement_circle/install.log --single-version-externally-managed install_data
