[0.025s] Invoking command in '/home/kirill/ROS/ex03/build/robot_description': CMAKE_PREFIX_PATH=${CMAKE_PREFIX_PATH}:/home/kirill/ros2_ws/install/mizkus:/opt/ros/humble /usr/bin/cmake /home/kirill/ROS/ex03/robot_description -DCMAKE_INSTALL_PREFIX=/home/kirill/ROS/ex03/install/robot_description
[0.176s] -- The C compiler identification is GNU 11.4.0
[0.323s] -- The CXX compiler identification is GNU 11.4.0
[0.339s] -- Detecting C compiler ABI info
[0.488s] -- Detecting C compiler ABI info - done
[0.506s] -- Check for working C compiler: /usr/bin/cc - skipped
[0.506s] -- Detecting C compile features
[0.507s] -- Detecting C compile features - done
[0.513s] -- Detecting CXX compiler ABI info
[0.677s] -- Detecting CXX compiler ABI info - done
[0.693s] -- Check for working CXX compiler: /usr/bin/c++ - skipped
[0.693s] -- Detecting CXX compile features
[0.694s] -- Detecting CXX compile features - done
[0.700s] -- Found ament_cmake: 1.3.10 (/opt/ros/humble/share/ament_cmake/cmake)
[1.012s] -- Found Python3: /usr/bin/python3 (found version "3.10.12") found components: Interpreter 
[1.217s] -- Found ament_lint_auto: 0.12.11 (/opt/ros/humble/share/ament_lint_auto/cmake)
[1.358s] -- Configuring done
[1.368s] -- Generating done
[1.371s] -- Build files have been written to: /home/kirill/ROS/ex03/build/robot_description
[1.384s] Invoked command in '/home/kirill/ROS/ex03/build/robot_description' returned '0': CMAKE_PREFIX_PATH=${CMAKE_PREFIX_PATH}:/home/kirill/ros2_ws/install/mizkus:/opt/ros/humble /usr/bin/cmake /home/kirill/ROS/ex03/robot_description -DCMAKE_INSTALL_PREFIX=/home/kirill/ROS/ex03/install/robot_description
[1.387s] Invoking command in '/home/kirill/ROS/ex03/build/robot_description': CMAKE_PREFIX_PATH=${CMAKE_PREFIX_PATH}:/home/kirill/ros2_ws/install/mizkus:/opt/ros/humble /usr/bin/cmake --build /home/kirill/ROS/ex03/build/robot_description -- -j8 -l8
[1.465s] Invoked command in '/home/kirill/ROS/ex03/build/robot_description' returned '0': CMAKE_PREFIX_PATH=${CMAKE_PREFIX_PATH}:/home/kirill/ros2_ws/install/mizkus:/opt/ros/humble /usr/bin/cmake --build /home/kirill/ROS/ex03/build/robot_description -- -j8 -l8
[1.527s] Invoking command in '/home/kirill/ROS/ex03/build/robot_description': CMAKE_PREFIX_PATH=${CMAKE_PREFIX_PATH}:/home/kirill/ros2_ws/install/mizkus:/opt/ros/humble /usr/bin/cmake --install /home/kirill/ROS/ex03/build/robot_description
[1.547s] -- Install configuration: ""
[1.548s] -- Installing: /home/kirill/ROS/ex03/install/robot_description/share/robot_description//urdf
[1.551s] -- Installing: /home/kirill/ROS/ex03/install/robot_description/share/robot_description//urdf/gazebo.urdf.xacro
[1.551s] -- Installing: /home/kirill/ROS/ex03/install/robot_description/share/robot_description//urdf/robot.urdf.xacro
[1.551s] -- Installing: /home/kirill/ROS/ex03/install/robot_description/share/ament_index/resource_index/package_run_dependencies/robot_description
[1.552s] -- Installing: /home/kirill/ROS/ex03/install/robot_description/share/ament_index/resource_index/parent_prefix_path/robot_description
[1.553s] -- Installing: /home/kirill/ROS/ex03/install/robot_description/share/robot_description/environment/ament_prefix_path.sh
[1.553s] -- Installing: /home/kirill/ROS/ex03/install/robot_description/share/robot_description/environment/ament_prefix_path.dsv
[1.553s] -- Installing: /home/kirill/ROS/ex03/install/robot_description/share/robot_description/environment/path.sh
[1.553s] -- Installing: /home/kirill/ROS/ex03/install/robot_description/share/robot_description/environment/path.dsv
[1.553s] -- Installing: /home/kirill/ROS/ex03/install/robot_description/share/robot_description/local_setup.bash
[1.554s] -- Installing: /home/kirill/ROS/ex03/install/robot_description/share/robot_description/local_setup.sh
[1.554s] -- Installing: /home/kirill/ROS/ex03/install/robot_description/share/robot_description/local_setup.zsh
[1.555s] -- Installing: /home/kirill/ROS/ex03/install/robot_description/share/robot_description/local_setup.dsv
[1.561s] -- Installing: /home/kirill/ROS/ex03/install/robot_description/share/robot_description/package.dsv
[1.562s] -- Installing: /home/kirill/ROS/ex03/install/robot_description/share/ament_index/resource_index/packages/robot_description
[1.562s] -- Installing: /home/kirill/ROS/ex03/install/robot_description/share/robot_description/cmake/robot_descriptionConfig.cmake
[1.562s] -- Installing: /home/kirill/ROS/ex03/install/robot_description/share/robot_description/cmake/robot_descriptionConfig-version.cmake
[1.566s] -- Installing: /home/kirill/ROS/ex03/install/robot_description/share/robot_description/package.xml
[1.622s] Invoked command in '/home/kirill/ROS/ex03/build/robot_description' returned '0': CMAKE_PREFIX_PATH=${CMAKE_PREFIX_PATH}:/home/kirill/ros2_ws/install/mizkus:/opt/ros/humble /usr/bin/cmake --install /home/kirill/ROS/ex03/build/robot_description
