[0.210s] DEBUG:colcon:Command line arguments: ['/usr/bin/colcon', 'build']
[0.210s] DEBUG:colcon:Parsed command line arguments: Namespace(log_base=None, log_level=None, verb_name='build', build_base='build', install_base='install', merge_install=False, symlink_install=False, test_result_base=None, continue_on_error=False, executor='parallel', parallel_workers=8, event_handlers=None, ignore_user_meta=False, metas=['./colcon.meta'], base_paths=['.'], packages_ignore=None, packages_ignore_regex=None, paths=None, packages_up_to=None, packages_up_to_regex=None, packages_above=None, packages_above_and_dependencies=None, packages_above_depth=None, packages_select_by_dep=None, packages_skip_by_dep=None, packages_skip_up_to=None, packages_select_build_failed=False, packages_skip_build_finished=False, packages_select_test_failures=False, packages_skip_test_passed=False, packages_select=None, packages_skip=None, packages_select_regex=None, packages_skip_regex=None, packages_start=None, packages_end=None, allow_overriding=[], cmake_args=None, cmake_target=None, cmake_target_skip_unavailable=False, cmake_clean_cache=False, cmake_clean_first=False, cmake_force_configure=False, ament_cmake_args=None, catkin_cmake_args=None, catkin_skip_building_tests=False, mixin_files=None, mixin=None, verb_parser=<colcon_mixin.mixin.mixin_argument.MixinArgumentDecorator object at 0x784d11546bf0>, verb_extension=<colcon_core.verb.build.BuildVerb object at 0x784d11546500>, main=<bound method BuildVerb.main of <colcon_core.verb.build.BuildVerb object at 0x784d11546500>>, mixin_verb=('build',))
[0.546s] Level 1:colcon.colcon_core.package_discovery:discover_packages(colcon_meta) check parameters
[0.546s] Level 1:colcon.colcon_core.package_discovery:discover_packages(recursive) check parameters
[0.546s] Level 1:colcon.colcon_core.package_discovery:discover_packages(ignore) check parameters
[0.546s] Level 1:colcon.colcon_core.package_discovery:discover_packages(path) check parameters
[0.546s] Level 1:colcon.colcon_core.package_discovery:discover_packages(colcon_meta) discover
[0.546s] Level 1:colcon.colcon_core.package_discovery:discover_packages(recursive) discover
[0.547s] INFO:colcon.colcon_core.package_discovery:Crawling recursively for packages in '/home/kirill/ROS/ex03'
[0.547s] Level 1:colcon.colcon_core.package_identification:_identify(.) by extensions ['ignore', 'ignore_ament_install']
[0.547s] Level 1:colcon.colcon_core.package_identification:_identify(.) by extension 'ignore'
[0.547s] Level 1:colcon.colcon_core.package_identification:_identify(.) by extension 'ignore_ament_install'
[0.547s] Level 1:colcon.colcon_core.package_identification:_identify(.) by extensions ['colcon_pkg']
[0.547s] Level 1:colcon.colcon_core.package_identification:_identify(.) by extension 'colcon_pkg'
[0.547s] Level 1:colcon.colcon_core.package_identification:_identify(.) by extensions ['colcon_meta']
[0.547s] Level 1:colcon.colcon_core.package_identification:_identify(.) by extension 'colcon_meta'
[0.547s] Level 1:colcon.colcon_core.package_identification:_identify(.) by extensions ['ros']
[0.547s] Level 1:colcon.colcon_core.package_identification:_identify(.) by extension 'ros'
[0.567s] Level 1:colcon.colcon_core.package_identification:_identify(.) by extensions ['cmake', 'python']
[0.567s] Level 1:colcon.colcon_core.package_identification:_identify(.) by extension 'cmake'
[0.567s] Level 1:colcon.colcon_core.package_identification:_identify(.) by extension 'python'
[0.568s] Level 1:colcon.colcon_core.package_identification:_identify(.) by extensions ['python_setup_py']
[0.568s] Level 1:colcon.colcon_core.package_identification:_identify(.) by extension 'python_setup_py'
[0.568s] Level 1:colcon.colcon_core.package_identification:_identify(build) by extensions ['ignore', 'ignore_ament_install']
[0.568s] Level 1:colcon.colcon_core.package_identification:_identify(build) by extension 'ignore'
[0.568s] Level 1:colcon.colcon_core.package_identification:_identify(build) ignored
[0.568s] Level 1:colcon.colcon_core.package_identification:_identify(install) by extensions ['ignore', 'ignore_ament_install']
[0.568s] Level 1:colcon.colcon_core.package_identification:_identify(install) by extension 'ignore'
[0.568s] Level 1:colcon.colcon_core.package_identification:_identify(install) ignored
[0.569s] Level 1:colcon.colcon_core.package_identification:_identify(log) by extensions ['ignore', 'ignore_ament_install']
[0.569s] Level 1:colcon.colcon_core.package_identification:_identify(log) by extension 'ignore'
[0.569s] Level 1:colcon.colcon_core.package_identification:_identify(log) ignored
[0.569s] Level 1:colcon.colcon_core.package_identification:_identify(robot_app) by extensions ['ignore', 'ignore_ament_install']
[0.569s] Level 1:colcon.colcon_core.package_identification:_identify(robot_app) by extension 'ignore'
[0.569s] Level 1:colcon.colcon_core.package_identification:_identify(robot_app) by extension 'ignore_ament_install'
[0.569s] Level 1:colcon.colcon_core.package_identification:_identify(robot_app) by extensions ['colcon_pkg']
[0.569s] Level 1:colcon.colcon_core.package_identification:_identify(robot_app) by extension 'colcon_pkg'
[0.569s] Level 1:colcon.colcon_core.package_identification:_identify(robot_app) by extensions ['colcon_meta']
[0.569s] Level 1:colcon.colcon_core.package_identification:_identify(robot_app) by extension 'colcon_meta'
[0.569s] Level 1:colcon.colcon_core.package_identification:_identify(robot_app) by extensions ['ros']
[0.569s] Level 1:colcon.colcon_core.package_identification:_identify(robot_app) by extension 'ros'
[0.574s] DEBUG:colcon.colcon_core.package_identification:Package 'robot_app' with type 'ros.ament_cmake' and name 'robot_app'
[0.574s] Level 1:colcon.colcon_core.package_identification:_identify(robot_bringup) by extensions ['ignore', 'ignore_ament_install']
[0.574s] Level 1:colcon.colcon_core.package_identification:_identify(robot_bringup) by extension 'ignore'
[0.574s] Level 1:colcon.colcon_core.package_identification:_identify(robot_bringup) by extension 'ignore_ament_install'
[0.574s] Level 1:colcon.colcon_core.package_identification:_identify(robot_bringup) by extensions ['colcon_pkg']
[0.574s] Level 1:colcon.colcon_core.package_identification:_identify(robot_bringup) by extension 'colcon_pkg'
[0.575s] Level 1:colcon.colcon_core.package_identification:_identify(robot_bringup) by extensions ['colcon_meta']
[0.575s] Level 1:colcon.colcon_core.package_identification:_identify(robot_bringup) by extension 'colcon_meta'
[0.575s] Level 1:colcon.colcon_core.package_identification:_identify(robot_bringup) by extensions ['ros']
[0.575s] Level 1:colcon.colcon_core.package_identification:_identify(robot_bringup) by extension 'ros'
[0.576s] DEBUG:colcon.colcon_core.package_identification:Package 'robot_bringup' with type 'ros.ament_cmake' and name 'robot_bringup'
[0.576s] Level 1:colcon.colcon_core.package_identification:_identify(robot_description) by extensions ['ignore', 'ignore_ament_install']
[0.576s] Level 1:colcon.colcon_core.package_identification:_identify(robot_description) by extension 'ignore'
[0.576s] Level 1:colcon.colcon_core.package_identification:_identify(robot_description) by extension 'ignore_ament_install'
[0.576s] Level 1:colcon.colcon_core.package_identification:_identify(robot_description) by extensions ['colcon_pkg']
[0.576s] Level 1:colcon.colcon_core.package_identification:_identify(robot_description) by extension 'colcon_pkg'
[0.576s] Level 1:colcon.colcon_core.package_identification:_identify(robot_description) by extensions ['colcon_meta']
[0.576s] Level 1:colcon.colcon_core.package_identification:_identify(robot_description) by extension 'colcon_meta'
[0.576s] Level 1:colcon.colcon_core.package_identification:_identify(robot_description) by extensions ['ros']
[0.577s] Level 1:colcon.colcon_core.package_identification:_identify(robot_description) by extension 'ros'
[0.577s] DEBUG:colcon.colcon_core.package_identification:Package 'robot_description' with type 'ros.ament_cmake' and name 'robot_description'
[0.578s] Level 1:colcon.colcon_core.package_discovery:discover_packages(recursive) using defaults
[0.578s] Level 1:colcon.colcon_core.package_discovery:discover_packages(ignore) discover
[0.578s] Level 1:colcon.colcon_core.package_discovery:discover_packages(ignore) using defaults
[0.578s] Level 1:colcon.colcon_core.package_discovery:discover_packages(path) discover
[0.578s] Level 1:colcon.colcon_core.package_discovery:discover_packages(path) using defaults
[0.637s] Level 1:colcon.colcon_core.package_discovery:discover_packages(prefix_path) check parameters
[0.637s] Level 1:colcon.colcon_core.package_discovery:discover_packages(prefix_path) discover
[0.641s] DEBUG:colcon.colcon_installed_package_information.package_discovery:Found 2 installed packages in /home/kirill/ros2_ws/install
[0.644s] DEBUG:colcon.colcon_installed_package_information.package_discovery:Found 281 installed packages in /opt/ros/humble
[0.646s] Level 1:colcon.colcon_core.package_discovery:discover_packages(prefix_path) using defaults
[0.711s] Level 5:colcon.colcon_core.verb:set package 'robot_app' build argument 'cmake_args' from command line to 'None'
[0.711s] Level 5:colcon.colcon_core.verb:set package 'robot_app' build argument 'cmake_target' from command line to 'None'
[0.711s] Level 5:colcon.colcon_core.verb:set package 'robot_app' build argument 'cmake_target_skip_unavailable' from command line to 'False'
[0.711s] Level 5:colcon.colcon_core.verb:set package 'robot_app' build argument 'cmake_clean_cache' from command line to 'False'
[0.711s] Level 5:colcon.colcon_core.verb:set package 'robot_app' build argument 'cmake_clean_first' from command line to 'False'
[0.712s] Level 5:colcon.colcon_core.verb:set package 'robot_app' build argument 'cmake_force_configure' from command line to 'False'
[0.712s] Level 5:colcon.colcon_core.verb:set package 'robot_app' build argument 'ament_cmake_args' from command line to 'None'
[0.712s] Level 5:colcon.colcon_core.verb:set package 'robot_app' build argument 'catkin_cmake_args' from command line to 'None'
[0.712s] Level 5:colcon.colcon_core.verb:set package 'robot_app' build argument 'catkin_skip_building_tests' from command line to 'False'
[0.712s] DEBUG:colcon.colcon_core.verb:Building package 'robot_app' with the following arguments: {'ament_cmake_args': None, 'build_base': '/home/kirill/ROS/ex03/build/robot_app', 'catkin_cmake_args': None, 'catkin_skip_building_tests': False, 'cmake_args': None, 'cmake_clean_cache': False, 'cmake_clean_first': False, 'cmake_force_configure': False, 'cmake_target': None, 'cmake_target_skip_unavailable': False, 'install_base': '/home/kirill/ROS/ex03/install/robot_app', 'merge_install': False, 'path': '/home/kirill/ROS/ex03/robot_app', 'symlink_install': False, 'test_result_base': None}
[0.713s] Level 5:colcon.colcon_core.verb:set package 'robot_bringup' build argument 'cmake_args' from command line to 'None'
[0.713s] Level 5:colcon.colcon_core.verb:set package 'robot_bringup' build argument 'cmake_target' from command line to 'None'
[0.713s] Level 5:colcon.colcon_core.verb:set package 'robot_bringup' build argument 'cmake_target_skip_unavailable' from command line to 'False'
[0.713s] Level 5:colcon.colcon_core.verb:set package 'robot_bringup' build argument 'cmake_clean_cache' from command line to 'False'
[0.713s] Level 5:colcon.colcon_core.verb:set package 'robot_bringup' build argument 'cmake_clean_first' from command line to 'False'
[0.713s] Level 5:colcon.colcon_core.verb:set package 'robot_bringup' build argument 'cmake_force_configure' from command line to 'False'
[0.713s] Level 5:colcon.colcon_core.verb:set package 'robot_bringup' build argument 'ament_cmake_args' from command line to 'None'
[0.713s] Level 5:colcon.colcon_core.verb:set package 'robot_bringup' build argument 'catkin_cmake_args' from command line to 'None'
[0.713s] Level 5:colcon.colcon_core.verb:set package 'robot_bringup' build argument 'catkin_skip_building_tests' from command line to 'False'
[0.713s] DEBUG:colcon.colcon_core.verb:Building package 'robot_bringup' with the following arguments: {'ament_cmake_args': None, 'build_base': '/home/kirill/ROS/ex03/build/robot_bringup', 'catkin_cmake_args': None, 'catkin_skip_building_tests': False, 'cmake_args': None, 'cmake_clean_cache': False, 'cmake_clean_first': False, 'cmake_force_configure': False, 'cmake_target': None, 'cmake_target_skip_unavailable': False, 'install_base': '/home/kirill/ROS/ex03/install/robot_bringup', 'merge_install': False, 'path': '/home/kirill/ROS/ex03/robot_bringup', 'symlink_install': False, 'test_result_base': None}
[0.714s] Level 5:colcon.colcon_core.verb:set package 'robot_description' build argument 'cmake_args' from command line to 'None'
[0.714s] Level 5:colcon.colcon_core.verb:set package 'robot_description' build argument 'cmake_target' from command line to 'None'
[0.714s] Level 5:colcon.colcon_core.verb:set package 'robot_description' build argument 'cmake_target_skip_unavailable' from command line to 'False'
[0.714s] Level 5:colcon.colcon_core.verb:set package 'robot_description' build argument 'cmake_clean_cache' from command line to 'False'
[0.714s] Level 5:colcon.colcon_core.verb:set package 'robot_description' build argument 'cmake_clean_first' from command line to 'False'
[0.714s] Level 5:colcon.colcon_core.verb:set package 'robot_description' build argument 'cmake_force_configure' from command line to 'False'
[0.714s] Level 5:colcon.colcon_core.verb:set package 'robot_description' build argument 'ament_cmake_args' from command line to 'None'
[0.715s] Level 5:colcon.colcon_core.verb:set package 'robot_description' build argument 'catkin_cmake_args' from command line to 'None'
[0.715s] Level 5:colcon.colcon_core.verb:set package 'robot_description' build argument 'catkin_skip_building_tests' from command line to 'False'
[0.715s] DEBUG:colcon.colcon_core.verb:Building package 'robot_description' with the following arguments: {'ament_cmake_args': None, 'build_base': '/home/kirill/ROS/ex03/build/robot_description', 'catkin_cmake_args': None, 'catkin_skip_building_tests': False, 'cmake_args': None, 'cmake_clean_cache': False, 'cmake_clean_first': False, 'cmake_force_configure': False, 'cmake_target': None, 'cmake_target_skip_unavailable': False, 'install_base': '/home/kirill/ROS/ex03/install/robot_description', 'merge_install': False, 'path': '/home/kirill/ROS/ex03/robot_description', 'symlink_install': False, 'test_result_base': None}
[0.715s] INFO:colcon.colcon_core.executor:Executing jobs using 'parallel' executor
[0.717s] DEBUG:colcon.colcon_parallel_executor.executor.parallel:run_until_complete
[0.717s] INFO:colcon.colcon_ros.task.ament_cmake.build:Building ROS package in '/home/kirill/ROS/ex03/robot_app' with build type 'ament_cmake'
[0.718s] INFO:colcon.colcon_cmake.task.cmake.build:Building CMake package in '/home/kirill/ROS/ex03/robot_app'
[0.723s] INFO:colcon.colcon_core.plugin_system:Skipping extension 'colcon_core.shell.bat': Not used on non-Windows systems
[0.724s] INFO:colcon.colcon_core.shell:Skip shell extension 'powershell' for command environment: Not usable outside of PowerShell
[0.724s] DEBUG:colcon.colcon_core.shell:Skip shell extension 'dsv' for command environment
[0.732s] INFO:colcon.colcon_ros.task.ament_cmake.build:Building ROS package in '/home/kirill/ROS/ex03/robot_bringup' with build type 'ament_cmake'
[0.732s] INFO:colcon.colcon_cmake.task.cmake.build:Building CMake package in '/home/kirill/ROS/ex03/robot_bringup'
[0.733s] INFO:colcon.colcon_core.shell:Skip shell extension 'powershell' for command environment: Not usable outside of PowerShell
[0.733s] DEBUG:colcon.colcon_core.shell:Skip shell extension 'dsv' for command environment
[0.741s] INFO:colcon.colcon_ros.task.ament_cmake.build:Building ROS package in '/home/kirill/ROS/ex03/robot_description' with build type 'ament_cmake'
[0.741s] INFO:colcon.colcon_cmake.task.cmake.build:Building CMake package in '/home/kirill/ROS/ex03/robot_description'
[0.742s] INFO:colcon.colcon_core.shell:Skip shell extension 'powershell' for command environment: Not usable outside of PowerShell
[0.742s] DEBUG:colcon.colcon_core.shell:Skip shell extension 'dsv' for command environment
[0.756s] DEBUG:colcon.colcon_core.event_handler.log_command:Invoking command in '/home/kirill/ROS/ex03/build/robot_app': CMAKE_PREFIX_PATH=${CMAKE_PREFIX_PATH}:/home/kirill/ros2_ws/install/mizkus:/opt/ros/humble /usr/bin/cmake /home/kirill/ROS/ex03/robot_app -DCMAKE_INSTALL_PREFIX=/home/kirill/ROS/ex03/install/robot_app
[0.761s] DEBUG:colcon.colcon_core.event_handler.log_command:Invoking command in '/home/kirill/ROS/ex03/build/robot_bringup': CMAKE_PREFIX_PATH=${CMAKE_PREFIX_PATH}:/home/kirill/ros2_ws/install/mizkus:/opt/ros/humble /usr/bin/cmake /home/kirill/ROS/ex03/robot_bringup -DCMAKE_INSTALL_PREFIX=/home/kirill/ROS/ex03/install/robot_bringup
[0.768s] DEBUG:colcon.colcon_core.event_handler.log_command:Invoking command in '/home/kirill/ROS/ex03/build/robot_description': CMAKE_PREFIX_PATH=${CMAKE_PREFIX_PATH}:/home/kirill/ros2_ws/install/mizkus:/opt/ros/humble /usr/bin/cmake /home/kirill/ROS/ex03/robot_description -DCMAKE_INSTALL_PREFIX=/home/kirill/ROS/ex03/install/robot_description
[2.114s] DEBUG:colcon.colcon_core.event_handler.log_command:Invoked command in '/home/kirill/ROS/ex03/build/robot_bringup' returned '0': CMAKE_PREFIX_PATH=${CMAKE_PREFIX_PATH}:/home/kirill/ros2_ws/install/mizkus:/opt/ros/humble /usr/bin/cmake /home/kirill/ROS/ex03/robot_bringup -DCMAKE_INSTALL_PREFIX=/home/kirill/ROS/ex03/install/robot_bringup
[2.118s] DEBUG:colcon.colcon_core.event_handler.log_command:Invoking command in '/home/kirill/ROS/ex03/build/robot_bringup': CMAKE_PREFIX_PATH=${CMAKE_PREFIX_PATH}:/home/kirill/ros2_ws/install/mizkus:/opt/ros/humble /usr/bin/cmake --build /home/kirill/ROS/ex03/build/robot_bringup -- -j8 -l8
[2.126s] DEBUG:colcon.colcon_core.event_handler.log_command:Invoked command in '/home/kirill/ROS/ex03/build/robot_description' returned '0': CMAKE_PREFIX_PATH=${CMAKE_PREFIX_PATH}:/home/kirill/ros2_ws/install/mizkus:/opt/ros/humble /usr/bin/cmake /home/kirill/ROS/ex03/robot_description -DCMAKE_INSTALL_PREFIX=/home/kirill/ROS/ex03/install/robot_description
[2.130s] DEBUG:colcon.colcon_core.event_handler.log_command:Invoking command in '/home/kirill/ROS/ex03/build/robot_description': CMAKE_PREFIX_PATH=${CMAKE_PREFIX_PATH}:/home/kirill/ros2_ws/install/mizkus:/opt/ros/humble /usr/bin/cmake --build /home/kirill/ROS/ex03/build/robot_description -- -j8 -l8
[2.141s] DEBUG:colcon.colcon_core.event_handler.log_command:Invoked command in '/home/kirill/ROS/ex03/build/robot_app' returned '0': CMAKE_PREFIX_PATH=${CMAKE_PREFIX_PATH}:/home/kirill/ros2_ws/install/mizkus:/opt/ros/humble /usr/bin/cmake /home/kirill/ROS/ex03/robot_app -DCMAKE_INSTALL_PREFIX=/home/kirill/ROS/ex03/install/robot_app
[2.144s] DEBUG:colcon.colcon_core.event_handler.log_command:Invoking command in '/home/kirill/ROS/ex03/build/robot_app': CMAKE_PREFIX_PATH=${CMAKE_PREFIX_PATH}:/home/kirill/ros2_ws/install/mizkus:/opt/ros/humble /usr/bin/cmake --build /home/kirill/ROS/ex03/build/robot_app -- -j8 -l8
[2.199s] DEBUG:colcon.colcon_core.event_handler.log_command:Invoked command in '/home/kirill/ROS/ex03/build/robot_bringup' returned '0': CMAKE_PREFIX_PATH=${CMAKE_PREFIX_PATH}:/home/kirill/ros2_ws/install/mizkus:/opt/ros/humble /usr/bin/cmake --build /home/kirill/ROS/ex03/build/robot_bringup -- -j8 -l8
[2.207s] DEBUG:colcon.colcon_core.event_handler.log_command:Invoked command in '/home/kirill/ROS/ex03/build/robot_description' returned '0': CMAKE_PREFIX_PATH=${CMAKE_PREFIX_PATH}:/home/kirill/ros2_ws/install/mizkus:/opt/ros/humble /usr/bin/cmake --build /home/kirill/ROS/ex03/build/robot_description -- -j8 -l8
[2.218s] DEBUG:colcon.colcon_core.event_handler.log_command:Invoked command in '/home/kirill/ROS/ex03/build/robot_app' returned '0': CMAKE_PREFIX_PATH=${CMAKE_PREFIX_PATH}:/home/kirill/ros2_ws/install/mizkus:/opt/ros/humble /usr/bin/cmake --build /home/kirill/ROS/ex03/build/robot_app -- -j8 -l8
[2.262s] DEBUG:colcon.colcon_core.event_handler.log_command:Invoking command in '/home/kirill/ROS/ex03/build/robot_bringup': CMAKE_PREFIX_PATH=${CMAKE_PREFIX_PATH}:/home/kirill/ros2_ws/install/mizkus:/opt/ros/humble /usr/bin/cmake --install /home/kirill/ROS/ex03/build/robot_bringup
[2.267s] DEBUG:colcon.colcon_core.event_handler.log_command:Invoking command in '/home/kirill/ROS/ex03/build/robot_app': CMAKE_PREFIX_PATH=${CMAKE_PREFIX_PATH}:/home/kirill/ros2_ws/install/mizkus:/opt/ros/humble /usr/bin/cmake --install /home/kirill/ROS/ex03/build/robot_app
[2.270s] DEBUG:colcon.colcon_core.event_handler.log_command:Invoking command in '/home/kirill/ROS/ex03/build/robot_description': CMAKE_PREFIX_PATH=${CMAKE_PREFIX_PATH}:/home/kirill/ros2_ws/install/mizkus:/opt/ros/humble /usr/bin/cmake --install /home/kirill/ROS/ex03/build/robot_description
[2.303s] Level 1:colcon.colcon_core.environment:create_environment_scripts_only(robot_bringup)
[2.308s] DEBUG:colcon.colcon_core.event_handler.log_command:Invoked command in '/home/kirill/ROS/ex03/build/robot_bringup' returned '0': CMAKE_PREFIX_PATH=${CMAKE_PREFIX_PATH}:/home/kirill/ros2_ws/install/mizkus:/opt/ros/humble /usr/bin/cmake --install /home/kirill/ROS/ex03/build/robot_bringup
[2.318s] Level 1:colcon.colcon_core.environment:checking '/home/kirill/ROS/ex03/install/robot_bringup' for CMake module files
[2.319s] Level 1:colcon.colcon_core.environment:checking '/home/kirill/ROS/ex03/install/robot_bringup' for CMake config files
[2.320s] Level 1:colcon.colcon_core.shell:create_environment_hook('robot_bringup', 'cmake_prefix_path')
[2.320s] INFO:colcon.colcon_core.shell:Creating environment hook '/home/kirill/ROS/ex03/install/robot_bringup/share/robot_bringup/hook/cmake_prefix_path.ps1'
[2.322s] INFO:colcon.colcon_core.shell:Creating environment descriptor '/home/kirill/ROS/ex03/install/robot_bringup/share/robot_bringup/hook/cmake_prefix_path.dsv'
[2.324s] INFO:colcon.colcon_core.shell:Creating environment hook '/home/kirill/ROS/ex03/install/robot_bringup/share/robot_bringup/hook/cmake_prefix_path.sh'
[2.327s] Level 1:colcon.colcon_core.environment:checking '/home/kirill/ROS/ex03/install/robot_bringup/bin'
[2.327s] Level 1:colcon.colcon_core.environment:checking '/home/kirill/ROS/ex03/install/robot_bringup/lib/pkgconfig/robot_bringup.pc'
[2.328s] Level 1:colcon.colcon_core.environment:checking '/home/kirill/ROS/ex03/install/robot_bringup/lib/python3.10/site-packages'
[2.328s] Level 1:colcon.colcon_core.environment:checking '/home/kirill/ROS/ex03/install/robot_bringup/bin'
[2.329s] INFO:colcon.colcon_core.shell:Creating package script '/home/kirill/ROS/ex03/install/robot_bringup/share/robot_bringup/package.ps1'
[2.331s] INFO:colcon.colcon_core.shell:Creating package descriptor '/home/kirill/ROS/ex03/install/robot_bringup/share/robot_bringup/package.dsv'
[2.333s] INFO:colcon.colcon_core.shell:Creating package script '/home/kirill/ROS/ex03/install/robot_bringup/share/robot_bringup/package.sh'
[2.334s] INFO:colcon.colcon_core.shell:Creating package script '/home/kirill/ROS/ex03/install/robot_bringup/share/robot_bringup/package.bash'
[2.336s] INFO:colcon.colcon_core.shell:Creating package script '/home/kirill/ROS/ex03/install/robot_bringup/share/robot_bringup/package.zsh'
[2.337s] Level 1:colcon.colcon_core.environment:create_file_with_runtime_dependencies(/home/kirill/ROS/ex03/install/robot_bringup/share/colcon-core/packages/robot_bringup)
[2.344s] Level 1:colcon.colcon_core.environment:create_environment_scripts_only(robot_app)
[2.345s] Level 1:colcon.colcon_core.environment:checking '/home/kirill/ROS/ex03/install/robot_app' for CMake module files
[2.347s] DEBUG:colcon.colcon_core.event_handler.log_command:Invoked command in '/home/kirill/ROS/ex03/build/robot_app' returned '0': CMAKE_PREFIX_PATH=${CMAKE_PREFIX_PATH}:/home/kirill/ros2_ws/install/mizkus:/opt/ros/humble /usr/bin/cmake --install /home/kirill/ROS/ex03/build/robot_app
[2.347s] Level 1:colcon.colcon_core.environment:checking '/home/kirill/ROS/ex03/install/robot_app' for CMake config files
[2.348s] Level 1:colcon.colcon_core.shell:create_environment_hook('robot_app', 'cmake_prefix_path')
[2.349s] INFO:colcon.colcon_core.shell:Creating environment hook '/home/kirill/ROS/ex03/install/robot_app/share/robot_app/hook/cmake_prefix_path.ps1'
[2.351s] INFO:colcon.colcon_core.shell:Creating environment descriptor '/home/kirill/ROS/ex03/install/robot_app/share/robot_app/hook/cmake_prefix_path.dsv'
[2.353s] INFO:colcon.colcon_core.shell:Creating environment hook '/home/kirill/ROS/ex03/install/robot_app/share/robot_app/hook/cmake_prefix_path.sh'
[2.355s] Level 1:colcon.colcon_core.environment:checking '/home/kirill/ROS/ex03/install/robot_app/bin'
[2.355s] Level 1:colcon.colcon_core.environment:checking '/home/kirill/ROS/ex03/install/robot_app/lib/pkgconfig/robot_app.pc'
[2.355s] Level 1:colcon.colcon_core.environment:checking '/home/kirill/ROS/ex03/install/robot_app/lib/python3.10/site-packages'
[2.356s] Level 1:colcon.colcon_core.environment:checking '/home/kirill/ROS/ex03/install/robot_app/bin'
[2.356s] INFO:colcon.colcon_core.shell:Creating package script '/home/kirill/ROS/ex03/install/robot_app/share/robot_app/package.ps1'
[2.357s] INFO:colcon.colcon_core.shell:Creating package descriptor '/home/kirill/ROS/ex03/install/robot_app/share/robot_app/package.dsv'
[2.358s] INFO:colcon.colcon_core.shell:Creating package script '/home/kirill/ROS/ex03/install/robot_app/share/robot_app/package.sh'
[2.359s] INFO:colcon.colcon_core.shell:Creating package script '/home/kirill/ROS/ex03/install/robot_app/share/robot_app/package.bash'
[2.359s] INFO:colcon.colcon_core.shell:Creating package script '/home/kirill/ROS/ex03/install/robot_app/share/robot_app/package.zsh'
[2.360s] Level 1:colcon.colcon_core.environment:create_file_with_runtime_dependencies(/home/kirill/ROS/ex03/install/robot_app/share/colcon-core/packages/robot_app)
[2.362s] Level 1:colcon.colcon_core.environment:create_environment_scripts_only(robot_description)
[2.363s] Level 1:colcon.colcon_core.environment:checking '/home/kirill/ROS/ex03/install/robot_description' for CMake module files
[2.364s] DEBUG:colcon.colcon_core.event_handler.log_command:Invoked command in '/home/kirill/ROS/ex03/build/robot_description' returned '0': CMAKE_PREFIX_PATH=${CMAKE_PREFIX_PATH}:/home/kirill/ros2_ws/install/mizkus:/opt/ros/humble /usr/bin/cmake --install /home/kirill/ROS/ex03/build/robot_description
[2.365s] Level 1:colcon.colcon_core.environment:checking '/home/kirill/ROS/ex03/install/robot_description' for CMake config files
[2.366s] Level 1:colcon.colcon_core.shell:create_environment_hook('robot_description', 'cmake_prefix_path')
[2.366s] INFO:colcon.colcon_core.shell:Creating environment hook '/home/kirill/ROS/ex03/install/robot_description/share/robot_description/hook/cmake_prefix_path.ps1'
[2.368s] INFO:colcon.colcon_core.shell:Creating environment descriptor '/home/kirill/ROS/ex03/install/robot_description/share/robot_description/hook/cmake_prefix_path.dsv'
[2.369s] INFO:colcon.colcon_core.shell:Creating environment hook '/home/kirill/ROS/ex03/install/robot_description/share/robot_description/hook/cmake_prefix_path.sh'
[2.371s] Level 1:colcon.colcon_core.environment:checking '/home/kirill/ROS/ex03/install/robot_description/bin'
[2.371s] Level 1:colcon.colcon_core.environment:checking '/home/kirill/ROS/ex03/install/robot_description/lib/pkgconfig/robot_description.pc'
[2.372s] Level 1:colcon.colcon_core.environment:checking '/home/kirill/ROS/ex03/install/robot_description/lib/python3.10/site-packages'
[2.372s] Level 1:colcon.colcon_core.environment:checking '/home/kirill/ROS/ex03/install/robot_description/bin'
[2.373s] INFO:colcon.colcon_core.shell:Creating package script '/home/kirill/ROS/ex03/install/robot_description/share/robot_description/package.ps1'
[2.375s] INFO:colcon.colcon_core.shell:Creating package descriptor '/home/kirill/ROS/ex03/install/robot_description/share/robot_description/package.dsv'
[2.376s] INFO:colcon.colcon_core.shell:Creating package script '/home/kirill/ROS/ex03/install/robot_description/share/robot_description/package.sh'
[2.377s] INFO:colcon.colcon_core.shell:Creating package script '/home/kirill/ROS/ex03/install/robot_description/share/robot_description/package.bash'
[2.378s] INFO:colcon.colcon_core.shell:Creating package script '/home/kirill/ROS/ex03/install/robot_description/share/robot_description/package.zsh'
[2.379s] Level 1:colcon.colcon_core.environment:create_file_with_runtime_dependencies(/home/kirill/ROS/ex03/install/robot_description/share/colcon-core/packages/robot_description)
[2.393s] Level 1:colcon.colcon_core.environment:create_environment_scripts_only(robot_bringup)
[2.393s] Level 1:colcon.colcon_core.environment:checking '/home/kirill/ROS/ex03/install/robot_bringup' for CMake module files
[2.394s] Level 1:colcon.colcon_core.environment:checking '/home/kirill/ROS/ex03/install/robot_bringup' for CMake config files
[2.395s] Level 1:colcon.colcon_core.shell:create_environment_hook('robot_bringup', 'cmake_prefix_path')
[2.395s] INFO:colcon.colcon_core.shell:Creating environment hook '/home/kirill/ROS/ex03/install/robot_bringup/share/robot_bringup/hook/cmake_prefix_path.ps1'
[2.396s] INFO:colcon.colcon_core.shell:Creating environment descriptor '/home/kirill/ROS/ex03/install/robot_bringup/share/robot_bringup/hook/cmake_prefix_path.dsv'
[2.397s] INFO:colcon.colcon_core.shell:Creating environment hook '/home/kirill/ROS/ex03/install/robot_bringup/share/robot_bringup/hook/cmake_prefix_path.sh'
[2.398s] Level 1:colcon.colcon_core.environment:checking '/home/kirill/ROS/ex03/install/robot_bringup/bin'
[2.399s] Level 1:colcon.colcon_core.environment:checking '/home/kirill/ROS/ex03/install/robot_bringup/lib/pkgconfig/robot_bringup.pc'
[2.399s] Level 1:colcon.colcon_core.environment:checking '/home/kirill/ROS/ex03/install/robot_bringup/lib/python3.10/site-packages'
[2.399s] Level 1:colcon.colcon_core.environment:checking '/home/kirill/ROS/ex03/install/robot_bringup/bin'
[2.400s] INFO:colcon.colcon_core.shell:Creating package script '/home/kirill/ROS/ex03/install/robot_bringup/share/robot_bringup/package.ps1'
[2.401s] INFO:colcon.colcon_core.shell:Creating package descriptor '/home/kirill/ROS/ex03/install/robot_bringup/share/robot_bringup/package.dsv'
[2.402s] INFO:colcon.colcon_core.shell:Creating package script '/home/kirill/ROS/ex03/install/robot_bringup/share/robot_bringup/package.sh'
[2.403s] INFO:colcon.colcon_core.shell:Creating package script '/home/kirill/ROS/ex03/install/robot_bringup/share/robot_bringup/package.bash'
[2.404s] INFO:colcon.colcon_core.shell:Creating package script '/home/kirill/ROS/ex03/install/robot_bringup/share/robot_bringup/package.zsh'
[2.405s] Level 1:colcon.colcon_core.environment:create_file_with_runtime_dependencies(/home/kirill/ROS/ex03/install/robot_bringup/share/colcon-core/packages/robot_bringup)
[2.412s] Level 1:colcon.colcon_core.environment:create_environment_scripts_only(robot_app)
[2.413s] Level 1:colcon.colcon_core.environment:checking '/home/kirill/ROS/ex03/install/robot_app' for CMake module files
[2.413s] Level 1:colcon.colcon_core.environment:checking '/home/kirill/ROS/ex03/install/robot_app' for CMake config files
[2.414s] Level 1:colcon.colcon_core.shell:create_environment_hook('robot_app', 'cmake_prefix_path')
[2.415s] INFO:colcon.colcon_core.shell:Creating environment hook '/home/kirill/ROS/ex03/install/robot_app/share/robot_app/hook/cmake_prefix_path.ps1'
[2.415s] INFO:colcon.colcon_core.shell:Creating environment descriptor '/home/kirill/ROS/ex03/install/robot_app/share/robot_app/hook/cmake_prefix_path.dsv'
[2.416s] INFO:colcon.colcon_core.shell:Creating environment hook '/home/kirill/ROS/ex03/install/robot_app/share/robot_app/hook/cmake_prefix_path.sh'
[2.417s] Level 1:colcon.colcon_core.environment:checking '/home/kirill/ROS/ex03/install/robot_app/bin'
[2.417s] Level 1:colcon.colcon_core.environment:checking '/home/kirill/ROS/ex03/install/robot_app/lib/pkgconfig/robot_app.pc'
[2.418s] Level 1:colcon.colcon_core.environment:checking '/home/kirill/ROS/ex03/install/robot_app/lib/python3.10/site-packages'
[2.418s] Level 1:colcon.colcon_core.environment:checking '/home/kirill/ROS/ex03/install/robot_app/bin'
[2.419s] INFO:colcon.colcon_core.shell:Creating package script '/home/kirill/ROS/ex03/install/robot_app/share/robot_app/package.ps1'
[2.420s] INFO:colcon.colcon_core.shell:Creating package descriptor '/home/kirill/ROS/ex03/install/robot_app/share/robot_app/package.dsv'
[2.421s] INFO:colcon.colcon_core.shell:Creating package script '/home/kirill/ROS/ex03/install/robot_app/share/robot_app/package.sh'
[2.423s] INFO:colcon.colcon_core.shell:Creating package script '/home/kirill/ROS/ex03/install/robot_app/share/robot_app/package.bash'
[2.424s] INFO:colcon.colcon_core.shell:Creating package script '/home/kirill/ROS/ex03/install/robot_app/share/robot_app/package.zsh'
[2.424s] Level 1:colcon.colcon_core.environment:create_file_with_runtime_dependencies(/home/kirill/ROS/ex03/install/robot_app/share/colcon-core/packages/robot_app)
[2.427s] Level 1:colcon.colcon_core.environment:create_environment_scripts_only(robot_description)
[2.427s] Level 1:colcon.colcon_core.environment:checking '/home/kirill/ROS/ex03/install/robot_description' for CMake module files
[2.428s] Level 1:colcon.colcon_core.environment:checking '/home/kirill/ROS/ex03/install/robot_description' for CMake config files
[2.429s] Level 1:colcon.colcon_core.shell:create_environment_hook('robot_description', 'cmake_prefix_path')
[2.429s] INFO:colcon.colcon_core.shell:Creating environment hook '/home/kirill/ROS/ex03/install/robot_description/share/robot_description/hook/cmake_prefix_path.ps1'
[2.430s] INFO:colcon.colcon_core.shell:Creating environment descriptor '/home/kirill/ROS/ex03/install/robot_description/share/robot_description/hook/cmake_prefix_path.dsv'
[2.431s] INFO:colcon.colcon_core.shell:Creating environment hook '/home/kirill/ROS/ex03/install/robot_description/share/robot_description/hook/cmake_prefix_path.sh'
[2.432s] Level 1:colcon.colcon_core.environment:checking '/home/kirill/ROS/ex03/install/robot_description/bin'
[2.432s] Level 1:colcon.colcon_core.environment:checking '/home/kirill/ROS/ex03/install/robot_description/lib/pkgconfig/robot_description.pc'
[2.432s] Level 1:colcon.colcon_core.environment:checking '/home/kirill/ROS/ex03/install/robot_description/lib/python3.10/site-packages'
[2.432s] Level 1:colcon.colcon_core.environment:checking '/home/kirill/ROS/ex03/install/robot_description/bin'
[2.433s] INFO:colcon.colcon_core.shell:Creating package script '/home/kirill/ROS/ex03/install/robot_description/share/robot_description/package.ps1'
[2.434s] INFO:colcon.colcon_core.shell:Creating package descriptor '/home/kirill/ROS/ex03/install/robot_description/share/robot_description/package.dsv'
[2.434s] INFO:colcon.colcon_core.shell:Creating package script '/home/kirill/ROS/ex03/install/robot_description/share/robot_description/package.sh'
[2.435s] INFO:colcon.colcon_core.shell:Creating package script '/home/kirill/ROS/ex03/install/robot_description/share/robot_description/package.bash'
[2.436s] INFO:colcon.colcon_core.shell:Creating package script '/home/kirill/ROS/ex03/install/robot_description/share/robot_description/package.zsh'
[2.436s] Level 1:colcon.colcon_core.environment:create_file_with_runtime_dependencies(/home/kirill/ROS/ex03/install/robot_description/share/colcon-core/packages/robot_description)
[2.437s] DEBUG:colcon.colcon_parallel_executor.executor.parallel:closing loop
[2.437s] DEBUG:colcon.colcon_parallel_executor.executor.parallel:loop closed
[2.437s] DEBUG:colcon.colcon_parallel_executor.executor.parallel:run_until_complete finished with '0'
[2.438s] DEBUG:colcon.colcon_core.event_reactor:joining thread
[2.450s] INFO:colcon.colcon_core.plugin_system:Skipping extension 'colcon_notification.desktop_notification.terminal_notifier': Not used on non-Darwin systems
[2.450s] INFO:colcon.colcon_core.plugin_system:Skipping extension 'colcon_notification.desktop_notification.win32': Not used on non-Windows systems
[2.451s] INFO:colcon.colcon_notification.desktop_notification:Sending desktop notification using 'notify2'
[2.473s] DEBUG:colcon.colcon_core.event_reactor:joined thread
[2.474s] INFO:colcon.colcon_core.shell:Creating prefix script '/home/kirill/ROS/ex03/install/local_setup.ps1'
[2.477s] INFO:colcon.colcon_core.shell:Creating prefix util module '/home/kirill/ROS/ex03/install/_local_setup_util_ps1.py'
[2.481s] INFO:colcon.colcon_core.shell:Creating prefix chain script '/home/kirill/ROS/ex03/install/setup.ps1'
[2.484s] INFO:colcon.colcon_core.shell:Creating prefix script '/home/kirill/ROS/ex03/install/local_setup.sh'
[2.485s] INFO:colcon.colcon_core.shell:Creating prefix util module '/home/kirill/ROS/ex03/install/_local_setup_util_sh.py'
[2.486s] INFO:colcon.colcon_core.shell:Creating prefix chain script '/home/kirill/ROS/ex03/install/setup.sh'
[2.489s] INFO:colcon.colcon_core.shell:Creating prefix script '/home/kirill/ROS/ex03/install/local_setup.bash'
[2.490s] INFO:colcon.colcon_core.shell:Creating prefix chain script '/home/kirill/ROS/ex03/install/setup.bash'
[2.493s] INFO:colcon.colcon_core.shell:Creating prefix script '/home/kirill/ROS/ex03/install/local_setup.zsh'
[2.494s] INFO:colcon.colcon_core.shell:Creating prefix chain script '/home/kirill/ROS/ex03/install/setup.zsh'
