[1.258s] Invoking command in '/home/kirill/ROS/ex05/movement_circle': PYTHONPATH=/home/kirill/ROS/ex05/build/movement_circle/prefix_override:/usr/lib/python3/dist-packages/colcon_core/task/python/colcon_distutils_commands:/home/kirill/ROS/ex05/install/movement_circle/lib/python3.10/site-packages:${PYTHONPATH} /usr/bin/python3 -W ignore:setup.py install is deprecated setup.py egg_info --egg-base ../build/movement_circle build --build-base /home/kirill/ROS/ex05/build/movement_circle/build install --record /home/kirill/ROS/ex05/build/movement_circle/install.log --single-version-externally-managed install_data
[1.687s] running egg_info
[1.688s] writing ../build/movement_circle/movement_circle.egg-info/PKG-INFO
[1.688s] writing dependency_links to ../build/movement_circle/movement_circle.egg-info/dependency_links.txt
[1.688s] writing entry points to ../build/movement_circle/movement_circle.egg-info/entry_points.txt
[1.689s] writing requirements to ../build/movement_circle/movement_circle.egg-info/requires.txt
[1.689s] writing top-level names to ../build/movement_circle/movement_circle.egg-info/top_level.txt
[1.692s] reading manifest file '../build/movement_circle/movement_circle.egg-info/SOURCES.txt'
[1.700s] writing manifest file '../build/movement_circle/movement_circle.egg-info/SOURCES.txt'
[1.700s] running build
[1.701s] running build_py
[1.701s] running install
[1.701s] running install_lib
[1.703s] running install_data
[1.703s] running install_egg_info
[1.706s] removing '/home/kirill/ROS/ex05/install/movement_circle/lib/python3.10/site-packages/movement_circle-0.0.0-py3.10.egg-info' (and everything under it)
[1.707s] Copying ../build/movement_circle/movement_circle.egg-info to /home/kirill/ROS/ex05/install/movement_circle/lib/python3.10/site-packages/movement_circle-0.0.0-py3.10.egg-info
[1.709s] running install_scripts
[1.746s] Installing move script to /home/kirill/ROS/ex05/install/movement_circle/lib/movement_circle
[1.747s] writing list of installed files to '/home/kirill/ROS/ex05/build/movement_circle/install.log'
[1.795s] Invoked command in '/home/kirill/ROS/ex05/movement_circle' returned '0': PYTHONPATH=/home/kirill/ROS/ex05/build/movement_circle/prefix_override:/usr/lib/python3/dist-packages/colcon_core/task/python/colcon_distutils_commands:/home/kirill/ROS/ex05/install/movement_circle/lib/python3.10/site-packages:${PYTHONPATH} /usr/bin/python3 -W ignore:setup.py install is deprecated setup.py egg_info --egg-base ../build/movement_circle build --build-base /home/kirill/ROS/ex05/build/movement_circle/build install --record /home/kirill/ROS/ex05/build/movement_circle/install.log --single-version-externally-managed install_data
