[0.038s] Invoking command in '/home/kirill/ROS/ex03/build/robot_app': CMAKE_PREFIX_PATH=${CMAKE_PREFIX_PATH}:/home/kirill/ros2_ws/install/mizkus:/opt/ros/humble /usr/bin/cmake /home/kirill/ROS/ex03/robot_app -DCMAKE_INSTALL_PREFIX=/home/kirill/ROS/ex03/install/robot_app
[0.202s] -- The C compiler identification is GNU 11.4.0
[0.352s] -- The CXX compiler identification is GNU 11.4.0
[0.375s] -- Detecting C compiler ABI info
[0.533s] -- Detecting C compiler ABI info - done
[0.548s] -- Check for working C compiler: /usr/bin/cc - skipped
[0.549s] -- Detecting C compile features
[0.549s] -- Detecting C compile features - done
[0.555s] -- Detecting CXX compiler ABI info
[0.724s] -- Detecting CXX compiler ABI info - done
[0.742s] -- Check for working CXX compiler: /usr/bin/c++ - skipped
[0.742s] -- Detecting CXX compile features
[0.744s] -- Detecting CXX compile features - done
[0.751s] -- Found ament_cmake: 1.3.10 (/opt/ros/humble/share/ament_cmake/cmake)
[1.080s] -- Found Python3: /usr/bin/python3 (found version "3.10.12") found components: Interpreter 
[1.397s] -- Configuring done
[1.407s] -- Generating done
[1.413s] -- Build files have been written to: /home/kirill/ROS/ex03/build/robot_app
[1.422s] Invoked command in '/home/kirill/ROS/ex03/build/robot_app' returned '0': CMAKE_PREFIX_PATH=${CMAKE_PREFIX_PATH}:/home/kirill/ros2_ws/install/mizkus:/opt/ros/humble /usr/bin/cmake /home/kirill/ROS/ex03/robot_app -DCMAKE_INSTALL_PREFIX=/home/kirill/ROS/ex03/install/robot_app
[1.425s] Invoking command in '/home/kirill/ROS/ex03/build/robot_app': CMAKE_PREFIX_PATH=${CMAKE_PREFIX_PATH}:/home/kirill/ros2_ws/install/mizkus:/opt/ros/humble /usr/bin/cmake --build /home/kirill/ROS/ex03/build/robot_app -- -j8 -l8
[1.500s] Invoked command in '/home/kirill/ROS/ex03/build/robot_app' returned '0': CMAKE_PREFIX_PATH=${CMAKE_PREFIX_PATH}:/home/kirill/ros2_ws/install/mizkus:/opt/ros/humble /usr/bin/cmake --build /home/kirill/ROS/ex03/build/robot_app -- -j8 -l8
[1.548s] Invoking command in '/home/kirill/ROS/ex03/build/robot_app': CMAKE_PREFIX_PATH=${CMAKE_PREFIX_PATH}:/home/kirill/ros2_ws/install/mizkus:/opt/ros/humble /usr/bin/cmake --install /home/kirill/ROS/ex03/build/robot_app
[1.576s] -- Install configuration: ""
[1.578s] -- Installing: /home/kirill/ROS/ex03/install/robot_app/share/ament_index/resource_index/package_run_dependencies/robot_app
[1.578s] -- Installing: /home/kirill/ROS/ex03/install/robot_app/share/ament_index/resource_index/parent_prefix_path/robot_app
[1.584s] -- Installing: /home/kirill/ROS/ex03/install/robot_app/share/robot_app/environment/ament_prefix_path.sh
[1.586s] -- Installing: /home/kirill/ROS/ex03/install/robot_app/share/robot_app/environment/ament_prefix_path.dsv
[1.586s] -- Installing: /home/kirill/ROS/ex03/install/robot_app/share/robot_app/environment/path.sh
[1.587s] -- Installing: /home/kirill/ROS/ex03/install/robot_app/share/robot_app/environment/path.dsv
[1.587s] -- Installing: /home/kirill/ROS/ex03/install/robot_app/share/robot_app/local_setup.bash
[1.587s] -- Installing: /home/kirill/ROS/ex03/install/robot_app/share/robot_app/local_setup.sh
[1.587s] -- Installing: /home/kirill/ROS/ex03/install/robot_app/share/robot_app/local_setup.zsh
[1.588s] -- Installing: /home/kirill/ROS/ex03/install/robot_app/share/robot_app/local_setup.dsv
[1.588s] -- Installing: /home/kirill/ROS/ex03/install/robot_app/share/robot_app/package.dsv
[1.589s] -- Installing: /home/kirill/ROS/ex03/install/robot_app/share/ament_index/resource_index/packages/robot_app
[1.589s] -- Installing: /home/kirill/ROS/ex03/install/robot_app/share/robot_app/cmake/robot_appConfig.cmake
[1.589s] -- Installing: /home/kirill/ROS/ex03/install/robot_app/share/robot_app/cmake/robot_appConfig-version.cmake
[1.589s] -- Installing: /home/kirill/ROS/ex03/install/robot_app/share/robot_app/package.xml
[1.628s] Invoked command in '/home/kirill/ROS/ex03/build/robot_app' returned '0': CMAKE_PREFIX_PATH=${CMAKE_PREFIX_PATH}:/home/kirill/ros2_ws/install/mizkus:/opt/ros/humble /usr/bin/cmake --install /home/kirill/ROS/ex03/build/robot_app
