[0.814s] Invoking command in '/home/kirill/ROS/ex05/movement_circle': PYTHONPATH=/home/kirill/ROS/ex05/build/movement_circle/prefix_override:/usr/lib/python3/dist-packages/colcon_core/task/python/colcon_distutils_commands:/home/kirill/ROS/ex05/install/movement_circle/lib/python3.10/site-packages:${PYTHONPATH} /usr/bin/python3 -W ignore:setup.py install is deprecated setup.py egg_info --egg-base ../build/movement_circle build --build-base /home/kirill/ROS/ex05/build/movement_circle/build install --record /home/kirill/ROS/ex05/build/movement_circle/install.log --single-version-externally-managed install_data
[1.127s] running egg_info
[1.128s] writing ../build/movement_circle/movement_circle.egg-info/PKG-INFO
[1.128s] writing dependency_links to ../build/movement_circle/movement_circle.egg-info/dependency_links.txt
[1.129s] writing entry points to ../build/movement_circle/movement_circle.egg-info/entry_points.txt
[1.129s] writing requirements to ../build/movement_circle/movement_circle.egg-info/requires.txt
[1.129s] writing top-level names to ../build/movement_circle/movement_circle.egg-info/top_level.txt
[1.132s] reading manifest file '../build/movement_circle/movement_circle.egg-info/SOURCES.txt'
[1.133s] writing manifest file '../build/movement_circle/movement_circle.egg-info/SOURCES.txt'
[1.133s] running build
[1.133s] running build_py
[1.134s] copying movement_circle/circle_movement.py -> /home/kirill/ROS/ex05/build/movement_circle/build/lib/movement_circle
[1.134s] running install
[1.134s] running install_lib
[1.135s] copying /home/kirill/ROS/ex05/build/movement_circle/build/lib/movement_circle/circle_movement.py -> /home/kirill/ROS/ex05/install/movement_circle/lib/python3.10/site-packages/movement_circle
[1.136s] byte-compiling /home/kirill/ROS/ex05/install/movement_circle/lib/python3.10/site-packages/movement_circle/circle_movement.py to circle_movement.cpython-310.pyc
[1.137s] running install_data
[1.137s] running install_egg_info
[1.140s] removing '/home/kirill/ROS/ex05/install/movement_circle/lib/python3.10/site-packages/movement_circle-0.0.0-py3.10.egg-info' (and everything under it)
[1.141s] Copying ../build/movement_circle/movement_circle.egg-info to /home/kirill/ROS/ex05/install/movement_circle/lib/python3.10/site-packages/movement_circle-0.0.0-py3.10.egg-info
[1.142s] running install_scripts
[1.170s] Installing move script to /home/kirill/ROS/ex05/install/movement_circle/lib/movement_circle
[1.171s] writing list of installed files to '/home/kirill/ROS/ex05/build/movement_circle/install.log'
[1.206s] Invoked command in '/home/kirill/ROS/ex05/movement_circle' returned '0': PYTHONPATH=/home/kirill/ROS/ex05/build/movement_circle/prefix_override:/usr/lib/python3/dist-packages/colcon_core/task/python/colcon_distutils_commands:/home/kirill/ROS/ex05/install/movement_circle/lib/python3.10/site-packages:${PYTHONPATH} /usr/bin/python3 -W ignore:setup.py install is deprecated setup.py egg_info --egg-base ../build/movement_circle build --build-base /home/kirill/ROS/ex05/build/movement_circle/build install --record /home/kirill/ROS/ex05/build/movement_circle/install.log --single-version-externally-managed install_data
