[0.033s] Invoking command in '/home/kirill/ROS/ex03/build/robot_app': CMAKE_PREFIX_PATH=${CMAKE_PREFIX_PATH}:/home/kirill/ros2_ws/install/mizkus:/opt/ros/humble /usr/bin/cmake --build /home/kirill/ROS/ex03/build/robot_app -- -j8 -l8
[0.137s] Invoked command in '/home/kirill/ROS/ex03/build/robot_app' returned '0': CMAKE_PREFIX_PATH=${CMAKE_PREFIX_PATH}:/home/kirill/ros2_ws/install/mizkus:/opt/ros/humble /usr/bin/cmake --build /home/kirill/ROS/ex03/build/robot_app -- -j8 -l8
[0.196s] Invoking command in '/home/kirill/ROS/ex03/build/robot_app': CMAKE_PREFIX_PATH=${CMAKE_PREFIX_PATH}:/home/kirill/ros2_ws/install/mizkus:/opt/ros/humble /usr/bin/cmake --install /home/kirill/ROS/ex03/build/robot_app
[0.212s] -- Install configuration: ""
[0.214s] -- Up-to-date: /home/kirill/ROS/ex03/install/robot_app/share/ament_index/resource_index/package_run_dependencies/robot_app
[0.216s] -- Up-to-date: /home/kirill/ROS/ex03/install/robot_app/share/ament_index/resource_index/parent_prefix_path/robot_app
[0.216s] -- Up-to-date: /home/kirill/ROS/ex03/install/robot_app/share/robot_app/environment/ament_prefix_path.sh
[0.217s] -- Up-to-date: /home/kirill/ROS/ex03/install/robot_app/share/robot_app/environment/ament_prefix_path.dsv
[0.217s] -- Up-to-date: /home/kirill/ROS/ex03/install/robot_app/share/robot_app/environment/path.sh
[0.218s] -- Up-to-date: /home/kirill/ROS/ex03/install/robot_app/share/robot_app/environment/path.dsv
[0.218s] -- Up-to-date: /home/kirill/ROS/ex03/install/robot_app/share/robot_app/local_setup.bash
[0.218s] -- Up-to-date: /home/kirill/ROS/ex03/install/robot_app/share/robot_app/local_setup.sh
[0.219s] -- Up-to-date: /home/kirill/ROS/ex03/install/robot_app/share/robot_app/local_setup.zsh
[0.219s] -- Up-to-date: /home/kirill/ROS/ex03/install/robot_app/share/robot_app/local_setup.dsv
[0.219s] -- Installing: /home/kirill/ROS/ex03/install/robot_app/share/robot_app/package.dsv
[0.220s] -- Up-to-date: /home/kirill/ROS/ex03/install/robot_app/share/ament_index/resource_index/packages/robot_app
[0.220s] -- Up-to-date: /home/kirill/ROS/ex03/install/robot_app/share/robot_app/cmake/robot_appConfig.cmake
[0.220s] -- Up-to-date: /home/kirill/ROS/ex03/install/robot_app/share/robot_app/cmake/robot_appConfig-version.cmake
[0.221s] -- Up-to-date: /home/kirill/ROS/ex03/install/robot_app/share/robot_app/package.xml
[0.250s] Invoked command in '/home/kirill/ROS/ex03/build/robot_app' returned '0': CMAKE_PREFIX_PATH=${CMAKE_PREFIX_PATH}:/home/kirill/ros2_ws/install/mizkus:/opt/ros/humble /usr/bin/cmake --install /home/kirill/ROS/ex03/build/robot_app
