[0.525s] Invoking command in '/home/kirill/ROS/ex05/build/robot_bringup': CMAKE_PREFIX_PATH=${CMAKE_PREFIX_PATH}:/home/kirill/ROS/ex04/install/movement_circle:/home/kirill/ros2_ws/install/mizkus:/opt/ros/humble /usr/bin/cmake /home/kirill/ROS/ex05/robot_bringup -DCMAKE_INSTALL_PREFIX=/home/kirill/ROS/ex05/install/robot_bringup
[0.630s] -- The C compiler identification is GNU 11.4.0
[0.766s] -- The CXX compiler identification is GNU 11.4.0
[0.793s] -- Detecting C compiler ABI info
[0.946s] -- Detecting C compiler ABI info - done
[0.966s] -- Check for working C compiler: /usr/bin/cc - skipped
[0.966s] -- Detecting C compile features
[0.967s] -- Detecting C compile features - done
[0.975s] -- Detecting CXX compiler ABI info
[1.182s] -- Detecting CXX compiler ABI info - done
[1.203s] -- Check for working CXX compiler: /usr/bin/c++ - skipped
[1.204s] -- Detecting CXX compile features
[1.206s] -- Detecting CXX compile features - done
[1.213s] -- Found ament_cmake: 1.3.10 (/opt/ros/humble/share/ament_cmake/cmake)
[1.618s] -- Found Python3: /usr/bin/python3 (found version "3.10.12") found components: Interpreter 
[1.858s] -- Found ament_lint_auto: 0.12.11 (/opt/ros/humble/share/ament_lint_auto/cmake)
[2.050s] -- Configuring done
[2.060s] -- Generating done
[2.063s] -- Build files have been written to: /home/kirill/ROS/ex05/build/robot_bringup
[2.077s] Invoked command in '/home/kirill/ROS/ex05/build/robot_bringup' returned '0': CMAKE_PREFIX_PATH=${CMAKE_PREFIX_PATH}:/home/kirill/ROS/ex04/install/movement_circle:/home/kirill/ros2_ws/install/mizkus:/opt/ros/humble /usr/bin/cmake /home/kirill/ROS/ex05/robot_bringup -DCMAKE_INSTALL_PREFIX=/home/kirill/ROS/ex05/install/robot_bringup
[2.080s] Invoking command in '/home/kirill/ROS/ex05/build/robot_bringup': CMAKE_PREFIX_PATH=${CMAKE_PREFIX_PATH}:/home/kirill/ROS/ex04/install/movement_circle:/home/kirill/ros2_ws/install/mizkus:/opt/ros/humble /usr/bin/cmake --build /home/kirill/ROS/ex05/build/robot_bringup -- -j8 -l8
[2.160s] Invoked command in '/home/kirill/ROS/ex05/build/robot_bringup' returned '0': CMAKE_PREFIX_PATH=${CMAKE_PREFIX_PATH}:/home/kirill/ROS/ex04/install/movement_circle:/home/kirill/ros2_ws/install/mizkus:/opt/ros/humble /usr/bin/cmake --build /home/kirill/ROS/ex05/build/robot_bringup -- -j8 -l8
[2.227s] Invoking command in '/home/kirill/ROS/ex05/build/robot_bringup': CMAKE_PREFIX_PATH=${CMAKE_PREFIX_PATH}:/home/kirill/ROS/ex04/install/movement_circle:/home/kirill/ros2_ws/install/mizkus:/opt/ros/humble /usr/bin/cmake --install /home/kirill/ROS/ex05/build/robot_bringup
[2.241s] -- Install configuration: ""
[2.241s] -- Installing: /home/kirill/ROS/ex05/install/robot_bringup/share/robot_bringup/launch
[2.242s] -- Installing: /home/kirill/ROS/ex05/install/robot_bringup/share/robot_bringup/launch/circle_movement.launch.py
[2.242s] -- Installing: /home/kirill/ROS/ex05/install/robot_bringup/share/robot_bringup/launch/diff_drive.launch.py
[2.243s] -- Installing: /home/kirill/ROS/ex05/install/robot_bringup/share/robot_bringup/config
[2.243s] -- Installing: /home/kirill/ROS/ex05/install/robot_bringup/share/robot_bringup/config/diff_drive.rviz
[2.244s] -- Installing: /home/kirill/ROS/ex05/install/robot_bringup/share/robot_bringup/config/robot_bridge.yaml
[2.244s] -- Installing: /home/kirill/ROS/ex05/install/robot_bringup/share/ament_index/resource_index/package_run_dependencies/robot_bringup
[2.245s] -- Installing: /home/kirill/ROS/ex05/install/robot_bringup/share/ament_index/resource_index/parent_prefix_path/robot_bringup
[2.246s] -- Installing: /home/kirill/ROS/ex05/install/robot_bringup/share/robot_bringup/environment/ament_prefix_path.sh
[2.246s] -- Installing: /home/kirill/ROS/ex05/install/robot_bringup/share/robot_bringup/environment/ament_prefix_path.dsv
[2.246s] -- Installing: /home/kirill/ROS/ex05/install/robot_bringup/share/robot_bringup/environment/path.sh
[2.247s] -- Installing: /home/kirill/ROS/ex05/install/robot_bringup/share/robot_bringup/environment/path.dsv
[2.247s] -- Installing: /home/kirill/ROS/ex05/install/robot_bringup/share/robot_bringup/local_setup.bash
[2.248s] -- Installing: /home/kirill/ROS/ex05/install/robot_bringup/share/robot_bringup/local_setup.sh
[2.248s] -- Installing: /home/kirill/ROS/ex05/install/robot_bringup/share/robot_bringup/local_setup.zsh
[2.249s] -- Installing: /home/kirill/ROS/ex05/install/robot_bringup/share/robot_bringup/local_setup.dsv
[2.249s] -- Installing: /home/kirill/ROS/ex05/install/robot_bringup/share/robot_bringup/package.dsv
[2.249s] -- Installing: /home/kirill/ROS/ex05/install/robot_bringup/share/ament_index/resource_index/packages/robot_bringup
[2.250s] -- Installing: /home/kirill/ROS/ex05/install/robot_bringup/share/robot_bringup/cmake/robot_bringupConfig.cmake
[2.250s] -- Installing: /home/kirill/ROS/ex05/install/robot_bringup/share/robot_bringup/cmake/robot_bringupConfig-version.cmake
[2.251s] -- Installing: /home/kirill/ROS/ex05/install/robot_bringup/share/robot_bringup/package.xml
[2.264s] Invoked command in '/home/kirill/ROS/ex05/build/robot_bringup' returned '0': CMAKE_PREFIX_PATH=${CMAKE_PREFIX_PATH}:/home/kirill/ROS/ex04/install/movement_circle:/home/kirill/ros2_ws/install/mizkus:/opt/ros/humble /usr/bin/cmake --install /home/kirill/ROS/ex05/build/robot_bringup
