[0.223s] DEBUG:colcon:Command line arguments: ['/usr/bin/colcon', 'build']
[0.223s] DEBUG:colcon:Parsed command line arguments: Namespace(log_base=None, log_level=None, verb_name='build', build_base='build', install_base='install', merge_install=False, symlink_install=False, test_result_base=None, continue_on_error=False, executor='parallel', parallel_workers=8, event_handlers=None, ignore_user_meta=False, metas=['./colcon.meta'], base_paths=['.'], packages_ignore=None, packages_ignore_regex=None, paths=None, packages_up_to=None, packages_up_to_regex=None, packages_above=None, packages_above_and_dependencies=None, packages_above_depth=None, packages_select_by_dep=None, packages_skip_by_dep=None, packages_skip_up_to=None, packages_select_build_failed=False, packages_skip_build_finished=False, packages_select_test_failures=False, packages_skip_test_passed=False, packages_select=None, packages_skip=None, packages_select_regex=None, packages_skip_regex=None, packages_start=None, packages_end=None, allow_overriding=[], cmake_args=None, cmake_target=None, cmake_target_skip_unavailable=False, cmake_clean_cache=False, cmake_clean_first=False, cmake_force_configure=False, ament_cmake_args=None, catkin_cmake_args=None, catkin_skip_building_tests=False, mixin_files=None, mixin=None, verb_parser=<colcon_mixin.mixin.mixin_argument.MixinArgumentDecorator object at 0x7ab7e8142bf0>, verb_extension=<colcon_core.verb.build.BuildVerb object at 0x7ab7e8142500>, main=<bound method BuildVerb.main of <colcon_core.verb.build.BuildVerb object at 0x7ab7e8142500>>, mixin_verb=('build',))
[0.594s] Level 1:colcon.colcon_core.package_discovery:discover_packages(colcon_meta) check parameters
[0.595s] Level 1:colcon.colcon_core.package_discovery:discover_packages(recursive) check parameters
[0.595s] Level 1:colcon.colcon_core.package_discovery:discover_packages(ignore) check parameters
[0.595s] Level 1:colcon.colcon_core.package_discovery:discover_packages(path) check parameters
[0.595s] Level 1:colcon.colcon_core.package_discovery:discover_packages(colcon_meta) discover
[0.595s] Level 1:colcon.colcon_core.package_discovery:discover_packages(recursive) discover
[0.595s] INFO:colcon.colcon_core.package_discovery:Crawling recursively for packages in '/home/kirill/ROS/ex03'
[0.595s] Level 1:colcon.colcon_core.package_identification:_identify(.) by extensions ['ignore', 'ignore_ament_install']
[0.595s] Level 1:colcon.colcon_core.package_identification:_identify(.) by extension 'ignore'
[0.595s] Level 1:colcon.colcon_core.package_identification:_identify(.) by extension 'ignore_ament_install'
[0.595s] Level 1:colcon.colcon_core.package_identification:_identify(.) by extensions ['colcon_pkg']
[0.595s] Level 1:colcon.colcon_core.package_identification:_identify(.) by extension 'colcon_pkg'
[0.595s] Level 1:colcon.colcon_core.package_identification:_identify(.) by extensions ['colcon_meta']
[0.596s] Level 1:colcon.colcon_core.package_identification:_identify(.) by extension 'colcon_meta'
[0.596s] Level 1:colcon.colcon_core.package_identification:_identify(.) by extensions ['ros']
[0.596s] Level 1:colcon.colcon_core.package_identification:_identify(.) by extension 'ros'
[0.616s] Level 1:colcon.colcon_core.package_identification:_identify(.) by extensions ['cmake', 'python']
[0.616s] Level 1:colcon.colcon_core.package_identification:_identify(.) by extension 'cmake'
[0.617s] Level 1:colcon.colcon_core.package_identification:_identify(.) by extension 'python'
[0.617s] Level 1:colcon.colcon_core.package_identification:_identify(.) by extensions ['python_setup_py']
[0.617s] Level 1:colcon.colcon_core.package_identification:_identify(.) by extension 'python_setup_py'
[0.617s] Level 1:colcon.colcon_core.package_identification:_identify(build) by extensions ['ignore', 'ignore_ament_install']
[0.617s] Level 1:colcon.colcon_core.package_identification:_identify(build) by extension 'ignore'
[0.617s] Level 1:colcon.colcon_core.package_identification:_identify(build) ignored
[0.617s] Level 1:colcon.colcon_core.package_identification:_identify(install) by extensions ['ignore', 'ignore_ament_install']
[0.617s] Level 1:colcon.colcon_core.package_identification:_identify(install) by extension 'ignore'
[0.618s] Level 1:colcon.colcon_core.package_identification:_identify(install) ignored
[0.618s] Level 1:colcon.colcon_core.package_identification:_identify(log) by extensions ['ignore', 'ignore_ament_install']
[0.618s] Level 1:colcon.colcon_core.package_identification:_identify(log) by extension 'ignore'
[0.618s] Level 1:colcon.colcon_core.package_identification:_identify(log) ignored
[0.618s] Level 1:colcon.colcon_core.package_identification:_identify(robot_app) by extensions ['ignore', 'ignore_ament_install']
[0.618s] Level 1:colcon.colcon_core.package_identification:_identify(robot_app) by extension 'ignore'
[0.618s] Level 1:colcon.colcon_core.package_identification:_identify(robot_app) by extension 'ignore_ament_install'
[0.618s] Level 1:colcon.colcon_core.package_identification:_identify(robot_app) by extensions ['colcon_pkg']
[0.618s] Level 1:colcon.colcon_core.package_identification:_identify(robot_app) by extension 'colcon_pkg'
[0.618s] Level 1:colcon.colcon_core.package_identification:_identify(robot_app) by extensions ['colcon_meta']
[0.618s] Level 1:colcon.colcon_core.package_identification:_identify(robot_app) by extension 'colcon_meta'
[0.619s] Level 1:colcon.colcon_core.package_identification:_identify(robot_app) by extensions ['ros']
[0.619s] Level 1:colcon.colcon_core.package_identification:_identify(robot_app) by extension 'ros'
[0.623s] DEBUG:colcon.colcon_core.package_identification:Package 'robot_app' with type 'ros.ament_cmake' and name 'robot_app'
[0.623s] Level 1:colcon.colcon_core.package_identification:_identify(robot_bringup) by extensions ['ignore', 'ignore_ament_install']
[0.624s] Level 1:colcon.colcon_core.package_identification:_identify(robot_bringup) by extension 'ignore'
[0.624s] Level 1:colcon.colcon_core.package_identification:_identify(robot_bringup) by extension 'ignore_ament_install'
[0.624s] Level 1:colcon.colcon_core.package_identification:_identify(robot_bringup) by extensions ['colcon_pkg']
[0.624s] Level 1:colcon.colcon_core.package_identification:_identify(robot_bringup) by extension 'colcon_pkg'
[0.624s] Level 1:colcon.colcon_core.package_identification:_identify(robot_bringup) by extensions ['colcon_meta']
[0.624s] Level 1:colcon.colcon_core.package_identification:_identify(robot_bringup) by extension 'colcon_meta'
[0.624s] Level 1:colcon.colcon_core.package_identification:_identify(robot_bringup) by extensions ['ros']
[0.624s] Level 1:colcon.colcon_core.package_identification:_identify(robot_bringup) by extension 'ros'
[0.625s] DEBUG:colcon.colcon_core.package_identification:Package 'robot_bringup' with type 'ros.ament_cmake' and name 'robot_bringup'
[0.625s] Level 1:colcon.colcon_core.package_identification:_identify(robot_description) by extensions ['ignore', 'ignore_ament_install']
[0.625s] Level 1:colcon.colcon_core.package_identification:_identify(robot_description) by extension 'ignore'
[0.625s] Level 1:colcon.colcon_core.package_identification:_identify(robot_description) by extension 'ignore_ament_install'
[0.625s] Level 1:colcon.colcon_core.package_identification:_identify(robot_description) by extensions ['colcon_pkg']
[0.626s] Level 1:colcon.colcon_core.package_identification:_identify(robot_description) by extension 'colcon_pkg'
[0.626s] Level 1:colcon.colcon_core.package_identification:_identify(robot_description) by extensions ['colcon_meta']
[0.626s] Level 1:colcon.colcon_core.package_identification:_identify(robot_description) by extension 'colcon_meta'
[0.626s] Level 1:colcon.colcon_core.package_identification:_identify(robot_description) by extensions ['ros']
[0.626s] Level 1:colcon.colcon_core.package_identification:_identify(robot_description) by extension 'ros'
[0.627s] DEBUG:colcon.colcon_core.package_identification:Package 'robot_description' with type 'ros.ament_cmake' and name 'robot_description'
[0.627s] Level 1:colcon.colcon_core.package_discovery:discover_packages(recursive) using defaults
[0.627s] Level 1:colcon.colcon_core.package_discovery:discover_packages(ignore) discover
[0.627s] Level 1:colcon.colcon_core.package_discovery:discover_packages(ignore) using defaults
[0.627s] Level 1:colcon.colcon_core.package_discovery:discover_packages(path) discover
[0.627s] Level 1:colcon.colcon_core.package_discovery:discover_packages(path) using defaults
[0.686s] Level 1:colcon.colcon_core.package_discovery:discover_packages(prefix_path) check parameters
[0.686s] Level 1:colcon.colcon_core.package_discovery:discover_packages(prefix_path) discover
[0.691s] DEBUG:colcon.colcon_installed_package_information.package_discovery:Found 2 installed packages in /home/kirill/ros2_ws/install
[0.693s] DEBUG:colcon.colcon_installed_package_information.package_discovery:Found 296 installed packages in /opt/ros/humble
[0.696s] Level 1:colcon.colcon_core.package_discovery:discover_packages(prefix_path) using defaults
[0.764s] Level 5:colcon.colcon_core.verb:set package 'robot_app' build argument 'cmake_args' from command line to 'None'
[0.764s] Level 5:colcon.colcon_core.verb:set package 'robot_app' build argument 'cmake_target' from command line to 'None'
[0.764s] Level 5:colcon.colcon_core.verb:set package 'robot_app' build argument 'cmake_target_skip_unavailable' from command line to 'False'
[0.764s] Level 5:colcon.colcon_core.verb:set package 'robot_app' build argument 'cmake_clean_cache' from command line to 'False'
[0.764s] Level 5:colcon.colcon_core.verb:set package 'robot_app' build argument 'cmake_clean_first' from command line to 'False'
[0.764s] Level 5:colcon.colcon_core.verb:set package 'robot_app' build argument 'cmake_force_configure' from command line to 'False'
[0.764s] Level 5:colcon.colcon_core.verb:set package 'robot_app' build argument 'ament_cmake_args' from command line to 'None'
[0.764s] Level 5:colcon.colcon_core.verb:set package 'robot_app' build argument 'catkin_cmake_args' from command line to 'None'
[0.764s] Level 5:colcon.colcon_core.verb:set package 'robot_app' build argument 'catkin_skip_building_tests' from command line to 'False'
[0.764s] DEBUG:colcon.colcon_core.verb:Building package 'robot_app' with the following arguments: {'ament_cmake_args': None, 'build_base': '/home/kirill/ROS/ex03/build/robot_app', 'catkin_cmake_args': None, 'catkin_skip_building_tests': False, 'cmake_args': None, 'cmake_clean_cache': False, 'cmake_clean_first': False, 'cmake_force_configure': False, 'cmake_target': None, 'cmake_target_skip_unavailable': False, 'install_base': '/home/kirill/ROS/ex03/install/robot_app', 'merge_install': False, 'path': '/home/kirill/ROS/ex03/robot_app', 'symlink_install': False, 'test_result_base': None}
[0.765s] Level 5:colcon.colcon_core.verb:set package 'robot_bringup' build argument 'cmake_args' from command line to 'None'
[0.765s] Level 5:colcon.colcon_core.verb:set package 'robot_bringup' build argument 'cmake_target' from command line to 'None'
[0.765s] Level 5:colcon.colcon_core.verb:set package 'robot_bringup' build argument 'cmake_target_skip_unavailable' from command line to 'False'
[0.765s] Level 5:colcon.colcon_core.verb:set package 'robot_bringup' build argument 'cmake_clean_cache' from command line to 'False'
[0.765s] Level 5:colcon.colcon_core.verb:set package 'robot_bringup' build argument 'cmake_clean_first' from command line to 'False'
[0.765s] Level 5:colcon.colcon_core.verb:set package 'robot_bringup' build argument 'cmake_force_configure' from command line to 'False'
[0.765s] Level 5:colcon.colcon_core.verb:set package 'robot_bringup' build argument 'ament_cmake_args' from command line to 'None'
[0.765s] Level 5:colcon.colcon_core.verb:set package 'robot_bringup' build argument 'catkin_cmake_args' from command line to 'None'
[0.765s] Level 5:colcon.colcon_core.verb:set package 'robot_bringup' build argument 'catkin_skip_building_tests' from command line to 'False'
[0.765s] DEBUG:colcon.colcon_core.verb:Building package 'robot_bringup' with the following arguments: {'ament_cmake_args': None, 'build_base': '/home/kirill/ROS/ex03/build/robot_bringup', 'catkin_cmake_args': None, 'catkin_skip_building_tests': False, 'cmake_args': None, 'cmake_clean_cache': False, 'cmake_clean_first': False, 'cmake_force_configure': False, 'cmake_target': None, 'cmake_target_skip_unavailable': False, 'install_base': '/home/kirill/ROS/ex03/install/robot_bringup', 'merge_install': False, 'path': '/home/kirill/ROS/ex03/robot_bringup', 'symlink_install': False, 'test_result_base': None}
[0.766s] Level 5:colcon.colcon_core.verb:set package 'robot_description' build argument 'cmake_args' from command line to 'None'
[0.766s] Level 5:colcon.colcon_core.verb:set package 'robot_description' build argument 'cmake_target' from command line to 'None'
[0.766s] Level 5:colcon.colcon_core.verb:set package 'robot_description' build argument 'cmake_target_skip_unavailable' from command line to 'False'
[0.766s] Level 5:colcon.colcon_core.verb:set package 'robot_description' build argument 'cmake_clean_cache' from command line to 'False'
[0.766s] Level 5:colcon.colcon_core.verb:set package 'robot_description' build argument 'cmake_clean_first' from command line to 'False'
[0.766s] Level 5:colcon.colcon_core.verb:set package 'robot_description' build argument 'cmake_force_configure' from command line to 'False'
[0.766s] Level 5:colcon.colcon_core.verb:set package 'robot_description' build argument 'ament_cmake_args' from command line to 'None'
[0.766s] Level 5:colcon.colcon_core.verb:set package 'robot_description' build argument 'catkin_cmake_args' from command line to 'None'
[0.766s] Level 5:colcon.colcon_core.verb:set package 'robot_description' build argument 'catkin_skip_building_tests' from command line to 'False'
[0.766s] DEBUG:colcon.colcon_core.verb:Building package 'robot_description' with the following arguments: {'ament_cmake_args': None, 'build_base': '/home/kirill/ROS/ex03/build/robot_description', 'catkin_cmake_args': None, 'catkin_skip_building_tests': False, 'cmake_args': None, 'cmake_clean_cache': False, 'cmake_clean_first': False, 'cmake_force_configure': False, 'cmake_target': None, 'cmake_target_skip_unavailable': False, 'install_base': '/home/kirill/ROS/ex03/install/robot_description', 'merge_install': False, 'path': '/home/kirill/ROS/ex03/robot_description', 'symlink_install': False, 'test_result_base': None}
[0.766s] INFO:colcon.colcon_core.executor:Executing jobs using 'parallel' executor
[0.768s] DEBUG:colcon.colcon_parallel_executor.executor.parallel:run_until_complete
[0.768s] INFO:colcon.colcon_ros.task.ament_cmake.build:Building ROS package in '/home/kirill/ROS/ex03/robot_app' with build type 'ament_cmake'
[0.769s] INFO:colcon.colcon_cmake.task.cmake.build:Building CMake package in '/home/kirill/ROS/ex03/robot_app'
[0.774s] INFO:colcon.colcon_core.plugin_system:Skipping extension 'colcon_core.shell.bat': Not used on non-Windows systems
[0.774s] INFO:colcon.colcon_core.shell:Skip shell extension 'powershell' for command environment: Not usable outside of PowerShell
[0.775s] DEBUG:colcon.colcon_core.shell:Skip shell extension 'dsv' for command environment
[0.781s] INFO:colcon.colcon_ros.task.ament_cmake.build:Building ROS package in '/home/kirill/ROS/ex03/robot_bringup' with build type 'ament_cmake'
[0.781s] INFO:colcon.colcon_cmake.task.cmake.build:Building CMake package in '/home/kirill/ROS/ex03/robot_bringup'
[0.782s] INFO:colcon.colcon_core.shell:Skip shell extension 'powershell' for command environment: Not usable outside of PowerShell
[0.782s] DEBUG:colcon.colcon_core.shell:Skip shell extension 'dsv' for command environment
[0.787s] INFO:colcon.colcon_ros.task.ament_cmake.build:Building ROS package in '/home/kirill/ROS/ex03/robot_description' with build type 'ament_cmake'
[0.787s] INFO:colcon.colcon_cmake.task.cmake.build:Building CMake package in '/home/kirill/ROS/ex03/robot_description'
[0.788s] INFO:colcon.colcon_core.shell:Skip shell extension 'powershell' for command environment: Not usable outside of PowerShell
[0.788s] DEBUG:colcon.colcon_core.shell:Skip shell extension 'dsv' for command environment
[0.804s] DEBUG:colcon.colcon_core.event_handler.log_command:Invoking command in '/home/kirill/ROS/ex03/build/robot_app': CMAKE_PREFIX_PATH=${CMAKE_PREFIX_PATH}:/home/kirill/ros2_ws/install/mizkus:/opt/ros/humble /usr/bin/cmake --build /home/kirill/ROS/ex03/build/robot_app -- -j8 -l8
[0.811s] DEBUG:colcon.colcon_core.event_handler.log_command:Invoking command in '/home/kirill/ROS/ex03/build/robot_bringup': CMAKE_PREFIX_PATH=${CMAKE_PREFIX_PATH}:/home/kirill/ros2_ws/install/mizkus:/opt/ros/humble /usr/bin/cmake --build /home/kirill/ROS/ex03/build/robot_bringup -- -j8 -l8
[0.816s] DEBUG:colcon.colcon_core.event_handler.log_command:Invoking command in '/home/kirill/ROS/ex03/build/robot_description': CMAKE_PREFIX_PATH=${CMAKE_PREFIX_PATH}:/home/kirill/ros2_ws/install/mizkus:/opt/ros/humble /usr/bin/cmake --build /home/kirill/ROS/ex03/build/robot_description -- -j8 -l8
[0.902s] DEBUG:colcon.colcon_core.event_handler.log_command:Invoked command in '/home/kirill/ROS/ex03/build/robot_description' returned '0': CMAKE_PREFIX_PATH=${CMAKE_PREFIX_PATH}:/home/kirill/ros2_ws/install/mizkus:/opt/ros/humble /usr/bin/cmake --build /home/kirill/ROS/ex03/build/robot_description -- -j8 -l8
[0.905s] DEBUG:colcon.colcon_core.event_handler.log_command:Invoked command in '/home/kirill/ROS/ex03/build/robot_bringup' returned '0': CMAKE_PREFIX_PATH=${CMAKE_PREFIX_PATH}:/home/kirill/ros2_ws/install/mizkus:/opt/ros/humble /usr/bin/cmake --build /home/kirill/ROS/ex03/build/robot_bringup -- -j8 -l8
[0.907s] DEBUG:colcon.colcon_core.event_handler.log_command:Invoked command in '/home/kirill/ROS/ex03/build/robot_app' returned '0': CMAKE_PREFIX_PATH=${CMAKE_PREFIX_PATH}:/home/kirill/ros2_ws/install/mizkus:/opt/ros/humble /usr/bin/cmake --build /home/kirill/ROS/ex03/build/robot_app -- -j8 -l8
[0.961s] DEBUG:colcon.colcon_core.event_handler.log_command:Invoking command in '/home/kirill/ROS/ex03/build/robot_description': CMAKE_PREFIX_PATH=${CMAKE_PREFIX_PATH}:/home/kirill/ros2_ws/install/mizkus:/opt/ros/humble /usr/bin/cmake --install /home/kirill/ROS/ex03/build/robot_description
[0.964s] DEBUG:colcon.colcon_core.event_handler.log_command:Invoking command in '/home/kirill/ROS/ex03/build/robot_bringup': CMAKE_PREFIX_PATH=${CMAKE_PREFIX_PATH}:/home/kirill/ros2_ws/install/mizkus:/opt/ros/humble /usr/bin/cmake --install /home/kirill/ROS/ex03/build/robot_bringup
[0.967s] DEBUG:colcon.colcon_core.event_handler.log_command:Invoking command in '/home/kirill/ROS/ex03/build/robot_app': CMAKE_PREFIX_PATH=${CMAKE_PREFIX_PATH}:/home/kirill/ros2_ws/install/mizkus:/opt/ros/humble /usr/bin/cmake --install /home/kirill/ROS/ex03/build/robot_app
[0.984s] Level 1:colcon.colcon_core.environment:create_environment_scripts_only(robot_description)
[0.991s] DEBUG:colcon.colcon_core.event_handler.log_command:Invoked command in '/home/kirill/ROS/ex03/build/robot_description' returned '0': CMAKE_PREFIX_PATH=${CMAKE_PREFIX_PATH}:/home/kirill/ros2_ws/install/mizkus:/opt/ros/humble /usr/bin/cmake --install /home/kirill/ROS/ex03/build/robot_description
[0.994s] Level 1:colcon.colcon_core.environment:checking '/home/kirill/ROS/ex03/install/robot_description' for CMake module files
[0.995s] Level 1:colcon.colcon_core.environment:checking '/home/kirill/ROS/ex03/install/robot_description' for CMake config files
[0.996s] Level 1:colcon.colcon_core.shell:create_environment_hook('robot_description', 'cmake_prefix_path')
[0.997s] INFO:colcon.colcon_core.shell:Creating environment hook '/home/kirill/ROS/ex03/install/robot_description/share/robot_description/hook/cmake_prefix_path.ps1'
[0.999s] INFO:colcon.colcon_core.shell:Creating environment descriptor '/home/kirill/ROS/ex03/install/robot_description/share/robot_description/hook/cmake_prefix_path.dsv'
[1.001s] INFO:colcon.colcon_core.shell:Creating environment hook '/home/kirill/ROS/ex03/install/robot_description/share/robot_description/hook/cmake_prefix_path.sh'
[1.003s] Level 1:colcon.colcon_core.environment:checking '/home/kirill/ROS/ex03/install/robot_description/bin'
[1.004s] Level 1:colcon.colcon_core.environment:checking '/home/kirill/ROS/ex03/install/robot_description/lib/pkgconfig/robot_description.pc'
[1.004s] Level 1:colcon.colcon_core.environment:checking '/home/kirill/ROS/ex03/install/robot_description/lib/python3.10/site-packages'
[1.005s] Level 1:colcon.colcon_core.environment:checking '/home/kirill/ROS/ex03/install/robot_description/bin'
[1.005s] INFO:colcon.colcon_core.shell:Creating package script '/home/kirill/ROS/ex03/install/robot_description/share/robot_description/package.ps1'
[1.008s] INFO:colcon.colcon_core.shell:Creating package descriptor '/home/kirill/ROS/ex03/install/robot_description/share/robot_description/package.dsv'
[1.009s] INFO:colcon.colcon_core.shell:Creating package script '/home/kirill/ROS/ex03/install/robot_description/share/robot_description/package.sh'
[1.011s] INFO:colcon.colcon_core.shell:Creating package script '/home/kirill/ROS/ex03/install/robot_description/share/robot_description/package.bash'
[1.013s] INFO:colcon.colcon_core.shell:Creating package script '/home/kirill/ROS/ex03/install/robot_description/share/robot_description/package.zsh'
[1.015s] Level 1:colcon.colcon_core.environment:create_file_with_runtime_dependencies(/home/kirill/ROS/ex03/install/robot_description/share/colcon-core/packages/robot_description)
[1.019s] Level 1:colcon.colcon_core.environment:create_environment_scripts_only(robot_app)
[1.020s] DEBUG:colcon.colcon_core.event_handler.log_command:Invoked command in '/home/kirill/ROS/ex03/build/robot_app' returned '0': CMAKE_PREFIX_PATH=${CMAKE_PREFIX_PATH}:/home/kirill/ros2_ws/install/mizkus:/opt/ros/humble /usr/bin/cmake --install /home/kirill/ROS/ex03/build/robot_app
[1.021s] Level 1:colcon.colcon_core.environment:checking '/home/kirill/ROS/ex03/install/robot_app' for CMake module files
[1.022s] Level 1:colcon.colcon_core.environment:checking '/home/kirill/ROS/ex03/install/robot_app' for CMake config files
[1.023s] Level 1:colcon.colcon_core.shell:create_environment_hook('robot_app', 'cmake_prefix_path')
[1.024s] INFO:colcon.colcon_core.shell:Creating environment hook '/home/kirill/ROS/ex03/install/robot_app/share/robot_app/hook/cmake_prefix_path.ps1'
[1.025s] INFO:colcon.colcon_core.shell:Creating environment descriptor '/home/kirill/ROS/ex03/install/robot_app/share/robot_app/hook/cmake_prefix_path.dsv'
[1.026s] INFO:colcon.colcon_core.shell:Creating environment hook '/home/kirill/ROS/ex03/install/robot_app/share/robot_app/hook/cmake_prefix_path.sh'
[1.028s] Level 1:colcon.colcon_core.environment:checking '/home/kirill/ROS/ex03/install/robot_app/bin'
[1.028s] Level 1:colcon.colcon_core.environment:checking '/home/kirill/ROS/ex03/install/robot_app/lib/pkgconfig/robot_app.pc'
[1.028s] Level 1:colcon.colcon_core.environment:checking '/home/kirill/ROS/ex03/install/robot_app/lib/python3.10/site-packages'
[1.029s] Level 1:colcon.colcon_core.environment:checking '/home/kirill/ROS/ex03/install/robot_app/bin'
[1.030s] INFO:colcon.colcon_core.shell:Creating package script '/home/kirill/ROS/ex03/install/robot_app/share/robot_app/package.ps1'
[1.031s] INFO:colcon.colcon_core.shell:Creating package descriptor '/home/kirill/ROS/ex03/install/robot_app/share/robot_app/package.dsv'
[1.032s] INFO:colcon.colcon_core.shell:Creating package script '/home/kirill/ROS/ex03/install/robot_app/share/robot_app/package.sh'
[1.033s] INFO:colcon.colcon_core.shell:Creating package script '/home/kirill/ROS/ex03/install/robot_app/share/robot_app/package.bash'
[1.034s] INFO:colcon.colcon_core.shell:Creating package script '/home/kirill/ROS/ex03/install/robot_app/share/robot_app/package.zsh'
[1.035s] Level 1:colcon.colcon_core.environment:create_file_with_runtime_dependencies(/home/kirill/ROS/ex03/install/robot_app/share/colcon-core/packages/robot_app)
[1.037s] Level 1:colcon.colcon_core.environment:create_environment_scripts_only(robot_bringup)
[1.037s] Level 1:colcon.colcon_core.environment:checking '/home/kirill/ROS/ex03/install/robot_bringup' for CMake module files
[1.039s] DEBUG:colcon.colcon_core.event_handler.log_command:Invoked command in '/home/kirill/ROS/ex03/build/robot_bringup' returned '0': CMAKE_PREFIX_PATH=${CMAKE_PREFIX_PATH}:/home/kirill/ros2_ws/install/mizkus:/opt/ros/humble /usr/bin/cmake --install /home/kirill/ROS/ex03/build/robot_bringup
[1.040s] Level 1:colcon.colcon_core.environment:checking '/home/kirill/ROS/ex03/install/robot_bringup' for CMake config files
[1.040s] Level 1:colcon.colcon_core.shell:create_environment_hook('robot_bringup', 'cmake_prefix_path')
[1.041s] INFO:colcon.colcon_core.shell:Creating environment hook '/home/kirill/ROS/ex03/install/robot_bringup/share/robot_bringup/hook/cmake_prefix_path.ps1'
[1.042s] INFO:colcon.colcon_core.shell:Creating environment descriptor '/home/kirill/ROS/ex03/install/robot_bringup/share/robot_bringup/hook/cmake_prefix_path.dsv'
[1.042s] INFO:colcon.colcon_core.shell:Creating environment hook '/home/kirill/ROS/ex03/install/robot_bringup/share/robot_bringup/hook/cmake_prefix_path.sh'
[1.043s] Level 1:colcon.colcon_core.environment:checking '/home/kirill/ROS/ex03/install/robot_bringup/bin'
[1.043s] Level 1:colcon.colcon_core.environment:checking '/home/kirill/ROS/ex03/install/robot_bringup/lib/pkgconfig/robot_bringup.pc'
[1.044s] Level 1:colcon.colcon_core.environment:checking '/home/kirill/ROS/ex03/install/robot_bringup/lib/python3.10/site-packages'
[1.044s] Level 1:colcon.colcon_core.environment:checking '/home/kirill/ROS/ex03/install/robot_bringup/bin'
[1.045s] INFO:colcon.colcon_core.shell:Creating package script '/home/kirill/ROS/ex03/install/robot_bringup/share/robot_bringup/package.ps1'
[1.045s] INFO:colcon.colcon_core.shell:Creating package descriptor '/home/kirill/ROS/ex03/install/robot_bringup/share/robot_bringup/package.dsv'
[1.046s] INFO:colcon.colcon_core.shell:Creating package script '/home/kirill/ROS/ex03/install/robot_bringup/share/robot_bringup/package.sh'
[1.047s] INFO:colcon.colcon_core.shell:Creating package script '/home/kirill/ROS/ex03/install/robot_bringup/share/robot_bringup/package.bash'
[1.048s] INFO:colcon.colcon_core.shell:Creating package script '/home/kirill/ROS/ex03/install/robot_bringup/share/robot_bringup/package.zsh'
[1.049s] Level 1:colcon.colcon_core.environment:create_file_with_runtime_dependencies(/home/kirill/ROS/ex03/install/robot_bringup/share/colcon-core/packages/robot_bringup)
[1.065s] Level 1:colcon.colcon_core.environment:create_environment_scripts_only(robot_description)
[1.065s] Level 1:colcon.colcon_core.environment:checking '/home/kirill/ROS/ex03/install/robot_description' for CMake module files
[1.066s] Level 1:colcon.colcon_core.environment:checking '/home/kirill/ROS/ex03/install/robot_description' for CMake config files
[1.066s] Level 1:colcon.colcon_core.shell:create_environment_hook('robot_description', 'cmake_prefix_path')
[1.067s] INFO:colcon.colcon_core.shell:Creating environment hook '/home/kirill/ROS/ex03/install/robot_description/share/robot_description/hook/cmake_prefix_path.ps1'
[1.068s] INFO:colcon.colcon_core.shell:Creating environment descriptor '/home/kirill/ROS/ex03/install/robot_description/share/robot_description/hook/cmake_prefix_path.dsv'
[1.069s] INFO:colcon.colcon_core.shell:Creating environment hook '/home/kirill/ROS/ex03/install/robot_description/share/robot_description/hook/cmake_prefix_path.sh'
[1.070s] Level 1:colcon.colcon_core.environment:checking '/home/kirill/ROS/ex03/install/robot_description/bin'
[1.070s] Level 1:colcon.colcon_core.environment:checking '/home/kirill/ROS/ex03/install/robot_description/lib/pkgconfig/robot_description.pc'
[1.070s] Level 1:colcon.colcon_core.environment:checking '/home/kirill/ROS/ex03/install/robot_description/lib/python3.10/site-packages'
[1.070s] Level 1:colcon.colcon_core.environment:checking '/home/kirill/ROS/ex03/install/robot_description/bin'
[1.071s] INFO:colcon.colcon_core.shell:Creating package script '/home/kirill/ROS/ex03/install/robot_description/share/robot_description/package.ps1'
[1.072s] INFO:colcon.colcon_core.shell:Creating package descriptor '/home/kirill/ROS/ex03/install/robot_description/share/robot_description/package.dsv'
[1.073s] INFO:colcon.colcon_core.shell:Creating package script '/home/kirill/ROS/ex03/install/robot_description/share/robot_description/package.sh'
[1.074s] INFO:colcon.colcon_core.shell:Creating package script '/home/kirill/ROS/ex03/install/robot_description/share/robot_description/package.bash'
[1.075s] INFO:colcon.colcon_core.shell:Creating package script '/home/kirill/ROS/ex03/install/robot_description/share/robot_description/package.zsh'
[1.075s] Level 1:colcon.colcon_core.environment:create_file_with_runtime_dependencies(/home/kirill/ROS/ex03/install/robot_description/share/colcon-core/packages/robot_description)
[1.082s] Level 1:colcon.colcon_core.environment:create_environment_scripts_only(robot_app)
[1.083s] Level 1:colcon.colcon_core.environment:checking '/home/kirill/ROS/ex03/install/robot_app' for CMake module files
[1.084s] Level 1:colcon.colcon_core.environment:checking '/home/kirill/ROS/ex03/install/robot_app' for CMake config files
[1.084s] Level 1:colcon.colcon_core.shell:create_environment_hook('robot_app', 'cmake_prefix_path')
[1.085s] INFO:colcon.colcon_core.shell:Creating environment hook '/home/kirill/ROS/ex03/install/robot_app/share/robot_app/hook/cmake_prefix_path.ps1'
[1.085s] INFO:colcon.colcon_core.shell:Creating environment descriptor '/home/kirill/ROS/ex03/install/robot_app/share/robot_app/hook/cmake_prefix_path.dsv'
[1.086s] INFO:colcon.colcon_core.shell:Creating environment hook '/home/kirill/ROS/ex03/install/robot_app/share/robot_app/hook/cmake_prefix_path.sh'
[1.087s] Level 1:colcon.colcon_core.environment:checking '/home/kirill/ROS/ex03/install/robot_app/bin'
[1.087s] Level 1:colcon.colcon_core.environment:checking '/home/kirill/ROS/ex03/install/robot_app/lib/pkgconfig/robot_app.pc'
[1.087s] Level 1:colcon.colcon_core.environment:checking '/home/kirill/ROS/ex03/install/robot_app/lib/python3.10/site-packages'
[1.088s] Level 1:colcon.colcon_core.environment:checking '/home/kirill/ROS/ex03/install/robot_app/bin'
[1.088s] INFO:colcon.colcon_core.shell:Creating package script '/home/kirill/ROS/ex03/install/robot_app/share/robot_app/package.ps1'
[1.089s] INFO:colcon.colcon_core.shell:Creating package descriptor '/home/kirill/ROS/ex03/install/robot_app/share/robot_app/package.dsv'
[1.090s] INFO:colcon.colcon_core.shell:Creating package script '/home/kirill/ROS/ex03/install/robot_app/share/robot_app/package.sh'
[1.091s] INFO:colcon.colcon_core.shell:Creating package script '/home/kirill/ROS/ex03/install/robot_app/share/robot_app/package.bash'
[1.091s] INFO:colcon.colcon_core.shell:Creating package script '/home/kirill/ROS/ex03/install/robot_app/share/robot_app/package.zsh'
[1.092s] Level 1:colcon.colcon_core.environment:create_file_with_runtime_dependencies(/home/kirill/ROS/ex03/install/robot_app/share/colcon-core/packages/robot_app)
[1.093s] Level 1:colcon.colcon_core.environment:create_environment_scripts_only(robot_bringup)
[1.094s] Level 1:colcon.colcon_core.environment:checking '/home/kirill/ROS/ex03/install/robot_bringup' for CMake module files
[1.095s] Level 1:colcon.colcon_core.environment:checking '/home/kirill/ROS/ex03/install/robot_bringup' for CMake config files
[1.095s] Level 1:colcon.colcon_core.shell:create_environment_hook('robot_bringup', 'cmake_prefix_path')
[1.096s] INFO:colcon.colcon_core.shell:Creating environment hook '/home/kirill/ROS/ex03/install/robot_bringup/share/robot_bringup/hook/cmake_prefix_path.ps1'
[1.097s] INFO:colcon.colcon_core.shell:Creating environment descriptor '/home/kirill/ROS/ex03/install/robot_bringup/share/robot_bringup/hook/cmake_prefix_path.dsv'
[1.097s] INFO:colcon.colcon_core.shell:Creating environment hook '/home/kirill/ROS/ex03/install/robot_bringup/share/robot_bringup/hook/cmake_prefix_path.sh'
[1.098s] Level 1:colcon.colcon_core.environment:checking '/home/kirill/ROS/ex03/install/robot_bringup/bin'
[1.099s] Level 1:colcon.colcon_core.environment:checking '/home/kirill/ROS/ex03/install/robot_bringup/lib/pkgconfig/robot_bringup.pc'
[1.099s] Level 1:colcon.colcon_core.environment:checking '/home/kirill/ROS/ex03/install/robot_bringup/lib/python3.10/site-packages'
[1.099s] Level 1:colcon.colcon_core.environment:checking '/home/kirill/ROS/ex03/install/robot_bringup/bin'
[1.100s] INFO:colcon.colcon_core.shell:Creating package script '/home/kirill/ROS/ex03/install/robot_bringup/share/robot_bringup/package.ps1'
[1.101s] INFO:colcon.colcon_core.shell:Creating package descriptor '/home/kirill/ROS/ex03/install/robot_bringup/share/robot_bringup/package.dsv'
[1.102s] INFO:colcon.colcon_core.shell:Creating package script '/home/kirill/ROS/ex03/install/robot_bringup/share/robot_bringup/package.sh'
[1.102s] INFO:colcon.colcon_core.shell:Creating package script '/home/kirill/ROS/ex03/install/robot_bringup/share/robot_bringup/package.bash'
[1.103s] INFO:colcon.colcon_core.shell:Creating package script '/home/kirill/ROS/ex03/install/robot_bringup/share/robot_bringup/package.zsh'
[1.103s] Level 1:colcon.colcon_core.environment:create_file_with_runtime_dependencies(/home/kirill/ROS/ex03/install/robot_bringup/share/colcon-core/packages/robot_bringup)
[1.104s] DEBUG:colcon.colcon_parallel_executor.executor.parallel:closing loop
[1.104s] DEBUG:colcon.colcon_parallel_executor.executor.parallel:loop closed
[1.104s] DEBUG:colcon.colcon_parallel_executor.executor.parallel:run_until_complete finished with '0'
[1.104s] DEBUG:colcon.colcon_core.event_reactor:joining thread
[1.114s] INFO:colcon.colcon_core.plugin_system:Skipping extension 'colcon_notification.desktop_notification.terminal_notifier': Not used on non-Darwin systems
[1.115s] INFO:colcon.colcon_core.plugin_system:Skipping extension 'colcon_notification.desktop_notification.win32': Not used on non-Windows systems
[1.115s] INFO:colcon.colcon_notification.desktop_notification:Sending desktop notification using 'notify2'
[1.145s] DEBUG:colcon.colcon_core.event_reactor:joined thread
[1.145s] INFO:colcon.colcon_core.shell:Creating prefix script '/home/kirill/ROS/ex03/install/local_setup.ps1'
[1.148s] INFO:colcon.colcon_core.shell:Creating prefix util module '/home/kirill/ROS/ex03/install/_local_setup_util_ps1.py'
[1.150s] INFO:colcon.colcon_core.shell:Creating prefix chain script '/home/kirill/ROS/ex03/install/setup.ps1'
[1.152s] INFO:colcon.colcon_core.shell:Creating prefix script '/home/kirill/ROS/ex03/install/local_setup.sh'
[1.153s] INFO:colcon.colcon_core.shell:Creating prefix util module '/home/kirill/ROS/ex03/install/_local_setup_util_sh.py'
[1.154s] INFO:colcon.colcon_core.shell:Creating prefix chain script '/home/kirill/ROS/ex03/install/setup.sh'
[1.157s] INFO:colcon.colcon_core.shell:Creating prefix script '/home/kirill/ROS/ex03/install/local_setup.bash'
[1.158s] INFO:colcon.colcon_core.shell:Creating prefix chain script '/home/kirill/ROS/ex03/install/setup.bash'
[1.160s] INFO:colcon.colcon_core.shell:Creating prefix script '/home/kirill/ROS/ex03/install/local_setup.zsh'
[1.160s] INFO:colcon.colcon_core.shell:Creating prefix chain script '/home/kirill/ROS/ex03/install/setup.zsh'
