[0.511s] Invoking command in '/home/kirill/ROS/ex05/build/robot_description': CMAKE_PREFIX_PATH=${CMAKE_PREFIX_PATH}:/home/kirill/ros2_ws/install/mizkus:/opt/ros/humble /usr/bin/cmake --build /home/kirill/ROS/ex05/build/robot_description -- -j8 -l8
[0.591s] Invoked command in '/home/kirill/ROS/ex05/build/robot_description' returned '0': CMAKE_PREFIX_PATH=${CMAKE_PREFIX_PATH}:/home/kirill/ros2_ws/install/mizkus:/opt/ros/humble /usr/bin/cmake --build /home/kirill/ROS/ex05/build/robot_description -- -j8 -l8
[0.653s] Invoking command in '/home/kirill/ROS/ex05/build/robot_description': CMAKE_PREFIX_PATH=${CMAKE_PREFIX_PATH}:/home/kirill/ros2_ws/install/mizkus:/opt/ros/humble /usr/bin/cmake --install /home/kirill/ROS/ex05/build/robot_description
[0.669s] -- Install configuration: ""
[0.670s] -- Up-to-date: /home/kirill/ROS/ex05/install/robot_description/share/robot_description//urdf
[0.670s] -- Up-to-date: /home/kirill/ROS/ex05/install/robot_description/share/robot_description//urdf/gazebo.urdf.xacro
[0.671s] -- Installing: /home/kirill/ROS/ex05/install/robot_description/share/robot_description//urdf/robot.urdf.xacro
[0.672s] -- Up-to-date: /home/kirill/ROS/ex05/install/robot_description/share/ament_index/resource_index/package_run_dependencies/robot_description
[0.673s] -- Up-to-date: /home/kirill/ROS/ex05/install/robot_description/share/ament_index/resource_index/parent_prefix_path/robot_description
[0.673s] -- Up-to-date: /home/kirill/ROS/ex05/install/robot_description/share/robot_description/environment/ament_prefix_path.sh
[0.673s] -- Up-to-date: /home/kirill/ROS/ex05/install/robot_description/share/robot_description/environment/ament_prefix_path.dsv
[0.673s] -- Up-to-date: /home/kirill/ROS/ex05/install/robot_description/share/robot_description/environment/path.sh
[0.673s] -- Up-to-date: /home/kirill/ROS/ex05/install/robot_description/share/robot_description/environment/path.dsv
[0.673s] -- Up-to-date: /home/kirill/ROS/ex05/install/robot_description/share/robot_description/local_setup.bash
[0.674s] -- Up-to-date: /home/kirill/ROS/ex05/install/robot_description/share/robot_description/local_setup.sh
[0.674s] -- Up-to-date: /home/kirill/ROS/ex05/install/robot_description/share/robot_description/local_setup.zsh
[0.674s] -- Up-to-date: /home/kirill/ROS/ex05/install/robot_description/share/robot_description/local_setup.dsv
[0.675s] -- Installing: /home/kirill/ROS/ex05/install/robot_description/share/robot_description/package.dsv
[0.675s] -- Up-to-date: /home/kirill/ROS/ex05/install/robot_description/share/ament_index/resource_index/packages/robot_description
[0.675s] -- Up-to-date: /home/kirill/ROS/ex05/install/robot_description/share/robot_description/cmake/robot_descriptionConfig.cmake
[0.675s] -- Up-to-date: /home/kirill/ROS/ex05/install/robot_description/share/robot_description/cmake/robot_descriptionConfig-version.cmake
[0.676s] -- Up-to-date: /home/kirill/ROS/ex05/install/robot_description/share/robot_description/package.xml
[0.701s] Invoked command in '/home/kirill/ROS/ex05/build/robot_description' returned '0': CMAKE_PREFIX_PATH=${CMAKE_PREFIX_PATH}:/home/kirill/ros2_ws/install/mizkus:/opt/ros/humble /usr/bin/cmake --install /home/kirill/ROS/ex05/build/robot_description
