running egg_info
creating ../build/mizkus/mizkus.egg-info
writing ../build/mizkus/mizkus.egg-info/PKG-INFO
writing dependency_links to ../build/mizkus/mizkus.egg-info/dependency_links.txt
writing entry points to ../build/mizkus/mizkus.egg-info/entry_points.txt
writing requirements to ../build/mizkus/mizkus.egg-info/requires.txt
writing top-level names to ../build/mizkus/mizkus.egg-info/top_level.txt
writing manifest file '../build/mizkus/mizkus.egg-info/SOURCES.txt'
reading manifest file '../build/mizkus/mizkus.egg-info/SOURCES.txt'
adding license file 'LICENSE'
writing manifest file '../build/mizkus/mizkus.egg-info/SOURCES.txt'
running build
running build_py
creating /home/kirill/ROS/ex03/build/mizkus/build
creating /home/kirill/ROS/ex03/build/mizkus/build/lib
creating /home/kirill/ROS/ex03/build/mizkus/build/lib/mizkus
copying mizkus/__init__.py -> /home/kirill/ROS/ex03/build/mizkus/build/lib/mizkus
running install
running install_lib
creating /home/kirill/ROS/ex03/install/mizkus/lib/python3.10/site-packages/mizkus
copying /home/kirill/ROS/ex03/build/mizkus/build/lib/mizkus/__init__.py -> /home/kirill/ROS/ex03/install/mizkus/lib/python3.10/site-packages/mizkus
byte-compiling /home/kirill/ROS/ex03/install/mizkus/lib/python3.10/site-packages/mizkus/__init__.py to __init__.cpython-310.pyc
running install_data
creating /home/kirill/ROS/ex03/install/mizkus/share/ament_index
creating /home/kirill/ROS/ex03/install/mizkus/share/ament_index/resource_index
creating /home/kirill/ROS/ex03/install/mizkus/share/ament_index/resource_index/packages
copying resource/mizkus -> /home/kirill/ROS/ex03/install/mizkus/share/ament_index/resource_index/packages
copying package.xml -> /home/kirill/ROS/ex03/install/mizkus/share/mizkus
running install_egg_info
Copying ../build/mizkus/mizkus.egg-info to /home/kirill/ROS/ex03/install/mizkus/lib/python3.10/site-packages/mizkus-0.0.0-py3.10.egg-info
running install_scripts
writing list of installed files to '/home/kirill/ROS/ex03/build/mizkus/install.log'
