[0.655s] Invoking command in '/home/kirill/ROS/ex03/mizkus': PYTHONPATH=/home/kirill/ROS/ex03/build/mizkus/prefix_override:/usr/lib/python3/dist-packages/colcon_core/task/python/colcon_distutils_commands:/home/kirill/ROS/ex03/install/mizkus/lib/python3.10/site-packages:${PYTHONPATH} /usr/bin/python3 -W ignore:setup.py install is deprecated setup.py egg_info --egg-base ../build/mizkus build --build-base /home/kirill/ROS/ex03/build/mizkus/build install --record /home/kirill/ROS/ex03/build/mizkus/install.log --single-version-externally-managed install_data
[0.896s] running egg_info
[0.896s] creating ../build/mizkus/mizkus.egg-info
[0.897s] writing ../build/mizkus/mizkus.egg-info/PKG-INFO
[0.897s] writing dependency_links to ../build/mizkus/mizkus.egg-info/dependency_links.txt
[0.897s] writing entry points to ../build/mizkus/mizkus.egg-info/entry_points.txt
[0.897s] writing requirements to ../build/mizkus/mizkus.egg-info/requires.txt
[0.897s] writing top-level names to ../build/mizkus/mizkus.egg-info/top_level.txt
[0.897s] writing manifest file '../build/mizkus/mizkus.egg-info/SOURCES.txt'
[0.899s] reading manifest file '../build/mizkus/mizkus.egg-info/SOURCES.txt'
[0.899s] adding license file 'LICENSE'
[0.900s] writing manifest file '../build/mizkus/mizkus.egg-info/SOURCES.txt'
[0.900s] running build
[0.900s] running build_py
[0.900s] creating /home/kirill/ROS/ex03/build/mizkus/build
[0.901s] creating /home/kirill/ROS/ex03/build/mizkus/build/lib
[0.901s] creating /home/kirill/ROS/ex03/build/mizkus/build/lib/mizkus
[0.901s] copying mizkus/__init__.py -> /home/kirill/ROS/ex03/build/mizkus/build/lib/mizkus
[0.901s] running install
[0.901s] running install_lib
[0.902s] creating /home/kirill/ROS/ex03/install/mizkus/lib/python3.10/site-packages/mizkus
[0.902s] copying /home/kirill/ROS/ex03/build/mizkus/build/lib/mizkus/__init__.py -> /home/kirill/ROS/ex03/install/mizkus/lib/python3.10/site-packages/mizkus
[0.902s] byte-compiling /home/kirill/ROS/ex03/install/mizkus/lib/python3.10/site-packages/mizkus/__init__.py to __init__.cpython-310.pyc
[0.902s] running install_data
[0.903s] creating /home/kirill/ROS/ex03/install/mizkus/share/ament_index
[0.903s] creating /home/kirill/ROS/ex03/install/mizkus/share/ament_index/resource_index
[0.903s] creating /home/kirill/ROS/ex03/install/mizkus/share/ament_index/resource_index/packages
[0.903s] copying resource/mizkus -> /home/kirill/ROS/ex03/install/mizkus/share/ament_index/resource_index/packages
[0.903s] copying package.xml -> /home/kirill/ROS/ex03/install/mizkus/share/mizkus
[0.903s] running install_egg_info
[0.904s] Copying ../build/mizkus/mizkus.egg-info to /home/kirill/ROS/ex03/install/mizkus/lib/python3.10/site-packages/mizkus-0.0.0-py3.10.egg-info
[0.905s] running install_scripts
[0.927s] writing list of installed files to '/home/kirill/ROS/ex03/build/mizkus/install.log'
[0.959s] Invoked command in '/home/kirill/ROS/ex03/mizkus' returned '0': PYTHONPATH=/home/kirill/ROS/ex03/build/mizkus/prefix_override:/usr/lib/python3/dist-packages/colcon_core/task/python/colcon_distutils_commands:/home/kirill/ROS/ex03/install/mizkus/lib/python3.10/site-packages:${PYTHONPATH} /usr/bin/python3 -W ignore:setup.py install is deprecated setup.py egg_info --egg-base ../build/mizkus build --build-base /home/kirill/ROS/ex03/build/mizkus/build install --record /home/kirill/ROS/ex03/build/mizkus/install.log --single-version-externally-managed install_data
