[0.553s] Invoking command in '/home/kirill/ROS/ex05/build/robot_description': CMAKE_PREFIX_PATH=${CMAKE_PREFIX_PATH}:/home/kirill/ros2_ws/install/mizkus:/opt/ros/humble /usr/bin/cmake --build /home/kirill/ROS/ex05/build/robot_description -- -j8 -l8
[0.599s] -- Found ament_cmake: 1.3.10 (/opt/ros/humble/share/ament_cmake/cmake)
[0.919s] -- Found ament_lint_auto: 0.12.11 (/opt/ros/humble/share/ament_lint_auto/cmake)
[1.077s] -- Configuring done
[1.090s] -- Generating done
[1.094s] -- Build files have been written to: /home/kirill/ROS/ex05/build/robot_description
[1.149s] Invoked command in '/home/kirill/ROS/ex05/build/robot_description' returned '0': CMAKE_PREFIX_PATH=${CMAKE_PREFIX_PATH}:/home/kirill/ros2_ws/install/mizkus:/opt/ros/humble /usr/bin/cmake --build /home/kirill/ROS/ex05/build/robot_description -- -j8 -l8
[1.207s] Invoking command in '/home/kirill/ROS/ex05/build/robot_description': CMAKE_PREFIX_PATH=${CMAKE_PREFIX_PATH}:/home/kirill/ros2_ws/install/mizkus:/opt/ros/humble /usr/bin/cmake --install /home/kirill/ROS/ex05/build/robot_description
[1.222s] -- Install configuration: ""
[1.222s] -- Up-to-date: /home/kirill/ROS/ex05/install/robot_description/share/robot_description//urdf
[1.226s] -- Up-to-date: /home/kirill/ROS/ex05/install/robot_description/share/robot_description//urdf/gazebo.urdf.xacro
[1.226s] -- Up-to-date: /home/kirill/ROS/ex05/install/robot_description/share/robot_description//urdf/robot.urdf.xacro
[1.227s] -- Up-to-date: /home/kirill/ROS/ex05/install/robot_description/share/ament_index/resource_index/package_run_dependencies/robot_description
[1.227s] -- Installing: /home/kirill/ROS/ex05/install/robot_description/share/ament_index/resource_index/parent_prefix_path/robot_description
[1.228s] -- Installing: /home/kirill/ROS/ex05/install/robot_description/share/robot_description/environment/ament_prefix_path.sh
[1.229s] -- Installing: /home/kirill/ROS/ex05/install/robot_description/share/robot_description/environment/ament_prefix_path.dsv
[1.229s] -- Installing: /home/kirill/ROS/ex05/install/robot_description/share/robot_description/environment/path.sh
[1.229s] -- Installing: /home/kirill/ROS/ex05/install/robot_description/share/robot_description/environment/path.dsv
[1.230s] -- Up-to-date: /home/kirill/ROS/ex05/install/robot_description/share/robot_description/local_setup.bash
[1.230s] -- Up-to-date: /home/kirill/ROS/ex05/install/robot_description/share/robot_description/local_setup.sh
[1.231s] -- Up-to-date: /home/kirill/ROS/ex05/install/robot_description/share/robot_description/local_setup.zsh
[1.231s] -- Installing: /home/kirill/ROS/ex05/install/robot_description/share/robot_description/local_setup.dsv
[1.231s] -- Installing: /home/kirill/ROS/ex05/install/robot_description/share/robot_description/package.dsv
[1.232s] -- Up-to-date: /home/kirill/ROS/ex05/install/robot_description/share/ament_index/resource_index/packages/robot_description
[1.232s] -- Up-to-date: /home/kirill/ROS/ex05/install/robot_description/share/robot_description/cmake/robot_descriptionConfig.cmake
[1.232s] -- Up-to-date: /home/kirill/ROS/ex05/install/robot_description/share/robot_description/cmake/robot_descriptionConfig-version.cmake
[1.232s] -- Installing: /home/kirill/ROS/ex05/install/robot_description/share/robot_description/package.xml
[1.239s] Invoked command in '/home/kirill/ROS/ex05/build/robot_description' returned '0': CMAKE_PREFIX_PATH=${CMAKE_PREFIX_PATH}:/home/kirill/ros2_ws/install/mizkus:/opt/ros/humble /usr/bin/cmake --install /home/kirill/ROS/ex05/build/robot_description
