[0.124s] DEBUG:colcon:Command line arguments: ['/usr/bin/colcon', 'build', '--packages-select', 'robot_bringup', 'robot_description', 'movement_circle']
[0.124s] DEBUG:colcon:Parsed command line arguments: Namespace(log_base=None, log_level=None, verb_name='build', build_base='build', install_base='install', merge_install=False, symlink_install=False, test_result_base=None, continue_on_error=False, executor='parallel', parallel_workers=8, event_handlers=None, ignore_user_meta=False, metas=['./colcon.meta'], base_paths=['.'], packages_ignore=None, packages_ignore_regex=None, paths=None, packages_up_to=None, packages_up_to_regex=None, packages_above=None, packages_above_and_dependencies=None, packages_above_depth=None, packages_select_by_dep=None, packages_skip_by_dep=None, packages_skip_up_to=None, packages_select_build_failed=False, packages_skip_build_finished=False, packages_select_test_failures=False, packages_skip_test_passed=False, packages_select=['robot_bringup', 'robot_description', 'movement_circle'], packages_skip=None, packages_select_regex=None, packages_skip_regex=None, packages_start=None, packages_end=None, allow_overriding=[], cmake_args=None, cmake_target=None, cmake_target_skip_unavailable=False, cmake_clean_cache=False, cmake_clean_first=False, cmake_force_configure=False, ament_cmake_args=None, catkin_cmake_args=None, catkin_skip_building_tests=False, mixin_files=None, mixin=None, verb_parser=<colcon_mixin.mixin.mixin_argument.MixinArgumentDecorator object at 0x7e25f434eef0>, verb_extension=<colcon_core.verb.build.BuildVerb object at 0x7e25f434e800>, main=<bound method BuildVerb.main of <colcon_core.verb.build.BuildVerb object at 0x7e25f434e800>>, mixin_verb=('build',))
[0.323s] Level 1:colcon.colcon_core.package_discovery:discover_packages(colcon_meta) check parameters
[0.323s] Level 1:colcon.colcon_core.package_discovery:discover_packages(recursive) check parameters
[0.323s] Level 1:colcon.colcon_core.package_discovery:discover_packages(ignore) check parameters
[0.323s] Level 1:colcon.colcon_core.package_discovery:discover_packages(path) check parameters
[0.323s] Level 1:colcon.colcon_core.package_discovery:discover_packages(colcon_meta) discover
[0.324s] Level 1:colcon.colcon_core.package_discovery:discover_packages(recursive) discover
[0.324s] INFO:colcon.colcon_core.package_discovery:Crawling recursively for packages in '/home/kirill/ROS/ex05'
[0.324s] Level 1:colcon.colcon_core.package_identification:_identify(.) by extensions ['ignore', 'ignore_ament_install']
[0.324s] Level 1:colcon.colcon_core.package_identification:_identify(.) by extension 'ignore'
[0.324s] Level 1:colcon.colcon_core.package_identification:_identify(.) by extension 'ignore_ament_install'
[0.324s] Level 1:colcon.colcon_core.package_identification:_identify(.) by extensions ['colcon_pkg']
[0.324s] Level 1:colcon.colcon_core.package_identification:_identify(.) by extension 'colcon_pkg'
[0.324s] Level 1:colcon.colcon_core.package_identification:_identify(.) by extensions ['colcon_meta']
[0.324s] Level 1:colcon.colcon_core.package_identification:_identify(.) by extension 'colcon_meta'
[0.324s] Level 1:colcon.colcon_core.package_identification:_identify(.) by extensions ['ros']
[0.324s] Level 1:colcon.colcon_core.package_identification:_identify(.) by extension 'ros'
[0.338s] Level 1:colcon.colcon_core.package_identification:_identify(.) by extensions ['cmake', 'python']
[0.338s] Level 1:colcon.colcon_core.package_identification:_identify(.) by extension 'cmake'
[0.338s] Level 1:colcon.colcon_core.package_identification:_identify(.) by extension 'python'
[0.338s] Level 1:colcon.colcon_core.package_identification:_identify(.) by extensions ['python_setup_py']
[0.338s] Level 1:colcon.colcon_core.package_identification:_identify(.) by extension 'python_setup_py'
[0.338s] Level 1:colcon.colcon_core.package_identification:_identify(build) by extensions ['ignore', 'ignore_ament_install']
[0.338s] Level 1:colcon.colcon_core.package_identification:_identify(build) by extension 'ignore'
[0.338s] Level 1:colcon.colcon_core.package_identification:_identify(build) ignored
[0.338s] Level 1:colcon.colcon_core.package_identification:_identify(install) by extensions ['ignore', 'ignore_ament_install']
[0.339s] Level 1:colcon.colcon_core.package_identification:_identify(install) by extension 'ignore'
[0.339s] Level 1:colcon.colcon_core.package_identification:_identify(install) ignored
[0.339s] Level 1:colcon.colcon_core.package_identification:_identify(log) by extensions ['ignore', 'ignore_ament_install']
[0.339s] Level 1:colcon.colcon_core.package_identification:_identify(log) by extension 'ignore'
[0.339s] Level 1:colcon.colcon_core.package_identification:_identify(log) ignored
[0.339s] Level 1:colcon.colcon_core.package_identification:_identify(movement_circle) by extensions ['ignore', 'ignore_ament_install']
[0.339s] Level 1:colcon.colcon_core.package_identification:_identify(movement_circle) by extension 'ignore'
[0.339s] Level 1:colcon.colcon_core.package_identification:_identify(movement_circle) by extension 'ignore_ament_install'
[0.339s] Level 1:colcon.colcon_core.package_identification:_identify(movement_circle) by extensions ['colcon_pkg']
[0.339s] Level 1:colcon.colcon_core.package_identification:_identify(movement_circle) by extension 'colcon_pkg'
[0.339s] Level 1:colcon.colcon_core.package_identification:_identify(movement_circle) by extensions ['colcon_meta']
[0.339s] Level 1:colcon.colcon_core.package_identification:_identify(movement_circle) by extension 'colcon_meta'
[0.340s] Level 1:colcon.colcon_core.package_identification:_identify(movement_circle) by extensions ['ros']
[0.340s] Level 1:colcon.colcon_core.package_identification:_identify(movement_circle) by extension 'ros'
[0.342s] DEBUG:colcon.colcon_core.package_identification:Package 'movement_circle' with type 'ros.ament_python' and name 'movement_circle'
[0.343s] Level 1:colcon.colcon_core.package_identification:_identify(robot_bringup) by extensions ['ignore', 'ignore_ament_install']
[0.343s] Level 1:colcon.colcon_core.package_identification:_identify(robot_bringup) by extension 'ignore'
[0.343s] Level 1:colcon.colcon_core.package_identification:_identify(robot_bringup) by extension 'ignore_ament_install'
[0.343s] Level 1:colcon.colcon_core.package_identification:_identify(robot_bringup) by extensions ['colcon_pkg']
[0.343s] Level 1:colcon.colcon_core.package_identification:_identify(robot_bringup) by extension 'colcon_pkg'
[0.343s] Level 1:colcon.colcon_core.package_identification:_identify(robot_bringup) by extensions ['colcon_meta']
[0.343s] Level 1:colcon.colcon_core.package_identification:_identify(robot_bringup) by extension 'colcon_meta'
[0.343s] Level 1:colcon.colcon_core.package_identification:_identify(robot_bringup) by extensions ['ros']
[0.343s] Level 1:colcon.colcon_core.package_identification:_identify(robot_bringup) by extension 'ros'
[0.344s] DEBUG:colcon.colcon_core.package_identification:Package 'robot_bringup' with type 'ros.ament_cmake' and name 'robot_bringup'
[0.344s] Level 1:colcon.colcon_core.package_identification:_identify(robot_description) by extensions ['ignore', 'ignore_ament_install']
[0.344s] Level 1:colcon.colcon_core.package_identification:_identify(robot_description) by extension 'ignore'
[0.344s] Level 1:colcon.colcon_core.package_identification:_identify(robot_description) by extension 'ignore_ament_install'
[0.344s] Level 1:colcon.colcon_core.package_identification:_identify(robot_description) by extensions ['colcon_pkg']
[0.344s] Level 1:colcon.colcon_core.package_identification:_identify(robot_description) by extension 'colcon_pkg'
[0.344s] Level 1:colcon.colcon_core.package_identification:_identify(robot_description) by extensions ['colcon_meta']
[0.344s] Level 1:colcon.colcon_core.package_identification:_identify(robot_description) by extension 'colcon_meta'
[0.344s] Level 1:colcon.colcon_core.package_identification:_identify(robot_description) by extensions ['ros']
[0.344s] Level 1:colcon.colcon_core.package_identification:_identify(robot_description) by extension 'ros'
[0.345s] DEBUG:colcon.colcon_core.package_identification:Package 'robot_description' with type 'ros.ament_cmake' and name 'robot_description'
[0.345s] Level 1:colcon.colcon_core.package_discovery:discover_packages(recursive) using defaults
[0.345s] Level 1:colcon.colcon_core.package_discovery:discover_packages(ignore) discover
[0.345s] Level 1:colcon.colcon_core.package_discovery:discover_packages(ignore) using defaults
[0.345s] Level 1:colcon.colcon_core.package_discovery:discover_packages(path) discover
[0.345s] Level 1:colcon.colcon_core.package_discovery:discover_packages(path) using defaults
[0.382s] Level 1:colcon.colcon_core.package_discovery:discover_packages(prefix_path) check parameters
[0.382s] Level 1:colcon.colcon_core.package_discovery:discover_packages(prefix_path) discover
[0.384s] DEBUG:colcon.colcon_installed_package_information.package_discovery:Found 2 installed packages in /home/kirill/ros2_ws/install
[0.386s] DEBUG:colcon.colcon_installed_package_information.package_discovery:Found 296 installed packages in /opt/ros/humble
[0.389s] Level 1:colcon.colcon_core.package_discovery:discover_packages(prefix_path) using defaults
[0.434s] Level 5:colcon.colcon_core.verb:set package 'movement_circle' build argument 'cmake_args' from command line to 'None'
[0.434s] Level 5:colcon.colcon_core.verb:set package 'movement_circle' build argument 'cmake_target' from command line to 'None'
[0.435s] Level 5:colcon.colcon_core.verb:set package 'movement_circle' build argument 'cmake_target_skip_unavailable' from command line to 'False'
[0.435s] Level 5:colcon.colcon_core.verb:set package 'movement_circle' build argument 'cmake_clean_cache' from command line to 'False'
[0.435s] Level 5:colcon.colcon_core.verb:set package 'movement_circle' build argument 'cmake_clean_first' from command line to 'False'
[0.435s] Level 5:colcon.colcon_core.verb:set package 'movement_circle' build argument 'cmake_force_configure' from command line to 'False'
[0.435s] Level 5:colcon.colcon_core.verb:set package 'movement_circle' build argument 'ament_cmake_args' from command line to 'None'
[0.435s] Level 5:colcon.colcon_core.verb:set package 'movement_circle' build argument 'catkin_cmake_args' from command line to 'None'
[0.435s] Level 5:colcon.colcon_core.verb:set package 'movement_circle' build argument 'catkin_skip_building_tests' from command line to 'False'
[0.435s] DEBUG:colcon.colcon_core.verb:Building package 'movement_circle' with the following arguments: {'ament_cmake_args': None, 'build_base': '/home/kirill/ROS/ex05/build/movement_circle', 'catkin_cmake_args': None, 'catkin_skip_building_tests': False, 'cmake_args': None, 'cmake_clean_cache': False, 'cmake_clean_first': False, 'cmake_force_configure': False, 'cmake_target': None, 'cmake_target_skip_unavailable': False, 'install_base': '/home/kirill/ROS/ex05/install/movement_circle', 'merge_install': False, 'path': '/home/kirill/ROS/ex05/movement_circle', 'symlink_install': False, 'test_result_base': None}
[0.435s] Level 5:colcon.colcon_core.verb:set package 'robot_bringup' build argument 'cmake_args' from command line to 'None'
[0.435s] Level 5:colcon.colcon_core.verb:set package 'robot_bringup' build argument 'cmake_target' from command line to 'None'
[0.435s] Level 5:colcon.colcon_core.verb:set package 'robot_bringup' build argument 'cmake_target_skip_unavailable' from command line to 'False'
[0.435s] Level 5:colcon.colcon_core.verb:set package 'robot_bringup' build argument 'cmake_clean_cache' from command line to 'False'
[0.435s] Level 5:colcon.colcon_core.verb:set package 'robot_bringup' build argument 'cmake_clean_first' from command line to 'False'
[0.436s] Level 5:colcon.colcon_core.verb:set package 'robot_bringup' build argument 'cmake_force_configure' from command line to 'False'
[0.436s] Level 5:colcon.colcon_core.verb:set package 'robot_bringup' build argument 'ament_cmake_args' from command line to 'None'
[0.436s] Level 5:colcon.colcon_core.verb:set package 'robot_bringup' build argument 'catkin_cmake_args' from command line to 'None'
[0.436s] Level 5:colcon.colcon_core.verb:set package 'robot_bringup' build argument 'catkin_skip_building_tests' from command line to 'False'
[0.436s] DEBUG:colcon.colcon_core.verb:Building package 'robot_bringup' with the following arguments: {'ament_cmake_args': None, 'build_base': '/home/kirill/ROS/ex05/build/robot_bringup', 'catkin_cmake_args': None, 'catkin_skip_building_tests': False, 'cmake_args': None, 'cmake_clean_cache': False, 'cmake_clean_first': False, 'cmake_force_configure': False, 'cmake_target': None, 'cmake_target_skip_unavailable': False, 'install_base': '/home/kirill/ROS/ex05/install/robot_bringup', 'merge_install': False, 'path': '/home/kirill/ROS/ex05/robot_bringup', 'symlink_install': False, 'test_result_base': None}
[0.436s] Level 5:colcon.colcon_core.verb:set package 'robot_description' build argument 'cmake_args' from command line to 'None'
[0.436s] Level 5:colcon.colcon_core.verb:set package 'robot_description' build argument 'cmake_target' from command line to 'None'
[0.436s] Level 5:colcon.colcon_core.verb:set package 'robot_description' build argument 'cmake_target_skip_unavailable' from command line to 'False'
[0.436s] Level 5:colcon.colcon_core.verb:set package 'robot_description' build argument 'cmake_clean_cache' from command line to 'False'
[0.436s] Level 5:colcon.colcon_core.verb:set package 'robot_description' build argument 'cmake_clean_first' from command line to 'False'
[0.436s] Level 5:colcon.colcon_core.verb:set package 'robot_description' build argument 'cmake_force_configure' from command line to 'False'
[0.436s] Level 5:colcon.colcon_core.verb:set package 'robot_description' build argument 'ament_cmake_args' from command line to 'None'
[0.436s] Level 5:colcon.colcon_core.verb:set package 'robot_description' build argument 'catkin_cmake_args' from command line to 'None'
[0.436s] Level 5:colcon.colcon_core.verb:set package 'robot_description' build argument 'catkin_skip_building_tests' from command line to 'False'
[0.436s] DEBUG:colcon.colcon_core.verb:Building package 'robot_description' with the following arguments: {'ament_cmake_args': None, 'build_base': '/home/kirill/ROS/ex05/build/robot_description', 'catkin_cmake_args': None, 'catkin_skip_building_tests': False, 'cmake_args': None, 'cmake_clean_cache': False, 'cmake_clean_first': False, 'cmake_force_configure': False, 'cmake_target': None, 'cmake_target_skip_unavailable': False, 'install_base': '/home/kirill/ROS/ex05/install/robot_description', 'merge_install': False, 'path': '/home/kirill/ROS/ex05/robot_description', 'symlink_install': False, 'test_result_base': None}
[0.437s] INFO:colcon.colcon_core.executor:Executing jobs using 'parallel' executor
[0.438s] DEBUG:colcon.colcon_parallel_executor.executor.parallel:run_until_complete
[0.438s] INFO:colcon.colcon_ros.task.ament_python.build:Building ROS package in '/home/kirill/ROS/ex05/movement_circle' with build type 'ament_python'
[0.438s] Level 1:colcon.colcon_core.shell:create_environment_hook('movement_circle', 'ament_prefix_path')
[0.441s] INFO:colcon.colcon_core.plugin_system:Skipping extension 'colcon_core.shell.bat': Not used on non-Windows systems
[0.441s] INFO:colcon.colcon_core.shell:Creating environment hook '/home/kirill/ROS/ex05/install/movement_circle/share/movement_circle/hook/ament_prefix_path.ps1'
[0.442s] INFO:colcon.colcon_core.shell:Creating environment descriptor '/home/kirill/ROS/ex05/install/movement_circle/share/movement_circle/hook/ament_prefix_path.dsv'
[0.443s] INFO:colcon.colcon_core.shell:Creating environment hook '/home/kirill/ROS/ex05/install/movement_circle/share/movement_circle/hook/ament_prefix_path.sh'
[0.444s] INFO:colcon.colcon_core.shell:Skip shell extension 'powershell' for command environment: Not usable outside of PowerShell
[0.444s] DEBUG:colcon.colcon_core.shell:Skip shell extension 'dsv' for command environment
[0.449s] INFO:colcon.colcon_ros.task.ament_cmake.build:Building ROS package in '/home/kirill/ROS/ex05/robot_bringup' with build type 'ament_cmake'
[0.449s] INFO:colcon.colcon_cmake.task.cmake.build:Building CMake package in '/home/kirill/ROS/ex05/robot_bringup'
[0.449s] INFO:colcon.colcon_core.shell:Skip shell extension 'powershell' for command environment: Not usable outside of PowerShell
[0.450s] DEBUG:colcon.colcon_core.shell:Skip shell extension 'dsv' for command environment
[0.454s] INFO:colcon.colcon_ros.task.ament_cmake.build:Building ROS package in '/home/kirill/ROS/ex05/robot_description' with build type 'ament_cmake'
[0.455s] INFO:colcon.colcon_cmake.task.cmake.build:Building CMake package in '/home/kirill/ROS/ex05/robot_description'
[0.455s] INFO:colcon.colcon_core.shell:Skip shell extension 'powershell' for command environment: Not usable outside of PowerShell
[0.455s] DEBUG:colcon.colcon_core.shell:Skip shell extension 'dsv' for command environment
[0.839s] INFO:colcon.colcon_core.task.python.build:Building Python package in '/home/kirill/ROS/ex05/movement_circle'
[0.840s] INFO:colcon.colcon_core.shell:Skip shell extension 'powershell' for command environment: Not usable outside of PowerShell
[0.840s] DEBUG:colcon.colcon_core.shell:Skip shell extension 'dsv' for command environment
[0.854s] DEBUG:colcon.colcon_core.event_handler.log_command:Invoking command in '/home/kirill/ROS/ex05/build/robot_bringup': CMAKE_PREFIX_PATH=${CMAKE_PREFIX_PATH}:/home/kirill/ros2_ws/install/mizkus:/opt/ros/humble /usr/bin/cmake --build /home/kirill/ROS/ex05/build/robot_bringup -- -j8 -l8
[0.870s] DEBUG:colcon.colcon_core.event_handler.log_command:Invoking command in '/home/kirill/ROS/ex05/build/robot_description': CMAKE_PREFIX_PATH=${CMAKE_PREFIX_PATH}:/home/kirill/ros2_ws/install/mizkus:/opt/ros/humble /usr/bin/cmake --build /home/kirill/ROS/ex05/build/robot_description -- -j8 -l8
[0.926s] DEBUG:colcon.colcon_core.event_handler.log_command:Invoked command in '/home/kirill/ROS/ex05/build/robot_description' returned '0': CMAKE_PREFIX_PATH=${CMAKE_PREFIX_PATH}:/home/kirill/ros2_ws/install/mizkus:/opt/ros/humble /usr/bin/cmake --build /home/kirill/ROS/ex05/build/robot_description -- -j8 -l8
[0.928s] DEBUG:colcon.colcon_core.event_handler.log_command:Invoked command in '/home/kirill/ROS/ex05/build/robot_bringup' returned '0': CMAKE_PREFIX_PATH=${CMAKE_PREFIX_PATH}:/home/kirill/ros2_ws/install/mizkus:/opt/ros/humble /usr/bin/cmake --build /home/kirill/ROS/ex05/build/robot_bringup -- -j8 -l8
[0.982s] DEBUG:colcon.colcon_core.event_handler.log_command:Invoking command in '/home/kirill/ROS/ex05/build/robot_description': CMAKE_PREFIX_PATH=${CMAKE_PREFIX_PATH}:/home/kirill/ros2_ws/install/mizkus:/opt/ros/humble /usr/bin/cmake --install /home/kirill/ROS/ex05/build/robot_description
[0.986s] DEBUG:colcon.colcon_core.event_handler.log_command:Invoking command in '/home/kirill/ROS/ex05/build/robot_bringup': CMAKE_PREFIX_PATH=${CMAKE_PREFIX_PATH}:/home/kirill/ros2_ws/install/mizkus:/opt/ros/humble /usr/bin/cmake --install /home/kirill/ROS/ex05/build/robot_bringup
[0.999s] Level 1:colcon.colcon_core.environment:create_environment_scripts_only(robot_description)
[1.000s] DEBUG:colcon.colcon_core.event_handler.log_command:Invoked command in '/home/kirill/ROS/ex05/build/robot_description' returned '0': CMAKE_PREFIX_PATH=${CMAKE_PREFIX_PATH}:/home/kirill/ros2_ws/install/mizkus:/opt/ros/humble /usr/bin/cmake --install /home/kirill/ROS/ex05/build/robot_description
[1.007s] Level 1:colcon.colcon_core.environment:checking '/home/kirill/ROS/ex05/install/robot_description' for CMake module files
[1.008s] Level 1:colcon.colcon_core.environment:checking '/home/kirill/ROS/ex05/install/robot_description' for CMake config files
[1.008s] Level 1:colcon.colcon_core.shell:create_environment_hook('robot_description', 'cmake_prefix_path')
[1.008s] INFO:colcon.colcon_core.shell:Creating environment hook '/home/kirill/ROS/ex05/install/robot_description/share/robot_description/hook/cmake_prefix_path.ps1'
[1.009s] INFO:colcon.colcon_core.shell:Creating environment descriptor '/home/kirill/ROS/ex05/install/robot_description/share/robot_description/hook/cmake_prefix_path.dsv'
[1.010s] INFO:colcon.colcon_core.shell:Creating environment hook '/home/kirill/ROS/ex05/install/robot_description/share/robot_description/hook/cmake_prefix_path.sh'
[1.011s] Level 1:colcon.colcon_core.environment:checking '/home/kirill/ROS/ex05/install/robot_description/bin'
[1.011s] Level 1:colcon.colcon_core.environment:checking '/home/kirill/ROS/ex05/install/robot_description/lib/pkgconfig/robot_description.pc'
[1.011s] Level 1:colcon.colcon_core.environment:checking '/home/kirill/ROS/ex05/install/robot_description/lib/python3.10/site-packages'
[1.012s] Level 1:colcon.colcon_core.environment:checking '/home/kirill/ROS/ex05/install/robot_description/bin'
[1.012s] INFO:colcon.colcon_core.shell:Creating package script '/home/kirill/ROS/ex05/install/robot_description/share/robot_description/package.ps1'
[1.013s] INFO:colcon.colcon_core.shell:Creating package descriptor '/home/kirill/ROS/ex05/install/robot_description/share/robot_description/package.dsv'
[1.014s] INFO:colcon.colcon_core.shell:Creating package script '/home/kirill/ROS/ex05/install/robot_description/share/robot_description/package.sh'
[1.015s] INFO:colcon.colcon_core.shell:Creating package script '/home/kirill/ROS/ex05/install/robot_description/share/robot_description/package.bash'
[1.016s] INFO:colcon.colcon_core.shell:Creating package script '/home/kirill/ROS/ex05/install/robot_description/share/robot_description/package.zsh'
[1.018s] Level 1:colcon.colcon_core.environment:create_file_with_runtime_dependencies(/home/kirill/ROS/ex05/install/robot_description/share/colcon-core/packages/robot_description)
[1.021s] Level 1:colcon.colcon_core.environment:create_environment_scripts_only(robot_bringup)
[1.022s] Level 1:colcon.colcon_core.environment:checking '/home/kirill/ROS/ex05/install/robot_bringup' for CMake module files
[1.023s] DEBUG:colcon.colcon_core.event_handler.log_command:Invoked command in '/home/kirill/ROS/ex05/build/robot_bringup' returned '0': CMAKE_PREFIX_PATH=${CMAKE_PREFIX_PATH}:/home/kirill/ros2_ws/install/mizkus:/opt/ros/humble /usr/bin/cmake --install /home/kirill/ROS/ex05/build/robot_bringup
[1.024s] Level 1:colcon.colcon_core.environment:checking '/home/kirill/ROS/ex05/install/robot_bringup' for CMake config files
[1.024s] Level 1:colcon.colcon_core.shell:create_environment_hook('robot_bringup', 'cmake_prefix_path')
[1.025s] INFO:colcon.colcon_core.shell:Creating environment hook '/home/kirill/ROS/ex05/install/robot_bringup/share/robot_bringup/hook/cmake_prefix_path.ps1'
[1.026s] INFO:colcon.colcon_core.shell:Creating environment descriptor '/home/kirill/ROS/ex05/install/robot_bringup/share/robot_bringup/hook/cmake_prefix_path.dsv'
[1.027s] INFO:colcon.colcon_core.shell:Creating environment hook '/home/kirill/ROS/ex05/install/robot_bringup/share/robot_bringup/hook/cmake_prefix_path.sh'
[1.028s] Level 1:colcon.colcon_core.environment:checking '/home/kirill/ROS/ex05/install/robot_bringup/bin'
[1.029s] Level 1:colcon.colcon_core.environment:checking '/home/kirill/ROS/ex05/install/robot_bringup/lib/pkgconfig/robot_bringup.pc'
[1.029s] Level 1:colcon.colcon_core.environment:checking '/home/kirill/ROS/ex05/install/robot_bringup/lib/python3.10/site-packages'
[1.030s] Level 1:colcon.colcon_core.environment:checking '/home/kirill/ROS/ex05/install/robot_bringup/bin'
[1.031s] INFO:colcon.colcon_core.shell:Creating package script '/home/kirill/ROS/ex05/install/robot_bringup/share/robot_bringup/package.ps1'
[1.032s] INFO:colcon.colcon_core.shell:Creating package descriptor '/home/kirill/ROS/ex05/install/robot_bringup/share/robot_bringup/package.dsv'
[1.033s] INFO:colcon.colcon_core.shell:Creating package script '/home/kirill/ROS/ex05/install/robot_bringup/share/robot_bringup/package.sh'
[1.035s] INFO:colcon.colcon_core.shell:Creating package script '/home/kirill/ROS/ex05/install/robot_bringup/share/robot_bringup/package.bash'
[1.036s] INFO:colcon.colcon_core.shell:Creating package script '/home/kirill/ROS/ex05/install/robot_bringup/share/robot_bringup/package.zsh'
[1.036s] Level 1:colcon.colcon_core.environment:create_file_with_runtime_dependencies(/home/kirill/ROS/ex05/install/robot_bringup/share/colcon-core/packages/robot_bringup)
[1.058s] Level 1:colcon.colcon_core.environment:create_environment_scripts_only(robot_description)
[1.059s] Level 1:colcon.colcon_core.environment:checking '/home/kirill/ROS/ex05/install/robot_description' for CMake module files
[1.060s] Level 1:colcon.colcon_core.environment:checking '/home/kirill/ROS/ex05/install/robot_description' for CMake config files
[1.060s] Level 1:colcon.colcon_core.shell:create_environment_hook('robot_description', 'cmake_prefix_path')
[1.061s] INFO:colcon.colcon_core.shell:Creating environment hook '/home/kirill/ROS/ex05/install/robot_description/share/robot_description/hook/cmake_prefix_path.ps1'
[1.062s] INFO:colcon.colcon_core.shell:Creating environment descriptor '/home/kirill/ROS/ex05/install/robot_description/share/robot_description/hook/cmake_prefix_path.dsv'
[1.062s] INFO:colcon.colcon_core.shell:Creating environment hook '/home/kirill/ROS/ex05/install/robot_description/share/robot_description/hook/cmake_prefix_path.sh'
[1.063s] Level 1:colcon.colcon_core.environment:checking '/home/kirill/ROS/ex05/install/robot_description/bin'
[1.063s] Level 1:colcon.colcon_core.environment:checking '/home/kirill/ROS/ex05/install/robot_description/lib/pkgconfig/robot_description.pc'
[1.064s] Level 1:colcon.colcon_core.environment:checking '/home/kirill/ROS/ex05/install/robot_description/lib/python3.10/site-packages'
[1.064s] Level 1:colcon.colcon_core.environment:checking '/home/kirill/ROS/ex05/install/robot_description/bin'
[1.064s] INFO:colcon.colcon_core.shell:Creating package script '/home/kirill/ROS/ex05/install/robot_description/share/robot_description/package.ps1'
[1.065s] INFO:colcon.colcon_core.shell:Creating package descriptor '/home/kirill/ROS/ex05/install/robot_description/share/robot_description/package.dsv'
[1.066s] INFO:colcon.colcon_core.shell:Creating package script '/home/kirill/ROS/ex05/install/robot_description/share/robot_description/package.sh'
[1.067s] INFO:colcon.colcon_core.shell:Creating package script '/home/kirill/ROS/ex05/install/robot_description/share/robot_description/package.bash'
[1.068s] INFO:colcon.colcon_core.shell:Creating package script '/home/kirill/ROS/ex05/install/robot_description/share/robot_description/package.zsh'
[1.068s] Level 1:colcon.colcon_core.environment:create_file_with_runtime_dependencies(/home/kirill/ROS/ex05/install/robot_description/share/colcon-core/packages/robot_description)
[1.076s] Level 1:colcon.colcon_core.environment:create_environment_scripts_only(robot_bringup)
[1.077s] Level 1:colcon.colcon_core.environment:checking '/home/kirill/ROS/ex05/install/robot_bringup' for CMake module files
[1.078s] Level 1:colcon.colcon_core.environment:checking '/home/kirill/ROS/ex05/install/robot_bringup' for CMake config files
[1.078s] Level 1:colcon.colcon_core.shell:create_environment_hook('robot_bringup', 'cmake_prefix_path')
[1.079s] INFO:colcon.colcon_core.shell:Creating environment hook '/home/kirill/ROS/ex05/install/robot_bringup/share/robot_bringup/hook/cmake_prefix_path.ps1'
[1.079s] INFO:colcon.colcon_core.shell:Creating environment descriptor '/home/kirill/ROS/ex05/install/robot_bringup/share/robot_bringup/hook/cmake_prefix_path.dsv'
[1.080s] INFO:colcon.colcon_core.shell:Creating environment hook '/home/kirill/ROS/ex05/install/robot_bringup/share/robot_bringup/hook/cmake_prefix_path.sh'
[1.081s] Level 1:colcon.colcon_core.environment:checking '/home/kirill/ROS/ex05/install/robot_bringup/bin'
[1.081s] Level 1:colcon.colcon_core.environment:checking '/home/kirill/ROS/ex05/install/robot_bringup/lib/pkgconfig/robot_bringup.pc'
[1.081s] Level 1:colcon.colcon_core.environment:checking '/home/kirill/ROS/ex05/install/robot_bringup/lib/python3.10/site-packages'
[1.081s] Level 1:colcon.colcon_core.environment:checking '/home/kirill/ROS/ex05/install/robot_bringup/bin'
[1.082s] INFO:colcon.colcon_core.shell:Creating package script '/home/kirill/ROS/ex05/install/robot_bringup/share/robot_bringup/package.ps1'
[1.083s] INFO:colcon.colcon_core.shell:Creating package descriptor '/home/kirill/ROS/ex05/install/robot_bringup/share/robot_bringup/package.dsv'
[1.083s] INFO:colcon.colcon_core.shell:Creating package script '/home/kirill/ROS/ex05/install/robot_bringup/share/robot_bringup/package.sh'
[1.084s] INFO:colcon.colcon_core.shell:Creating package script '/home/kirill/ROS/ex05/install/robot_bringup/share/robot_bringup/package.bash'
[1.085s] INFO:colcon.colcon_core.shell:Creating package script '/home/kirill/ROS/ex05/install/robot_bringup/share/robot_bringup/package.zsh'
[1.085s] Level 1:colcon.colcon_core.environment:create_file_with_runtime_dependencies(/home/kirill/ROS/ex05/install/robot_bringup/share/colcon-core/packages/robot_bringup)
[1.332s] DEBUG:colcon.colcon_core.event_handler.log_command:Invoking command in '/home/kirill/ROS/ex05/movement_circle': PYTHONPATH=/home/kirill/ROS/ex05/build/movement_circle/prefix_override:/usr/lib/python3/dist-packages/colcon_core/task/python/colcon_distutils_commands:/home/kirill/ROS/ex05/install/movement_circle/lib/python3.10/site-packages:${PYTHONPATH} /usr/bin/python3 -W ignore:setup.py install is deprecated setup.py egg_info --egg-base ../build/movement_circle build --build-base /home/kirill/ROS/ex05/build/movement_circle/build install --record /home/kirill/ROS/ex05/build/movement_circle/install.log --single-version-externally-managed install_data
[1.737s] Level 1:colcon.colcon_core.environment:checking '/home/kirill/ROS/ex05/install/movement_circle' for CMake module files
[1.738s] DEBUG:colcon.colcon_core.event_handler.log_command:Invoked command in '/home/kirill/ROS/ex05/movement_circle' returned '0': PYTHONPATH=/home/kirill/ROS/ex05/build/movement_circle/prefix_override:/usr/lib/python3/dist-packages/colcon_core/task/python/colcon_distutils_commands:/home/kirill/ROS/ex05/install/movement_circle/lib/python3.10/site-packages:${PYTHONPATH} /usr/bin/python3 -W ignore:setup.py install is deprecated setup.py egg_info --egg-base ../build/movement_circle build --build-base /home/kirill/ROS/ex05/build/movement_circle/build install --record /home/kirill/ROS/ex05/build/movement_circle/install.log --single-version-externally-managed install_data
[1.739s] Level 1:colcon.colcon_core.environment:checking '/home/kirill/ROS/ex05/install/movement_circle' for CMake config files
[1.739s] Level 1:colcon.colcon_core.environment:checking '/home/kirill/ROS/ex05/install/movement_circle/lib'
[1.740s] Level 1:colcon.colcon_core.environment:checking '/home/kirill/ROS/ex05/install/movement_circle/bin'
[1.740s] Level 1:colcon.colcon_core.environment:checking '/home/kirill/ROS/ex05/install/movement_circle/lib/pkgconfig/movement_circle.pc'
[1.740s] Level 1:colcon.colcon_core.environment:checking '/home/kirill/ROS/ex05/install/movement_circle/lib/python3.10/site-packages'
[1.740s] Level 1:colcon.colcon_core.shell:create_environment_hook('movement_circle', 'pythonpath')
[1.740s] INFO:colcon.colcon_core.shell:Creating environment hook '/home/kirill/ROS/ex05/install/movement_circle/share/movement_circle/hook/pythonpath.ps1'
[1.742s] INFO:colcon.colcon_core.shell:Creating environment descriptor '/home/kirill/ROS/ex05/install/movement_circle/share/movement_circle/hook/pythonpath.dsv'
[1.743s] INFO:colcon.colcon_core.shell:Creating environment hook '/home/kirill/ROS/ex05/install/movement_circle/share/movement_circle/hook/pythonpath.sh'
[1.745s] Level 1:colcon.colcon_core.environment:checking '/home/kirill/ROS/ex05/install/movement_circle/bin'
[1.745s] Level 1:colcon.colcon_core.environment:create_environment_scripts_only(movement_circle)
[1.746s] INFO:colcon.colcon_core.shell:Creating package script '/home/kirill/ROS/ex05/install/movement_circle/share/movement_circle/package.ps1'
[1.747s] INFO:colcon.colcon_core.shell:Creating package descriptor '/home/kirill/ROS/ex05/install/movement_circle/share/movement_circle/package.dsv'
[1.749s] INFO:colcon.colcon_core.shell:Creating package script '/home/kirill/ROS/ex05/install/movement_circle/share/movement_circle/package.sh'
[1.749s] INFO:colcon.colcon_core.shell:Creating package script '/home/kirill/ROS/ex05/install/movement_circle/share/movement_circle/package.bash'
[1.750s] INFO:colcon.colcon_core.shell:Creating package script '/home/kirill/ROS/ex05/install/movement_circle/share/movement_circle/package.zsh'
[1.751s] Level 1:colcon.colcon_core.environment:create_file_with_runtime_dependencies(/home/kirill/ROS/ex05/install/movement_circle/share/colcon-core/packages/movement_circle)
[1.751s] DEBUG:colcon.colcon_parallel_executor.executor.parallel:closing loop
[1.752s] DEBUG:colcon.colcon_parallel_executor.executor.parallel:loop closed
[1.752s] DEBUG:colcon.colcon_parallel_executor.executor.parallel:run_until_complete finished with '0'
[1.752s] DEBUG:colcon.colcon_core.event_reactor:joining thread
[1.771s] INFO:colcon.colcon_core.plugin_system:Skipping extension 'colcon_notification.desktop_notification.terminal_notifier': Not used on non-Darwin systems
[1.771s] INFO:colcon.colcon_core.plugin_system:Skipping extension 'colcon_notification.desktop_notification.win32': Not used on non-Windows systems
[1.771s] INFO:colcon.colcon_notification.desktop_notification:Sending desktop notification using 'notify2'
[1.787s] DEBUG:colcon.colcon_core.event_reactor:joined thread
[1.787s] INFO:colcon.colcon_core.shell:Creating prefix script '/home/kirill/ROS/ex05/install/local_setup.ps1'
[1.789s] INFO:colcon.colcon_core.shell:Creating prefix util module '/home/kirill/ROS/ex05/install/_local_setup_util_ps1.py'
[1.791s] INFO:colcon.colcon_core.shell:Creating prefix chain script '/home/kirill/ROS/ex05/install/setup.ps1'
[1.793s] INFO:colcon.colcon_core.shell:Creating prefix script '/home/kirill/ROS/ex05/install/local_setup.sh'
[1.795s] INFO:colcon.colcon_core.shell:Creating prefix util module '/home/kirill/ROS/ex05/install/_local_setup_util_sh.py'
[1.797s] INFO:colcon.colcon_core.shell:Creating prefix chain script '/home/kirill/ROS/ex05/install/setup.sh'
[1.799s] INFO:colcon.colcon_core.shell:Creating prefix script '/home/kirill/ROS/ex05/install/local_setup.bash'
[1.800s] INFO:colcon.colcon_core.shell:Creating prefix chain script '/home/kirill/ROS/ex05/install/setup.bash'
[1.803s] INFO:colcon.colcon_core.shell:Creating prefix script '/home/kirill/ROS/ex05/install/local_setup.zsh'
[1.805s] INFO:colcon.colcon_core.shell:Creating prefix chain script '/home/kirill/ROS/ex05/install/setup.zsh'
