[0.027s] Invoking command in '/home/kirill/ROS/ex03/build/robot_bringup': CMAKE_PREFIX_PATH=${CMAKE_PREFIX_PATH}:/home/kirill/ros2_ws/install/mizkus:/opt/ros/humble /usr/bin/cmake /home/kirill/ROS/ex03/robot_bringup -DCMAKE_INSTALL_PREFIX=/home/kirill/ROS/ex03/install/robot_bringup
[0.186s] -- The C compiler identification is GNU 11.4.0
[0.335s] -- The CXX compiler identification is GNU 11.4.0
[0.353s] -- Detecting C compiler ABI info
[0.498s] -- Detecting C compiler ABI info - done
[0.514s] -- Check for working C compiler: /usr/bin/cc - skipped
[0.515s] -- Detecting C compile features
[0.515s] -- Detecting C compile features - done
[0.522s] -- Detecting CXX compiler ABI info
[0.685s] -- Detecting CXX compiler ABI info - done
[0.704s] -- Check for working CXX compiler: /usr/bin/c++ - skipped
[0.705s] -- Detecting CXX compile features
[0.705s] -- Detecting CXX compile features - done
[0.712s] -- Found ament_cmake: 1.3.10 (/opt/ros/humble/share/ament_cmake/cmake)
[1.020s] -- Found Python3: /usr/bin/python3 (found version "3.10.12") found components: Interpreter 
[1.225s] -- Found ament_lint_auto: 0.12.11 (/opt/ros/humble/share/ament_lint_auto/cmake)
[1.364s] -- Configuring done
[1.370s] -- Generating done
[1.372s] -- Build files have been written to: /home/kirill/ROS/ex03/build/robot_bringup
[1.381s] Invoked command in '/home/kirill/ROS/ex03/build/robot_bringup' returned '0': CMAKE_PREFIX_PATH=${CMAKE_PREFIX_PATH}:/home/kirill/ros2_ws/install/mizkus:/opt/ros/humble /usr/bin/cmake /home/kirill/ROS/ex03/robot_bringup -DCMAKE_INSTALL_PREFIX=/home/kirill/ROS/ex03/install/robot_bringup
[1.384s] Invoking command in '/home/kirill/ROS/ex03/build/robot_bringup': CMAKE_PREFIX_PATH=${CMAKE_PREFIX_PATH}:/home/kirill/ros2_ws/install/mizkus:/opt/ros/humble /usr/bin/cmake --build /home/kirill/ROS/ex03/build/robot_bringup -- -j8 -l8
[1.466s] Invoked command in '/home/kirill/ROS/ex03/build/robot_bringup' returned '0': CMAKE_PREFIX_PATH=${CMAKE_PREFIX_PATH}:/home/kirill/ros2_ws/install/mizkus:/opt/ros/humble /usr/bin/cmake --build /home/kirill/ROS/ex03/build/robot_bringup -- -j8 -l8
[1.529s] Invoking command in '/home/kirill/ROS/ex03/build/robot_bringup': CMAKE_PREFIX_PATH=${CMAKE_PREFIX_PATH}:/home/kirill/ros2_ws/install/mizkus:/opt/ros/humble /usr/bin/cmake --install /home/kirill/ROS/ex03/build/robot_bringup
[1.549s] -- Install configuration: ""
[1.549s] -- Installing: /home/kirill/ROS/ex03/install/robot_bringup/share/robot_bringup/launch
[1.549s] -- Installing: /home/kirill/ROS/ex03/install/robot_bringup/share/robot_bringup/launch/diff_drive.launch.py
[1.550s] -- Installing: /home/kirill/ROS/ex03/install/robot_bringup/share/robot_bringup/config
[1.550s] -- Installing: /home/kirill/ROS/ex03/install/robot_bringup/share/robot_bringup/config/diff_drive.rviz
[1.550s] -- Installing: /home/kirill/ROS/ex03/install/robot_bringup/share/robot_bringup/config/robot_bridge.yaml
[1.550s] -- Installing: /home/kirill/ROS/ex03/install/robot_bringup/share/ament_index/resource_index/package_run_dependencies/robot_bringup
[1.552s] -- Installing: /home/kirill/ROS/ex03/install/robot_bringup/share/ament_index/resource_index/parent_prefix_path/robot_bringup
[1.553s] -- Installing: /home/kirill/ROS/ex03/install/robot_bringup/share/robot_bringup/environment/ament_prefix_path.sh
[1.553s] -- Installing: /home/kirill/ROS/ex03/install/robot_bringup/share/robot_bringup/environment/ament_prefix_path.dsv
[1.553s] -- Installing: /home/kirill/ROS/ex03/install/robot_bringup/share/robot_bringup/environment/path.sh
[1.554s] -- Installing: /home/kirill/ROS/ex03/install/robot_bringup/share/robot_bringup/environment/path.dsv
[1.554s] -- Installing: /home/kirill/ROS/ex03/install/robot_bringup/share/robot_bringup/local_setup.bash
[1.554s] -- Installing: /home/kirill/ROS/ex03/install/robot_bringup/share/robot_bringup/local_setup.sh
[1.555s] -- Installing: /home/kirill/ROS/ex03/install/robot_bringup/share/robot_bringup/local_setup.zsh
[1.558s] -- Installing: /home/kirill/ROS/ex03/install/robot_bringup/share/robot_bringup/local_setup.dsv
[1.559s] -- Installing: /home/kirill/ROS/ex03/install/robot_bringup/share/robot_bringup/package.dsv
[1.560s] -- Installing: /home/kirill/ROS/ex03/install/robot_bringup/share/ament_index/resource_index/packages/robot_bringup
[1.560s] -- Installing: /home/kirill/ROS/ex03/install/robot_bringup/share/robot_bringup/cmake/robot_bringupConfig.cmake
[1.560s] -- Installing: /home/kirill/ROS/ex03/install/robot_bringup/share/robot_bringup/cmake/robot_bringupConfig-version.cmake
[1.560s] -- Installing: /home/kirill/ROS/ex03/install/robot_bringup/share/robot_bringup/package.xml
[1.574s] Invoked command in '/home/kirill/ROS/ex03/build/robot_bringup' returned '0': CMAKE_PREFIX_PATH=${CMAKE_PREFIX_PATH}:/home/kirill/ros2_ws/install/mizkus:/opt/ros/humble /usr/bin/cmake --install /home/kirill/ROS/ex03/build/robot_bringup
